Loading parflow-ml/latest
  Loading requirement: openmpi/gcc/4.1.0 parflow/3.9.0 gdal/3.2.1
0 (100.0, 5e-05)
1 (100.0, 0.0001)
[(100.0, 5e-05), (100.0, 0.0001)]
(100.0, 5e-05)
/home/qh8373/SBI_TAYLOR/data/02_PARFLOW_OUT/0819_01_K-100.0-M-5e-05-_1995
/hydrodata/PFCLM/Taylor/Simulations/1995/Taylor_1995.out.press.00000.pfb
Solver: Field BinaryOutDir is not part of the expected schema <class 'parflow.tools.database.generated.Solver'>
running from 0 or 0 to 8760
K 100.0
mannings 5e-05
Starting Distribution Inputs/Forcing
Done distributing forcing
Starting run

# ==============================================================================
# ParFlow directory
#  - /home/SHARED/software/parflow/3.9.0
# ParFlow version
#  - 3.7.0
# Working directory
#  - /home/qh8373/SBI_TAYLOR/data/02_PARFLOW_OUT/0819_01_K-100.0-M-5e-05-_1995
# ParFlow database
#  - Taylor_1995.pfidb
# ==============================================================================


# ==============================================================================
# ParFlow ran successfully 💦 💦 💦 
# ==============================================================================

(100.0, 0.0001)
/home/qh8373/SBI_TAYLOR/data/02_PARFLOW_OUT/0819_01_K-100.0-M-0.0001-_1995
/hydrodata/PFCLM/Taylor/Simulations/1995/Taylor_1995.out.press.00000.pfb
Solver: Field BinaryOutDir is not part of the expected schema <class 'parflow.tools.database.generated.Solver'>
running from 0 or 0 to 8760
K 100.0
mannings 0.0001
Starting Distribution Inputs/Forcing
Done distributing forcing
Starting run

# ==============================================================================
# ParFlow directory
#  - /home/SHARED/software/parflow/3.9.0
# ParFlow version
#  - 3.7.0
# Working directory
#  - /home/qh8373/SBI_TAYLOR/data/02_PARFLOW_OUT/0819_01_K-100.0-M-0.0001-_1995
# ParFlow database
#  - Taylor_1995.pfidb
# ==============================================================================


# ==============================================================================
# ParFlow ran successfully 💦 💦 💦 
# ==============================================================================

