Loading parflow-ml/latest
  Loading requirement: openmpi/gcc/4.1.0 parflow/3.9.0 gdal/3.2.1
10
(0.001, 1e-08)
/scratch/taylor/ensembles_sbi/02_PARFLOW_OUT/0819_01_K-0.001-M-1e-08-_1995
/hydrodata/PFCLM/Taylor/Simulations/1995/Taylor_1995.out.press.00000.pfb
(0.001, 1e-07)
/scratch/taylor/ensembles_sbi/02_PARFLOW_OUT/0819_01_K-0.001-M-1e-07-_1995
/hydrodata/PFCLM/Taylor/Simulations/1995/Taylor_1995.out.press.00000.pfb
(0.001, 2.5e-07)
/scratch/taylor/ensembles_sbi/02_PARFLOW_OUT/0819_01_K-0.001-M-2.5e-07-_1995
/hydrodata/PFCLM/Taylor/Simulations/1995/Taylor_1995.out.press.00000.pfb
(0.001, 5e-07)
/scratch/taylor/ensembles_sbi/02_PARFLOW_OUT/0819_01_K-0.001-M-5e-07-_1995
/hydrodata/PFCLM/Taylor/Simulations/1995/Taylor_1995.out.press.00000.pfb
(0.001, 7.5e-07)
/scratch/taylor/ensembles_sbi/02_PARFLOW_OUT/0819_01_K-0.001-M-7.5e-07-_1995
/hydrodata/PFCLM/Taylor/Simulations/1995/Taylor_1995.out.press.00000.pfb
(0.001, 1e-06)
/scratch/taylor/ensembles_sbi/02_PARFLOW_OUT/0819_01_K-0.001-M-1e-06-_1995
/hydrodata/PFCLM/Taylor/Simulations/1995/Taylor_1995.out.press.00000.pfb
(0.001, 2.5e-06)
/scratch/taylor/ensembles_sbi/02_PARFLOW_OUT/0819_01_K-0.001-M-2.5e-06-_1995
/hydrodata/PFCLM/Taylor/Simulations/1995/Taylor_1995.out.press.00000.pfb
(0.001, 5e-06)
/scratch/taylor/ensembles_sbi/02_PARFLOW_OUT/0819_01_K-0.001-M-5e-06-_1995
/hydrodata/PFCLM/Taylor/Simulations/1995/Taylor_1995.out.press.00000.pfb
(0.001, 7.5e-06)
/scratch/taylor/ensembles_sbi/02_PARFLOW_OUT/0819_01_K-0.001-M-7.5e-06-_1995
/hydrodata/PFCLM/Taylor/Simulations/1995/Taylor_1995.out.press.00000.pfb
(0.001, 1e-05)
/scratch/taylor/ensembles_sbi/02_PARFLOW_OUT/0819_01_K-0.001-M-1e-05-_1995
/hydrodata/PFCLM/Taylor/Simulations/1995/Taylor_1995.out.press.00000.pfb
