Loading parflow-ml/latest
  Loading requirement: openmpi/gcc/4.1.0 parflow/3.9.0 gdal/3.2.1
warning: file exists
[[258.31725015 222.98368567 239.92112159 ... 274.24849021 258.05963932
  213.81402975]
 [ 13.97288854  23.73948049  27.03718685 ...  37.25003506  17.60603728
   23.28536515]
 [  7.50099684  15.69311475  11.06817001 ...   7.02800736   9.35488555
    6.67576889]]
0
[1.11229681e-310 1.11229681e-310 0.00000000e+000 0.00000000e+000
 1.75055224e+002 2.23049326e+002 2.11873591e+002 2.05276695e+002
 2.46799185e+002 1.84433499e+002 1.97444133e+002 2.18505187e+002
 2.59584990e+002 2.20170828e+002 1.57039519e+002 1.48309463e+002
 2.12810621e+002 1.11229573e-310 1.11225607e-310 4.66116347e-310
 4.66116347e-310 4.66116347e-310 0.00000000e+000 0.00000000e+000
 0.00000000e+000 0.00000000e+000 0.00000000e+000 0.00000000e+000
 0.00000000e+000 0.00000000e+000 0.00000000e+000 0.00000000e+000
 0.00000000e+000 0.00000000e+000 0.00000000e+000 1.11229611e-310
 1.11225616e-310 1.11225610e-310 1.11225610e-310 1.11225610e-310
 1.11225610e-310 1.11225610e-310 1.11225616e-310 1.11225610e-310
 1.11229573e-310 1.70762814e+002 1.55218382e+002 1.66321588e+002
 1.64181499e+002 1.53446223e+002 1.60128418e+002 3.24601129e-321
 0.00000000e+000 4.66116391e-310 2.89028403e-321             nan
 1.82793898e+002 0.00000000e+000 3.50443428e-033 1.48541334e-076
 3.50443428e-033 1.48541334e-076 1.39804329e-076 1.39803697e-076
 1.39804329e-076 1.39803697e-076 1.69218092e-052 1.39642640e-076
 2.58080642e-057 1.39642641e-076 1.08481382e-042 1.39642638e-076
 8.16464484e-043 1.39642640e-076 9.95654167e-043 1.18295401e-076
 3.22114499e-057 1.18295665e-076 3.69969487e-057 1.18295268e-076
 2.52577425e-052 1.18295533e-076 4.07920674e-033 1.21090217e-099
 1.57009451e-076 1.21268198e-099 9.49763647e-043 1.21290434e-099
 5.93049745e-038 1.21156925e-099 8.54510897e-072 2.78733000e+179
 8.54400421e-072 3.11467434e+179 8.54400418e-072 3.75860643e+179
 1.03330764e-047 3.76113168e+179 4.04669518e-086 9.05801375e-043
 4.04681179e-086 9.05801375e-043 3.24250591e-086 1.39804329e-076
 3.24250590e-086 1.39804329e-076 6.92611987e-077 1.39804329e-076
 6.99021643e-077 1.39804329e-076 6.99021643e-077 1.39804329e-076
 6.99021643e-077 1.39804329e-076 2.44150977e-154 1.39804329e-076
 1.20737373e-153 1.39804329e-076 1.20737373e-153 1.39804329e-076
 1.20737373e-153 1.39804329e-076 1.31608290e-259 1.39804329e-076
 1.39803697e-076 1.39804329e-076 1.39803697e-076 1.39804329e-076
 1.39803697e-076 3.50443428e-033 1.48541334e-076 2.29793971e+002
 2.17825358e+002 4.19461733e-321 0.00000000e+000 4.66116391e-310
 3.85371204e-321             nan 1.94269124e+002 0.00000000e+000
 3.50443428e-033 1.48541334e-076 3.50443428e-033 1.48541334e-076
 1.39804329e-076 1.39803697e-076 1.39804329e-076 1.39803697e-076
 1.69218092e-052 1.39642640e-076 2.58080642e-057 1.39642641e-076
 1.08481382e-042 1.39642638e-076 8.16464484e-043 1.39642640e-076
 9.95654167e-043 1.18295401e-076 3.22114499e-057 1.18295665e-076
 3.69969487e-057 1.18295268e-076 2.52577425e-052 1.18295533e-076
 4.07920674e-033 1.21090217e-099 1.57009451e-076 1.21268198e-099
 9.49763647e-043 1.21290434e-099 5.93049745e-038 1.21156925e-099
 8.54510897e-072 2.78733000e+179 8.54400421e-072 3.11467434e+179
 8.54400418e-072 3.75860643e+179 1.03330764e-047 3.76113168e+179
 4.04669518e-086 9.05801375e-043 4.04681179e-086 9.05801375e-043
 3.24250591e-086 1.39804329e-076 3.24250590e-086 1.39804329e-076
 6.92611987e-077 1.39804329e-076 6.99021643e-077 1.39804329e-076
 6.99021643e-077 1.39804329e-076 6.99021643e-077 1.39804329e-076
 2.44150977e-154 1.39804329e-076 1.20737373e-153 1.39804329e-076
 1.20737373e-153 1.39804329e-076 1.20737373e-153 1.39804329e-076
 1.31608290e-259 1.39804329e-076 1.39803697e-076 1.39804329e-076
 1.39803697e-076 1.39804329e-076 1.39803697e-076 3.50443428e-033
 1.48541334e-076 6.74784595e-067 1.08539816e-071 6.74784595e-067
 1.08539814e-071 6.74784595e-067 1.08539814e-071 6.74784595e-067
 1.08539814e-071 6.37690842e-067 3.57279674e-062 6.37690842e-067
 3.57279674e-062 6.37690842e-067 3.57280787e-062 6.37690842e-067
 3.57279674e-062 9.72378280e-072 5.20365408e-090 2.00190162e-076
 1.21178815e-099 2.21134081e-052 1.21134776e-099 1.51764709e-047
 1.21268720e-099 2.25281255e+002 2.27225763e+002 3.79936482e-321
 1.11229681e-310 1.11229681e-310 2.77779143e+002 2.77750280e+002
 2.49017856e+002 2.65106575e+002 2.32051084e+002 2.25605077e+002
 2.33461229e+002 2.40690791e+002 2.48013425e+002 2.50270941e+002
 2.52083273e+002 2.49032017e+002 2.38322582e+002 2.65984551e+002
 2.63870723e+002 2.29841700e+002 2.34046837e+002 2.69173882e+002
 2.82703275e+002 2.64433932e+002 2.46711494e+002 2.44855383e+002
 2.38441576e+002 2.48771599e+002 2.32296234e+002 2.31498572e+002
 2.30980742e+002 2.35057148e+002 2.38381299e+002 2.51185028e+002
 2.55783322e+002 2.40756079e+002 2.18821557e+002 2.31209030e+002
 2.54070815e+002 2.60733464e+002 2.54616125e+002 2.56150111e+002
 2.68868913e+002 2.71811663e+002 2.77460857e+002 2.79323610e+002
 2.85021039e+002 2.78887527e+002 2.60377515e+002 2.64026212e+002
 2.43417246e+002 2.67961618e+002 2.72539195e+002 2.62515774e+002
 2.98437526e+002 2.92885779e+002 2.83634493e+002 3.04146998e+002
 2.94545926e+002 2.77959681e+002 2.78330201e+002 2.63797649e+002
 2.99392609e+002 2.79450719e+002 2.71789447e+002 2.64936567e+002
 2.51946554e+002 1.20671087e-318 1.11229681e-310 1.11229681e-310
 0.00000000e+000 0.00000000e+000 2.75470385e+002 2.84070773e+002
 2.80504729e+002 2.50105826e+002 2.49780966e+002 2.35235813e+002
 2.18106126e+002 2.32576181e+002 2.36943676e+002 2.30116517e+002
 2.31482185e+002 2.48490679e+002 2.56544383e+002 2.26221195e+002
 2.55961484e+002 2.06611922e+002 1.68370104e+002 1.95117155e+002
 2.26905409e+002 1.85567379e+002 2.47314321e+002 2.33053918e+002
 2.74248490e+002 2.58059639e+002 3.79442416e-321 2.92486862e-321
 9.88131292e-324 1.58101007e-322 4.66116336e-310 4.44659081e-323
 5.92878775e-323 -9.60071710e+303 2.48074452e-265             nan
 1.62597454e-260 -4.41783467e-302 1.11226657e-310 0.00000000e+000
 -6.20435880e-303 1.11226657e-310 0.00000000e+000 4.90471177e+273
 1.11226657e-310 0.00000000e+000 -3.12435992e+072 1.11226657e-310
 0.00000000e+000 -8.94036852e+260 1.11229574e-310 0.00000000e+000
 -3.86947598e+070 1.11226657e-310 0.00000000e+000 -1.67720589e+060
 1.11226657e-310]
              DLWR
0    1.112297e-310
1    1.112297e-310
2     0.000000e+00
3     0.000000e+00
4     1.750552e+02
..             ...
360  -3.869476e+70
361  1.112267e-310
362   0.000000e+00
363  -1.677206e+60
364  1.112267e-310

[365 rows x 1 columns]
