Loading parflow-ml/latest
  Loading requirement: openmpi/gcc/4.1.0 parflow/3.9.0 gdal/3.2.1
warning: file exists
[[258.31725015 222.98368567 239.92112159 ... 274.24849021 258.05963932
  213.81402975]
 [ 13.97288854  23.73948049  27.03718685 ...  37.25003506  17.60603728
   23.28536515]
 [  7.50099684  15.69311475  11.06817001 ...   7.02800736   9.35488555
    6.67576889]]
0
[2.58317250e+002 0.00000000e+000 0.00000000e+000 0.00000000e+000
 0.00000000e+000 0.00000000e+000 0.00000000e+000 0.00000000e+000
 0.00000000e+000 0.00000000e+000 0.00000000e+000 0.00000000e+000
 0.00000000e+000 0.00000000e+000 0.00000000e+000 0.00000000e+000
 0.00000000e+000 0.00000000e+000 0.00000000e+000 0.00000000e+000
 0.00000000e+000 0.00000000e+000 0.00000000e+000 1.14820357e-310
 1.14820357e-310 1.14824444e-310 1.14821149e-310 4.67130253e-310
 1.97199798e+002 2.16314240e+002 1.76106312e+002 3.24601129e-321
 0.00000000e+000 0.00000000e+000 0.00000000e+000 4.67130078e-310
 1.58101007e-322 1.14820364e-310 1.14821111e-310 1.14824446e-310
 1.14821114e-310 0.00000000e+000 4.67130338e-310 0.00000000e+000
 0.00000000e+000 1.48309463e+002 0.00000000e+000 3.60739284e-311
 2.23375000e+002 2.23958882e+002 1.85956781e+002 2.18282480e+002
 1.63042658e+002 1.43644314e+002 1.65060428e+002 1.82691715e+002
 2.19124448e+002 1.82306512e+002 1.98568793e+002 1.55418460e+002
 1.80476229e+002 1.73058001e+002 1.60569084e+002 1.76870704e+002
 2.12202921e+002 2.44358778e+002 2.47419325e+002 2.06274469e+002
 1.67233977e+002 1.45883485e+002 1.51273415e+002 1.69851192e+002
 1.82979989e+002 1.97214669e+002 1.67196168e+002 1.70762814e+002
 1.55218382e+002 1.66321588e+002 1.64181499e+002 0.00000000e+000
 0.00000000e+000 0.00000000e+000 0.00000000e+000 0.00000000e+000
 0.00000000e+000 0.00000000e+000 0.00000000e+000 0.00000000e+000
 0.00000000e+000 0.00000000e+000 0.00000000e+000 0.00000000e+000
 0.00000000e+000 0.00000000e+000 0.00000000e+000 0.00000000e+000
 0.00000000e+000 0.00000000e+000 0.00000000e+000 0.00000000e+000
 0.00000000e+000 0.00000000e+000 0.00000000e+000 0.00000000e+000
 0.00000000e+000 1.14820358e-310 1.14820358e-310 1.14821115e-310
 1.14820363e-310 1.58118474e+002 1.60367033e+002 1.59814794e+002
 1.56452739e+002 3.24601129e-321 0.00000000e+000 0.00000000e+000
 4.94065646e-324 4.67130078e-310 1.63041663e-322 4.67130338e-310
 1.14821404e-310 1.14824446e-310 1.14821404e-310 0.00000000e+000
 4.67130338e-310 0.00000000e+000 0.00000000e+000 4.94065646e-324
 0.00000000e+000 1.58088686e-311 2.12199579e-314 0.00000000e+000
 0.00000000e+000 0.00000000e+000 0.00000000e+000 0.00000000e+000
 0.00000000e+000 1.14820357e-310 1.14820357e-310 1.14824444e-310
 1.14821149e-310 4.67130253e-310 1.97199798e+002 2.16314240e+002
 1.76106312e+002 3.24601129e-321 0.00000000e+000 0.00000000e+000
 0.00000000e+000 4.67130078e-310 1.58101007e-322 1.14820364e-310
 1.14821111e-310 1.14824446e-310 1.14821114e-310 0.00000000e+000
 4.67130338e-310 0.00000000e+000 0.00000000e+000 1.48309463e+002
 0.00000000e+000 1.14824320e-310 1.14820355e-310 4.67130079e-310
 4.67130079e-310 4.67130079e-310 0.00000000e+000 0.00000000e+000
 0.00000000e+000 0.00000000e+000 0.00000000e+000 0.00000000e+000
 0.00000000e+000 0.00000000e+000 0.00000000e+000 0.00000000e+000
 0.00000000e+000 0.00000000e+000 0.00000000e+000 1.14824358e-310
 1.14820363e-310 1.14820357e-310 1.14820357e-310 1.14820357e-310
 1.14820357e-310 1.14820357e-310 1.14820363e-310 1.14820358e-310
 1.14824320e-310 1.70762814e+002 1.55218382e+002 1.66321588e+002
 1.64181499e+002 0.00000000e+000 0.00000000e+000 3.24601129e-321
 0.00000000e+000 4.67130212e-310 2.89028403e-321             nan
 1.12646967e-321 0.00000000e+000 7.71278101e-043 6.00452306e-067
 1.39804329e-076 1.39803697e-076 1.39804329e-076 1.39803697e-076
 1.39804329e-076 1.39803697e-076 1.39804328e-076 1.39642638e-076
 1.39804328e-076 1.39642638e-076 1.39804328e-076 1.39642638e-076
 1.39804328e-076 1.39642638e-076 1.39804065e-076 1.18295070e-076
 1.39804065e-076 1.18295070e-076 1.39804065e-076 1.18295070e-076
 1.39804065e-076 1.18295070e-076 1.39736850e-076 1.21089429e-099
 1.39736850e-076 1.21089429e-099 1.39736850e-076 1.21089429e-099
 1.39736850e-076 1.21089429e-099 1.30354280e-076 2.62395837e+179
 1.30354290e-076 2.62395837e+179 1.30354290e-076 2.62395837e+179
 1.30354290e-076 2.62395837e+179 3.24238931e-086 1.39804329e-076
 3.24250590e-086 1.39804329e-076 3.24250590e-086 1.39804329e-076
 3.44358237e-086 9.50638823e-043 4.53910193e-072 2.00334848e-052
 4.58111261e-072 3.21866558e-057 4.58111261e-072 2.73887110e-057
 1.28946856e-057 1.89894515e-052 2.44151121e-154 1.13105670e-042
 1.35654054e-153 7.48969867e-067 1.35654054e-153 5.39366502e-062
 1.35654054e-153 9.72824837e-072 1.39802051e-259 1.39804329e-076
 1.39803697e-076 1.39804329e-076 1.39803697e-076 1.39804329e-076
 1.39803697e-076 1.65747495e-076 1.48541334e-076 2.29793971e+002
 2.17825358e+002 4.19461733e-321 0.00000000e+000 4.67130212e-310
 3.85371204e-321             nan 1.94269124e+002 0.00000000e+000
 7.71278101e-043 6.00452306e-067 1.39804329e-076 1.39803697e-076
 1.39804329e-076 1.39803697e-076 1.39804329e-076 1.39803697e-076
 1.39804328e-076 1.39642638e-076 1.39804328e-076 1.39642638e-076
 1.39804328e-076 1.39642638e-076 1.39804328e-076 1.39642638e-076
 1.39804065e-076 1.18295070e-076 1.39804065e-076 1.18295070e-076
 1.39804065e-076 1.18295070e-076 1.39804065e-076 1.18295070e-076
 1.39736850e-076 1.21089429e-099 1.39736850e-076 1.21089429e-099
 1.39736850e-076 1.21089429e-099 1.39736850e-076 1.21089429e-099
 1.30354280e-076 2.62395837e+179 1.30354290e-076 2.62395837e+179
 1.30354290e-076 2.62395837e+179 1.30354290e-076 2.62395837e+179
 3.24238931e-086 1.39804329e-076 3.24250590e-086 1.39804329e-076
 3.24250590e-086 1.39804329e-076 3.44358237e-086 9.50638823e-043
 4.53910193e-072 2.00334848e-052 4.58111261e-072 3.21866558e-057
 4.58111261e-072 2.73887110e-057 1.28946856e-057 1.89894515e-052
 2.44151121e-154 1.13105670e-042 1.35654054e-153 7.48969867e-067
 1.35654054e-153 5.39366502e-062 1.35654054e-153 9.72824837e-072
 1.39802051e-259 1.39804329e-076 1.39803697e-076 1.39804329e-076
 1.39803697e-076 1.39804329e-076 1.39803697e-076 1.65747495e-076
 1.48541334e-076 1.48711035e-076 7.11326544e-067 8.97771636e-067
 1.08539816e-071 8.97771636e-067 1.08539815e-071 8.97771636e-067
 1.08539816e-071]
             DLWR
0    2.583173e+02
1    0.000000e+00
2    0.000000e+00
3    0.000000e+00
4    0.000000e+00
..            ...
360  1.085398e-71
361  8.977716e-67
362  1.085398e-71
363  8.977716e-67
364  1.085398e-71

[365 rows x 1 columns]
