Loading parflow-ml/latest
  Loading requirement: openmpi/gcc/4.1.0 parflow/3.9.0 gdal/3.2.1
warning: file exists
[[258.31725015 222.98368567 239.92112159 ... 274.24849021 258.05963932
  213.81402975]
 [ 13.97288854  23.73948049  27.03718685 ...  37.25003506  17.60603728
   23.28536515]
 [  7.50099684  15.69311475  11.06817001 ...   7.02800736   9.35488555
    6.67576889]]
0
[258.31725015  13.97288854   7.50099684]
              DLWR
0     2.583173e+02
1     0.000000e+00
2     0.000000e+00
3     0.000000e+00
4     0.000000e+00
..             ...
360  5.237096e-322
361  5.286502e-322
362  5.335909e-322
363  5.385316e-322
364  5.434722e-322

[365 rows x 1 columns]
