Loading parflow-ml/latest
  Loading requirement: openmpi/gcc/4.1.0 parflow/3.9.0 gdal/3.2.1
warning: file exists
[[258.31725015 222.98368567 239.92112159 ... 274.24849021 258.05963932
  213.81402975]
 [ 13.97288854  23.73948049  27.03718685 ...  37.25003506  17.60603728
   23.28536515]
 [  7.50099684  15.69311475  11.06817001 ...   7.02800736   9.35488555
    6.67576889]]
0
[239.92112159  27.03718685  11.06817001]
              DLWR
0     2.583173e+02
1     2.229837e+02
2     2.399211e+02
3     2.636721e+02
4     2.626441e+02
..             ...
360  1.531604e-321
361  1.536544e-321
362  1.541485e-321
363  1.546425e-321
364  1.551366e-321

[365 rows x 1 columns]
