Loading parflow-ml/latest
  Loading requirement: openmpi/gcc/4.1.0 parflow/3.9.0 gdal/3.2.1
/home/SHARED/software/anaconda3/2020.07e/lib/python3.8/site-packages/setuptools/distutils_patch.py:25: UserWarning: Distutils was imported before Setuptools. This usage is discouraged and may exhibit undesirable behaviors or errors. Please use Setuptools' objects directly or at least import Setuptools first.
  warnings.warn(
30
Traceback (most recent call last):
  File "lstm_sbi.py", line 217, in <module>
    unique_series = createYHatList(DataY_test, series_len, num_unique,
  File "/home/qh8373/SBI_TAYLOR/sbi_taylor/scripts/05_utils/sbiutils.py", line 136, in createYHatList
    y_hat_out = createYHat(y_hat, stat_method, stat_typ=stat_typ, embed_type=embed_type)
  File "/home/qh8373/SBI_TAYLOR/sbi_taylor/scripts/05_utils/sbiutils.py", line 121, in createYHat
    stat_test = setStatSim(y_hat, stat_typ)
  File "/home/qh8373/SBI_TAYLOR/sbi_taylor/scripts/05_utils/summaryutils.py", line 124, in setStatSim
    stat_sim.append(summary(y_o, typ=stat))
  File "/home/qh8373/SBI_TAYLOR/sbi_taylor/scripts/05_utils/summaryutils.py", line 114, in summary
    stat = _operations(y,typ)
  File "/home/qh8373/SBI_TAYLOR/sbi_taylor/scripts/05_utils/summaryutils.py", line 92, in _operations
    return {
  File "/home/qh8373/SBI_TAYLOR/sbi_taylor/scripts/05_utils/summaryutils.py", line 95, in <lambda>
    3: lambda: _q_95(y),
  File "/home/qh8373/SBI_TAYLOR/sbi_taylor/scripts/05_utils/summaryutils.py", line 24, in _q_95
    return np.quantile(y, 0.95)
  File "<__array_function__ internals>", line 5, in quantile
  File "/home/SHARED/software/anaconda3/2020.07e/lib/python3.8/site-packages/numpy/lib/function_base.py", line 3930, in quantile
    return _quantile_unchecked(
  File "/home/SHARED/software/anaconda3/2020.07e/lib/python3.8/site-packages/numpy/lib/function_base.py", line 3937, in _quantile_unchecked
    r, k = _ureduce(a, func=_quantile_ureduce_func, q=q, axis=axis, out=out,
  File "/home/SHARED/software/anaconda3/2020.07e/lib/python3.8/site-packages/numpy/lib/function_base.py", line 3490, in _ureduce
    a = np.asanyarray(a)
  File "/home/SHARED/software/anaconda3/2020.07e/lib/python3.8/site-packages/numpy/core/_asarray.py", line 171, in asanyarray
    return array(a, dtype, copy=False, order=order, subok=True)
  File "/home/qh8373/.local/lib/python3.8/site-packages/torch/_tensor.py", line 643, in __array__
    return self.numpy()
RuntimeError: Can't call numpy() on Tensor that requires grad. Use tensor.detach().numpy() instead.
