Loading parflow-ml/latest
  Loading requirement: openmpi/gcc/4.1.0 parflow/3.9.0 gdal/3.2.1
/home/qh8373/SBI_TAYLOR/sbi_taylor/scripts/05_utils/lstmutils.py:177: SettingWithCopyWarning: 
A value is trying to be set on a copy of a slice from a DataFrame.
Try using .loc[row_indexer,col_indexer] = value instead

See the caveats in the documentation: https://pandas.pydata.org/pandas-docs/stable/user_guide/indexing.html#returning-a-view-versus-a-copy
  data_window[f'AOC_{l}'] = AOC_scale[l]
/home/qh8373/SBI_TAYLOR/sbi_taylor/scripts/05_utils/lstmutils.py:179: SettingWithCopyWarning: 
A value is trying to be set on a copy of a slice from a DataFrame.
Try using .loc[row_indexer,col_indexer] = value instead

See the caveats in the documentation: https://pandas.pydata.org/pandas-docs/stable/user_guide/indexing.html#returning-a-view-versus-a-copy
  data_window['Y'] = data[member_name]
The PostScript backend does not support transparency; partially transparent artists will be rendered opaque.
The PostScript backend does not support transparency; partially transparent artists will be rendered opaque.
The PostScript backend does not support transparency; partially transparent artists will be rendered opaque.
The PostScript backend does not support transparency; partially transparent artists will be rendered opaque.
The PostScript backend does not support transparency; partially transparent artists will be rendered opaque.
The PostScript backend does not support transparency; partially transparent artists will be rendered opaque.
The PostScript backend does not support transparency; partially transparent artists will be rendered opaque.
The PostScript backend does not support transparency; partially transparent artists will be rendered opaque.
The PostScript backend does not support transparency; partially transparent artists will be rendered opaque.
The PostScript backend does not support transparency; partially transparent artists will be rendered opaque.
The PostScript backend does not support transparency; partially transparent artists will be rendered opaque.
The PostScript backend does not support transparency; partially transparent artists will be rendered opaque.
The PostScript backend does not support transparency; partially transparent artists will be rendered opaque.
The PostScript backend does not support transparency; partially transparent artists will be rendered opaque.
The PostScript backend does not support transparency; partially transparent artists will be rendered opaque.
The PostScript backend does not support transparency; partially transparent artists will be rendered opaque.
The PostScript backend does not support transparency; partially transparent artists will be rendered opaque.
The PostScript backend does not support transparency; partially transparent artists will be rendered opaque.
The PostScript backend does not support transparency; partially transparent artists will be rendered opaque.
The PostScript backend does not support transparency; partially transparent artists will be rendered opaque.
The PostScript backend does not support transparency; partially transparent artists will be rendered opaque.
The PostScript backend does not support transparency; partially transparent artists will be rendered opaque.
The PostScript backend does not support transparency; partially transparent artists will be rendered opaque.
The PostScript backend does not support transparency; partially transparent artists will be rendered opaque.
The PostScript backend does not support transparency; partially transparent artists will be rendered opaque.
The PostScript backend does not support transparency; partially transparent artists will be rendered opaque.
The PostScript backend does not support transparency; partially transparent artists will be rendered opaque.
The PostScript backend does not support transparency; partially transparent artists will be rendered opaque.
The PostScript backend does not support transparency; partially transparent artists will be rendered opaque.
The PostScript backend does not support transparency; partially transparent artists will be rendered opaque.
The PostScript backend does not support transparency; partially transparent artists will be rendered opaque.
The PostScript backend does not support transparency; partially transparent artists will be rendered opaque.
The PostScript backend does not support transparency; partially transparent artists will be rendered opaque.
The PostScript backend does not support transparency; partially transparent artists will be rendered opaque.
The PostScript backend does not support transparency; partially transparent artists will be rendered opaque.
The PostScript backend does not support transparency; partially transparent artists will be rendered opaque.
The PostScript backend does not support transparency; partially transparent artists will be rendered opaque.
The PostScript backend does not support transparency; partially transparent artists will be rendered opaque.
The PostScript backend does not support transparency; partially transparent artists will be rendered opaque.
The PostScript backend does not support transparency; partially transparent artists will be rendered opaque.
The PostScript backend does not support transparency; partially transparent artists will be rendered opaque.
The PostScript backend does not support transparency; partially transparent artists will be rendered opaque.
The PostScript backend does not support transparency; partially transparent artists will be rendered opaque.
The PostScript backend does not support transparency; partially transparent artists will be rendered opaque.
The PostScript backend does not support transparency; partially transparent artists will be rendered opaque.
The PostScript backend does not support transparency; partially transparent artists will be rendered opaque.
The PostScript backend does not support transparency; partially transparent artists will be rendered opaque.
The PostScript backend does not support transparency; partially transparent artists will be rendered opaque.
The PostScript backend does not support transparency; partially transparent artists will be rendered opaque.
The PostScript backend does not support transparency; partially transparent artists will be rendered opaque.
The PostScript backend does not support transparency; partially transparent artists will be rendered opaque.
The PostScript backend does not support transparency; partially transparent artists will be rendered opaque.
The PostScript backend does not support transparency; partially transparent artists will be rendered opaque.
The PostScript backend does not support transparency; partially transparent artists will be rendered opaque.
The PostScript backend does not support transparency; partially transparent artists will be rendered opaque.
The PostScript backend does not support transparency; partially transparent artists will be rendered opaque.
The PostScript backend does not support transparency; partially transparent artists will be rendered opaque.
The PostScript backend does not support transparency; partially transparent artists will be rendered opaque.
The PostScript backend does not support transparency; partially transparent artists will be rendered opaque.
The PostScript backend does not support transparency; partially transparent artists will be rendered opaque.
The PostScript backend does not support transparency; partially transparent artists will be rendered opaque.
The PostScript backend does not support transparency; partially transparent artists will be rendered opaque.
The PostScript backend does not support transparency; partially transparent artists will be rendered opaque.
The PostScript backend does not support transparency; partially transparent artists will be rendered opaque.
The PostScript backend does not support transparency; partially transparent artists will be rendered opaque.
The PostScript backend does not support transparency; partially transparent artists will be rendered opaque.
The PostScript backend does not support transparency; partially transparent artists will be rendered opaque.
The PostScript backend does not support transparency; partially transparent artists will be rendered opaque.
The PostScript backend does not support transparency; partially transparent artists will be rendered opaque.
The PostScript backend does not support transparency; partially transparent artists will be rendered opaque.
The PostScript backend does not support transparency; partially transparent artists will be rendered opaque.
The PostScript backend does not support transparency; partially transparent artists will be rendered opaque.
The PostScript backend does not support transparency; partially transparent artists will be rendered opaque.
The PostScript backend does not support transparency; partially transparent artists will be rendered opaque.
The PostScript backend does not support transparency; partially transparent artists will be rendered opaque.
The PostScript backend does not support transparency; partially transparent artists will be rendered opaque.
The PostScript backend does not support transparency; partially transparent artists will be rendered opaque.
The PostScript backend does not support transparency; partially transparent artists will be rendered opaque.
The PostScript backend does not support transparency; partially transparent artists will be rendered opaque.
The PostScript backend does not support transparency; partially transparent artists will be rendered opaque.
The PostScript backend does not support transparency; partially transparent artists will be rendered opaque.
The PostScript backend does not support transparency; partially transparent artists will be rendered opaque.
The PostScript backend does not support transparency; partially transparent artists will be rendered opaque.
The PostScript backend does not support transparency; partially transparent artists will be rendered opaque.
The PostScript backend does not support transparency; partially transparent artists will be rendered opaque.
The PostScript backend does not support transparency; partially transparent artists will be rendered opaque.
The PostScript backend does not support transparency; partially transparent artists will be rendered opaque.
The PostScript backend does not support transparency; partially transparent artists will be rendered opaque.
The PostScript backend does not support transparency; partially transparent artists will be rendered opaque.
The PostScript backend does not support transparency; partially transparent artists will be rendered opaque.
The PostScript backend does not support transparency; partially transparent artists will be rendered opaque.
The PostScript backend does not support transparency; partially transparent artists will be rendered opaque.
The PostScript backend does not support transparency; partially transparent artists will be rendered opaque.
The PostScript backend does not support transparency; partially transparent artists will be rendered opaque.
The PostScript backend does not support transparency; partially transparent artists will be rendered opaque.
The PostScript backend does not support transparency; partially transparent artists will be rendered opaque.
The PostScript backend does not support transparency; partially transparent artists will be rendered opaque.
The PostScript backend does not support transparency; partially transparent artists will be rendered opaque.
The PostScript backend does not support transparency; partially transparent artists will be rendered opaque.
The PostScript backend does not support transparency; partially transparent artists will be rendered opaque.
The PostScript backend does not support transparency; partially transparent artists will be rendered opaque.
The PostScript backend does not support transparency; partially transparent artists will be rendered opaque.
The PostScript backend does not support transparency; partially transparent artists will be rendered opaque.
The PostScript backend does not support transparency; partially transparent artists will be rendered opaque.
The PostScript backend does not support transparency; partially transparent artists will be rendered opaque.
The PostScript backend does not support transparency; partially transparent artists will be rendered opaque.
The PostScript backend does not support transparency; partially transparent artists will be rendered opaque.
The PostScript backend does not support transparency; partially transparent artists will be rendered opaque.
The PostScript backend does not support transparency; partially transparent artists will be rendered opaque.
The PostScript backend does not support transparency; partially transparent artists will be rendered opaque.
The PostScript backend does not support transparency; partially transparent artists will be rendered opaque.
The PostScript backend does not support transparency; partially transparent artists will be rendered opaque.
The PostScript backend does not support transparency; partially transparent artists will be rendered opaque.
The PostScript backend does not support transparency; partially transparent artists will be rendered opaque.
The PostScript backend does not support transparency; partially transparent artists will be rendered opaque.
The PostScript backend does not support transparency; partially transparent artists will be rendered opaque.
The PostScript backend does not support transparency; partially transparent artists will be rendered opaque.
The PostScript backend does not support transparency; partially transparent artists will be rendered opaque.
The PostScript backend does not support transparency; partially transparent artists will be rendered opaque.
The PostScript backend does not support transparency; partially transparent artists will be rendered opaque.
The PostScript backend does not support transparency; partially transparent artists will be rendered opaque.
The PostScript backend does not support transparency; partially transparent artists will be rendered opaque.
The PostScript backend does not support transparency; partially transparent artists will be rendered opaque.
The PostScript backend does not support transparency; partially transparent artists will be rendered opaque.
The PostScript backend does not support transparency; partially transparent artists will be rendered opaque.
The PostScript backend does not support transparency; partially transparent artists will be rendered opaque.
The PostScript backend does not support transparency; partially transparent artists will be rendered opaque.
The PostScript backend does not support transparency; partially transparent artists will be rendered opaque.
The PostScript backend does not support transparency; partially transparent artists will be rendered opaque.
The PostScript backend does not support transparency; partially transparent artists will be rendered opaque.
The PostScript backend does not support transparency; partially transparent artists will be rendered opaque.
The PostScript backend does not support transparency; partially transparent artists will be rendered opaque.
The PostScript backend does not support transparency; partially transparent artists will be rendered opaque.
The PostScript backend does not support transparency; partially transparent artists will be rendered opaque.
The PostScript backend does not support transparency; partially transparent artists will be rendered opaque.
The PostScript backend does not support transparency; partially transparent artists will be rendered opaque.
The PostScript backend does not support transparency; partially transparent artists will be rendered opaque.
The PostScript backend does not support transparency; partially transparent artists will be rendered opaque.
The PostScript backend does not support transparency; partially transparent artists will be rendered opaque.
The PostScript backend does not support transparency; partially transparent artists will be rendered opaque.
The PostScript backend does not support transparency; partially transparent artists will be rendered opaque.
The PostScript backend does not support transparency; partially transparent artists will be rendered opaque.
The PostScript backend does not support transparency; partially transparent artists will be rendered opaque.
The PostScript backend does not support transparency; partially transparent artists will be rendered opaque.
saving
09_04_test_14days_00
Epoch: 0, loss: 0.00430
Epoch: 1, loss: 0.00585
Epoch: 2, loss: 0.00460
Epoch: 3, loss: 0.00358
Epoch: 4, loss: 0.00309
Epoch: 5, loss: 0.00140
Epoch: 6, loss: 0.00087
Epoch: 7, loss: 0.00065
Epoch: 8, loss: 0.00054
Epoch: 9, loss: 0.00048
Epoch: 10, loss: 0.00045
Epoch: 11, loss: 0.00043
Epoch: 12, loss: 0.00041
Epoch: 13, loss: 0.00039
Epoch: 14, loss: 0.00037
Epoch: 15, loss: 0.00034
Epoch: 16, loss: 0.00030
Epoch: 17, loss: 0.00026
Epoch: 18, loss: 0.00022
Epoch: 19, loss: 0.00019
Epoch: 20, loss: 0.00016
Epoch: 21, loss: 0.00014
Epoch: 22, loss: 0.00012
Epoch: 23, loss: 0.00012
Epoch: 24, loss: 0.00011
Epoch: 25, loss: 0.00011
Epoch: 26, loss: 0.00011
Epoch: 27, loss: 0.00011
Epoch: 28, loss: 0.00012
Epoch: 29, loss: 0.00012
Epoch: 30, loss: 0.00012
Epoch: 31, loss: 0.00012
Epoch: 32, loss: 0.00012
Epoch: 33, loss: 0.00012
Epoch: 34, loss: 0.00012
Epoch: 35, loss: 0.00012
Epoch: 36, loss: 0.00012
Epoch: 37, loss: 0.00012
Epoch: 38, loss: 0.00012
Epoch: 39, loss: 0.00012
Epoch: 40, loss: 0.00012
Epoch: 41, loss: 0.00012
Epoch: 42, loss: 0.00012
Epoch: 43, loss: 0.00012
Epoch: 44, loss: 0.00012
Epoch: 45, loss: 0.00012
Epoch: 46, loss: 0.00012
Epoch: 47, loss: 0.00012
Epoch: 48, loss: 0.00012
Epoch: 49, loss: 0.00013
Epoch: 50, loss: 0.00013
Epoch: 51, loss: 0.00014
Epoch: 52, loss: 0.00014
Epoch: 53, loss: 0.00015
Epoch: 54, loss: 0.00015
Epoch: 55, loss: 0.00016
Epoch: 56, loss: 0.00016
Epoch: 57, loss: 0.00016
Epoch: 58, loss: 0.00017
Epoch: 59, loss: 0.00017
Epoch: 60, loss: 0.00018
Epoch: 61, loss: 0.00019
Epoch: 62, loss: 0.00020
Epoch: 63, loss: 0.00021
Epoch: 64, loss: 0.00023
Epoch: 65, loss: 0.00024
Epoch: 66, loss: 0.00025
Epoch: 67, loss: 0.00026
Epoch: 68, loss: 0.00027
Epoch: 69, loss: 0.00028
Epoch: 70, loss: 0.00029
Epoch: 71, loss: 0.00029
Epoch: 72, loss: 0.00030
Epoch: 73, loss: 0.00031
Epoch: 74, loss: 0.00031
Epoch: 75, loss: 0.00031
Epoch: 76, loss: 0.00031
Epoch: 77, loss: 0.00030
Epoch: 78, loss: 0.00030
Epoch: 79, loss: 0.00029
Epoch: 80, loss: 0.00029
Epoch: 81, loss: 0.00029
Epoch: 82, loss: 0.00029
Epoch: 83, loss: 0.00030
Epoch: 84, loss: 0.00031
Epoch: 85, loss: 0.00033
Epoch: 86, loss: 0.00035
Epoch: 87, loss: 0.00037
Epoch: 88, loss: 0.00038
Epoch: 89, loss: 0.00038
Epoch: 90, loss: 0.00037
Epoch: 91, loss: 0.00035
Epoch: 92, loss: 0.00033
Epoch: 93, loss: 0.00032
Epoch: 94, loss: 0.00032
Epoch: 95, loss: 0.00033
Epoch: 96, loss: 0.00035
Epoch: 97, loss: 0.00047
Epoch: 98, loss: 0.00048
Epoch: 99, loss: 0.00032
Epoch: 100, loss: 0.00026
Epoch: 101, loss: 0.00029
Epoch: 102, loss: 0.00029
Epoch: 103, loss: 0.00029
Epoch: 104, loss: 0.00028
Epoch: 105, loss: 0.00029
Epoch: 106, loss: 0.00032
Epoch: 107, loss: 0.00039
Epoch: 108, loss: 0.00093
Epoch: 109, loss: 0.00029
Epoch: 110, loss: 0.00030
Epoch: 111, loss: 0.00029
Epoch: 112, loss: 0.00018
Epoch: 113, loss: 0.00027
Epoch: 114, loss: 0.00028
Epoch: 115, loss: 0.00031
Epoch: 116, loss: 0.00031
Epoch: 117, loss: 0.00030
Epoch: 118, loss: 0.00028
Epoch: 119, loss: 0.00027
Epoch: 120, loss: 0.00027
Epoch: 121, loss: 0.00025
Epoch: 122, loss: 0.00026
Epoch: 123, loss: 0.00021
Epoch: 124, loss: 0.00025
Epoch: 125, loss: 0.00024
Epoch: 126, loss: 0.00022
Epoch: 127, loss: 0.00025
Epoch: 128, loss: 0.00023
Epoch: 129, loss: 0.00025
Epoch: 130, loss: 0.00022
Epoch: 131, loss: 0.00025
Epoch: 132, loss: 0.00025
Epoch: 133, loss: 0.00025
Epoch: 134, loss: 0.00026
Epoch: 135, loss: 0.00026
Epoch: 136, loss: 0.00026
Epoch: 137, loss: 0.00027
Epoch: 138, loss: 0.00025
Epoch: 139, loss: 0.00026
Epoch: 140, loss: 0.00029
Epoch: 141, loss: 0.00029
Epoch: 142, loss: 0.00028
Epoch: 143, loss: 0.00027
Epoch: 144, loss: 0.00028
Epoch: 145, loss: 0.00019
Epoch: 146, loss: 0.00039
Epoch: 147, loss: 0.00025
Epoch: 148, loss: 0.00042
Epoch: 149, loss: 0.00021
Epoch: 150, loss: 0.00029
Epoch: 151, loss: 0.00027
Epoch: 152, loss: 0.00026
Epoch: 153, loss: 0.00027
Epoch: 154, loss: 0.00028
Epoch: 155, loss: 0.00028
Epoch: 156, loss: 0.00029
Epoch: 157, loss: 0.00022
Epoch: 158, loss: 0.00037
Epoch: 159, loss: 0.00079
Epoch: 160, loss: 0.00039
Epoch: 161, loss: 0.00030
Epoch: 162, loss: 0.00025
Epoch: 163, loss: 0.00027
Epoch: 164, loss: 0.00028
Epoch: 165, loss: 0.00029
Epoch: 166, loss: 0.00029
Epoch: 167, loss: 0.00029
Epoch: 168, loss: 0.00027
Epoch: 169, loss: 0.00027
Epoch: 170, loss: 0.00029
Epoch: 171, loss: 0.00028
Epoch: 172, loss: 0.00023
Epoch: 173, loss: 0.00029
Epoch: 174, loss: 0.00031
Epoch: 175, loss: 0.00029
Epoch: 176, loss: 0.00030
Epoch: 177, loss: 0.00029
Epoch: 178, loss: 0.00030
Epoch: 179, loss: 0.00029
Epoch: 180, loss: 0.00029
Epoch: 181, loss: 0.00036
Epoch: 182, loss: 0.00025
Epoch: 183, loss: 0.00027
Epoch: 184, loss: 0.00032
Epoch: 185, loss: 0.00032
Epoch: 186, loss: 0.00031
Epoch: 187, loss: 0.00031
Epoch: 188, loss: 0.00030
Epoch: 189, loss: 0.00030
Epoch: 190, loss: 0.00030
Epoch: 191, loss: 0.00031
Epoch: 192, loss: 0.00031
Epoch: 193, loss: 0.00031
Epoch: 194, loss: 0.00030
Epoch: 195, loss: 0.00030
Epoch: 196, loss: 0.00030
Epoch: 197, loss: 0.00030
Epoch: 198, loss: 0.00030
Epoch: 199, loss: 0.00030
Epoch: 200, loss: 0.00031
Epoch: 201, loss: 0.00031
Epoch: 202, loss: 0.00032
Epoch: 203, loss: 0.00033
Epoch: 204, loss: 0.00032
Epoch: 205, loss: 0.00032
Epoch: 206, loss: 0.00033
Epoch: 207, loss: 0.00034
Epoch: 208, loss: 0.00032
Epoch: 209, loss: 0.00033
Epoch: 210, loss: 0.00049
Epoch: 211, loss: 0.00019
Epoch: 212, loss: 0.00032
Epoch: 213, loss: 0.00028
Epoch: 214, loss: 0.00028
Epoch: 215, loss: 0.00029
Epoch: 216, loss: 0.00029
Epoch: 217, loss: 0.00029
Epoch: 218, loss: 0.00029
Epoch: 219, loss: 0.00029
Epoch: 220, loss: 0.00029
Epoch: 221, loss: 0.00028
Epoch: 222, loss: 0.00028
Epoch: 223, loss: 0.00028
Epoch: 224, loss: 0.00028
Epoch: 225, loss: 0.00027
Epoch: 226, loss: 0.00027
Epoch: 227, loss: 0.00027
Epoch: 228, loss: 0.00027
Epoch: 229, loss: 0.00027
Epoch: 230, loss: 0.00027
Epoch: 231, loss: 0.00027
Epoch: 232, loss: 0.00027
Epoch: 233, loss: 0.00027
Epoch: 234, loss: 0.00027
Epoch: 235, loss: 0.00027
Epoch: 236, loss: 0.00026
Epoch: 237, loss: 0.00026
Epoch: 238, loss: 0.00026
Epoch: 239, loss: 0.00025
Epoch: 240, loss: 0.00021
Epoch: 241, loss: 0.00027
Epoch: 242, loss: 0.00021
Epoch: 243, loss: 0.00053
Epoch: 244, loss: 0.00017
Epoch: 245, loss: 0.00023
Epoch: 246, loss: 0.00024
Epoch: 247, loss: 0.00020
Epoch: 248, loss: 0.00021
Epoch: 249, loss: 0.00022
Epoch: 250, loss: 0.00022
Epoch: 251, loss: 0.00022
Epoch: 252, loss: 0.00021
Epoch: 253, loss: 0.00021
Epoch: 254, loss: 0.00020
Epoch: 255, loss: 0.00019
Epoch: 256, loss: 0.00018
Epoch: 257, loss: 0.00019
Epoch: 258, loss: 0.00018
Epoch: 259, loss: 0.00018
Epoch: 260, loss: 0.00024
Epoch: 261, loss: 0.00020
Epoch: 262, loss: 0.00043
Epoch: 263, loss: 0.00023
Epoch: 264, loss: 0.00026
Epoch: 265, loss: 0.00019
Epoch: 266, loss: 0.00018
Epoch: 267, loss: 0.00019
Epoch: 268, loss: 0.00019
Epoch: 269, loss: 0.00018
Epoch: 270, loss: 0.00017
Epoch: 271, loss: 0.00016
Epoch: 272, loss: 0.00017
Epoch: 273, loss: 0.00016
Epoch: 274, loss: 0.00026
Epoch: 275, loss: 0.00021
Epoch: 276, loss: 0.00023
Epoch: 277, loss: 0.00018
Epoch: 278, loss: 0.00018
Epoch: 279, loss: 0.00018
Epoch: 280, loss: 0.00018
Epoch: 281, loss: 0.00017
Epoch: 282, loss: 0.00015
Epoch: 283, loss: 0.00016
Epoch: 284, loss: 0.00015
Epoch: 285, loss: 0.00041
Epoch: 286, loss: 0.00037
Epoch: 287, loss: 0.00032
Epoch: 288, loss: 0.00022
Epoch: 289, loss: 0.00020
Epoch: 290, loss: 0.00020
Epoch: 291, loss: 0.00020
Epoch: 292, loss: 0.00019
Epoch: 293, loss: 0.00019
Epoch: 294, loss: 0.00019
Epoch: 295, loss: 0.00018
Epoch: 296, loss: 0.00018
Epoch: 297, loss: 0.00018
Epoch: 298, loss: 0.00019
Epoch: 299, loss: 0.00019

0:01:42.294049
the relationship between loss and epochs for given hyper parameters
test
The test R-squared value for lstm-parflow is: 0.805639691606469
The test summary stats (RMSE, NSE, KGE) for lstm-parflow are: 
 [0.4712334  0.80563968 0.65680979]
train
The train R-squared value for lstm-parflow is: 0.9239319069541239
The train summary stats (RMSE, NSE, KGE) for lstm-parflow are: 
 [0.20396264 0.92393191 0.9398695 ]
val
The val R-squared value for lstm-parflow is: 0.8370384124997037
The val summary stats (RMSE, NSE, KGE) for lstm-parflow are: 
 [0.35532869 0.83703841 0.79245186]
warning: file exists
saving ensemble members
saving complete
warning: file exists
saving all ensemble
saving complete
