Loading parflow-ml/latest
  Loading requirement: openmpi/gcc/4.1.0 parflow/3.9.0 gdal/3.2.1
/home/SHARED/software/anaconda3/2020.07e/lib/python3.8/site-packages/setuptools/distutils_patch.py:25: UserWarning: Distutils was imported before Setuptools. This usage is discouraged and may exhibit undesirable behaviors or errors. Please use Setuptools' objects directly or at least import Setuptools first.
  warnings.warn(
Drawing 5000 posterior samples:   0%|          | 0/5000 [00:00<?, ?it/s]Drawing 5000 posterior samples: 12982it [00:00, 460772.89it/s]          
/home/qh8373/SBI_TAYLOR/sbi_taylor/scripts/05_utils/posteriorsamputils.py:96: RuntimeWarning: Mean of empty slice.
  log_prob_true_thetas_ind[i] = np.take(log_probability, theta_idx)[0].mean()
/home/SHARED/software/anaconda3/2020.07e/lib/python3.8/site-packages/numpy/core/_methods.py:188: RuntimeWarning: invalid value encountered in true_divide
  ret = ret.dtype.type(ret / rcount)
lstm_sbi.py:368: UserWarning: To copy construct from a tensor, it is recommended to use sourceTensor.clone().detach() or sourceTensor.clone().detach().requires_grad_(True), rather than torch.tensor(sourceTensor).
  points=torch.tensor(true_theta),
/home/SHARED/software/anaconda3/2020.07e/lib/python3.8/site-packages/pandas/core/internals/blocks.py:867: FutureWarning: The input object of type 'Tensor' is an array-like implementing one of the corresponding protocols (`__array__`, `__array_interface__` or `__array_struct__`); but not a sequence (or 0-D). In the future, this object will be coerced as if it was first converted using `np.array(obj)`. To retain the old behaviour, you have to either modify the type 'Tensor', or assign to an empty array created with `np.empty(correct_shape, dtype=object)`.
  arr_value = np.array(value)
/home/SHARED/software/anaconda3/2020.07e/lib/python3.8/site-packages/pandas/core/internals/blocks.py:867: VisibleDeprecationWarning: Creating an ndarray from ragged nested sequences (which is a list-or-tuple of lists-or-tuples-or ndarrays with different lengths or shapes) is deprecated. If you meant to do this, you must specify 'dtype=object' when creating the ndarray.
  arr_value = np.array(value)
Drawing 5000 posterior samples:   0%|          | 0/5000 [00:00<?, ?it/s]Drawing 5000 posterior samples: 6632it [00:00, 271140.98it/s]           
lstm_sbi.py:368: UserWarning: To copy construct from a tensor, it is recommended to use sourceTensor.clone().detach() or sourceTensor.clone().detach().requires_grad_(True), rather than torch.tensor(sourceTensor).
  points=torch.tensor(true_theta),
/home/SHARED/software/anaconda3/2020.07e/lib/python3.8/site-packages/pandas/core/internals/blocks.py:867: FutureWarning: The input object of type 'Tensor' is an array-like implementing one of the corresponding protocols (`__array__`, `__array_interface__` or `__array_struct__`); but not a sequence (or 0-D). In the future, this object will be coerced as if it was first converted using `np.array(obj)`. To retain the old behaviour, you have to either modify the type 'Tensor', or assign to an empty array created with `np.empty(correct_shape, dtype=object)`.
  arr_value = np.array(value)
/home/SHARED/software/anaconda3/2020.07e/lib/python3.8/site-packages/pandas/core/internals/blocks.py:867: VisibleDeprecationWarning: Creating an ndarray from ragged nested sequences (which is a list-or-tuple of lists-or-tuples-or ndarrays with different lengths or shapes) is deprecated. If you meant to do this, you must specify 'dtype=object' when creating the ndarray.
  arr_value = np.array(value)
warning: file exists
warning: file exists
<class 'torch.Tensor'>
<class 'numpy.float32'>
log prob true -2.530696
warning: file exists
<class 'torch.Tensor'>
<class 'numpy.float32'>
log prob true 4.8159943
