Loading parflow-ml/latest
  Loading requirement: openmpi/gcc/4.1.0 parflow/3.9.0 gdal/3.2.1
/home/qh8373/SBI_TAYLOR/sbi_taylor/scripts/05_utils/lstmutils.py:177: SettingWithCopyWarning: 
A value is trying to be set on a copy of a slice from a DataFrame.
Try using .loc[row_indexer,col_indexer] = value instead

See the caveats in the documentation: https://pandas.pydata.org/pandas-docs/stable/user_guide/indexing.html#returning-a-view-versus-a-copy
  data_window[f'AOC_{l}'] = AOC_scale[l]
/home/qh8373/SBI_TAYLOR/sbi_taylor/scripts/05_utils/lstmutils.py:179: SettingWithCopyWarning: 
A value is trying to be set on a copy of a slice from a DataFrame.
Try using .loc[row_indexer,col_indexer] = value instead

See the caveats in the documentation: https://pandas.pydata.org/pandas-docs/stable/user_guide/indexing.html#returning-a-view-versus-a-copy
  data_window['Y'] = data[member_name]
warning: file exists
saving
Epoch: 0, loss: 0.00332
Epoch: 1, loss: 0.00574
Epoch: 2, loss: 0.00669
Epoch: 3, loss: 0.00848
Epoch: 4, loss: 0.01073
Epoch: 5, loss: 0.01217
Epoch: 6, loss: 0.01266
Epoch: 7, loss: 0.01265
Epoch: 8, loss: 0.01237
Epoch: 9, loss: 0.01196
Epoch: 10, loss: 0.01145
Epoch: 11, loss: 0.01085
Epoch: 12, loss: 0.01014
Epoch: 13, loss: 0.00931
Epoch: 14, loss: 0.00835
Epoch: 15, loss: 0.00730
Epoch: 16, loss: 0.00622
Epoch: 17, loss: 0.00519
Epoch: 18, loss: 0.00430
Epoch: 19, loss: 0.00357
Epoch: 20, loss: 0.00295
Epoch: 21, loss: 0.00239
Epoch: 22, loss: 0.00189
Epoch: 23, loss: 0.00149
Epoch: 24, loss: 0.00125
Epoch: 25, loss: 0.00115
Epoch: 26, loss: 0.00112
Epoch: 27, loss: 0.00114
Epoch: 28, loss: 0.00118
Epoch: 29, loss: 0.00122
Epoch: 30, loss: 0.00126
Epoch: 31, loss: 0.00127
Epoch: 32, loss: 0.00128
Epoch: 33, loss: 0.00126
Epoch: 34, loss: 0.00123
Epoch: 35, loss: 0.00119
Epoch: 36, loss: 0.00114
Epoch: 37, loss: 0.00109
Epoch: 38, loss: 0.00104
Epoch: 39, loss: 0.00099
Epoch: 40, loss: 0.00094
Epoch: 41, loss: 0.00089
Epoch: 42, loss: 0.00084
Epoch: 43, loss: 0.00080
Epoch: 44, loss: 0.00076
Epoch: 45, loss: 0.00072
Epoch: 46, loss: 0.00069
Epoch: 47, loss: 0.00069
Epoch: 48, loss: 0.00070
Epoch: 49, loss: 0.00074
Epoch: 50, loss: 0.00079
Epoch: 51, loss: 0.00084
Epoch: 52, loss: 0.00090
Epoch: 53, loss: 0.00094
Epoch: 54, loss: 0.00097
Epoch: 55, loss: 0.00100
Epoch: 56, loss: 0.00101
Epoch: 57, loss: 0.00102
Epoch: 58, loss: 0.00103
Epoch: 59, loss: 0.00102
Epoch: 60, loss: 0.00102
Epoch: 61, loss: 0.00101
Epoch: 62, loss: 0.00101
Epoch: 63, loss: 0.00100
Epoch: 64, loss: 0.00099
Epoch: 65, loss: 0.00098
Epoch: 66, loss: 0.00097
Epoch: 67, loss: 0.00096
Epoch: 68, loss: 0.00095
Epoch: 69, loss: 0.00094
Epoch: 70, loss: 0.00093
Epoch: 71, loss: 0.00092
Epoch: 72, loss: 0.00091
Epoch: 73, loss: 0.00090
Epoch: 74, loss: 0.00089
Epoch: 75, loss: 0.00088
Epoch: 76, loss: 0.00087
Epoch: 77, loss: 0.00086
Epoch: 78, loss: 0.00085
Epoch: 79, loss: 0.00084
Epoch: 80, loss: 0.00083
Epoch: 81, loss: 0.00082
Epoch: 82, loss: 0.00081
Epoch: 83, loss: 0.00081
Epoch: 84, loss: 0.00080
Epoch: 85, loss: 0.00079
Epoch: 86, loss: 0.00078
Epoch: 87, loss: 0.00077
Epoch: 88, loss: 0.00077
Epoch: 89, loss: 0.00076
Epoch: 90, loss: 0.00075
Epoch: 91, loss: 0.00075
Epoch: 92, loss: 0.00074
Epoch: 93, loss: 0.00073
Epoch: 94, loss: 0.00072
Epoch: 95, loss: 0.00072
Epoch: 96, loss: 0.00071
Epoch: 97, loss: 0.00071
Epoch: 98, loss: 0.00070
Epoch: 99, loss: 0.00069
Epoch: 100, loss: 0.00068
Epoch: 101, loss: 0.00069
Epoch: 102, loss: 0.00065
Epoch: 103, loss: 0.00074
Epoch: 104, loss: 0.00062
Epoch: 105, loss: 0.00086
Epoch: 106, loss: 0.00062
Epoch: 107, loss: 0.00073
Epoch: 108, loss: 0.00062
Epoch: 109, loss: 0.00067
Epoch: 110, loss: 0.00061
Epoch: 111, loss: 0.00065
Epoch: 112, loss: 0.00060
Epoch: 113, loss: 0.00064
Epoch: 114, loss: 0.00059
Epoch: 115, loss: 0.00063
Epoch: 116, loss: 0.00058
Epoch: 117, loss: 0.00062
Epoch: 118, loss: 0.00057
Epoch: 119, loss: 0.00061
Epoch: 120, loss: 0.00056
Epoch: 121, loss: 0.00059
Epoch: 122, loss: 0.00055
Epoch: 123, loss: 0.00058
Epoch: 124, loss: 0.00055
Epoch: 125, loss: 0.00056
Epoch: 126, loss: 0.00054
Epoch: 127, loss: 0.00055
Epoch: 128, loss: 0.00054
Epoch: 129, loss: 0.00054
Epoch: 130, loss: 0.00053
Epoch: 131, loss: 0.00053
Epoch: 132, loss: 0.00053
Epoch: 133, loss: 0.00053
Epoch: 134, loss: 0.00052
Epoch: 135, loss: 0.00052
Epoch: 136, loss: 0.00052
Epoch: 137, loss: 0.00052
Epoch: 138, loss: 0.00051
Epoch: 139, loss: 0.00051
Epoch: 140, loss: 0.00051
Epoch: 141, loss: 0.00050
Epoch: 142, loss: 0.00050
Epoch: 143, loss: 0.00050
Epoch: 144, loss: 0.00049
Epoch: 145, loss: 0.00049
Epoch: 146, loss: 0.00049
Epoch: 147, loss: 0.00048
Epoch: 148, loss: 0.00048
Epoch: 149, loss: 0.00048
Epoch: 150, loss: 0.00047
Epoch: 151, loss: 0.00047
Epoch: 152, loss: 0.00047
Epoch: 153, loss: 0.00047
Epoch: 154, loss: 0.00046
Epoch: 155, loss: 0.00046
Epoch: 156, loss: 0.00046
Epoch: 157, loss: 0.00045
Epoch: 158, loss: 0.00045
Epoch: 159, loss: 0.00045
Epoch: 160, loss: 0.00044
Epoch: 161, loss: 0.00044
Epoch: 162, loss: 0.00044
Epoch: 163, loss: 0.00043
Epoch: 164, loss: 0.00043
Epoch: 165, loss: 0.00043
Epoch: 166, loss: 0.00043
Epoch: 167, loss: 0.00042
Epoch: 168, loss: 0.00042
Epoch: 169, loss: 0.00042
Epoch: 170, loss: 0.00041
Epoch: 171, loss: 0.00041
Epoch: 172, loss: 0.00041
Epoch: 173, loss: 0.00040
Epoch: 174, loss: 0.00040
Epoch: 175, loss: 0.00040
Epoch: 176, loss: 0.00039
Epoch: 177, loss: 0.00039
Epoch: 178, loss: 0.00039
Epoch: 179, loss: 0.00038
Epoch: 180, loss: 0.00038
Epoch: 181, loss: 0.00038
Epoch: 182, loss: 0.00037
Epoch: 183, loss: 0.00037
Epoch: 184, loss: 0.00036
Epoch: 185, loss: 0.00036
Epoch: 186, loss: 0.00036
Epoch: 187, loss: 0.00035
Epoch: 188, loss: 0.00035
Epoch: 189, loss: 0.00035
Epoch: 190, loss: 0.00034
Epoch: 191, loss: 0.00034
Epoch: 192, loss: 0.00033
Epoch: 193, loss: 0.00033
Epoch: 194, loss: 0.00033
Epoch: 195, loss: 0.00032
Epoch: 196, loss: 0.00032
Epoch: 197, loss: 0.00032
Epoch: 198, loss: 0.00031
Epoch: 199, loss: 0.00031
Epoch: 200, loss: 0.00031
Epoch: 201, loss: 0.00030
Epoch: 202, loss: 0.00030
Epoch: 203, loss: 0.00029
Epoch: 204, loss: 0.00029
Epoch: 205, loss: 0.00029
Epoch: 206, loss: 0.00029
Epoch: 207, loss: 0.00028
Epoch: 208, loss: 0.00028
Epoch: 209, loss: 0.00028
Epoch: 210, loss: 0.00027
Epoch: 211, loss: 0.00027
Epoch: 212, loss: 0.00027
Epoch: 213, loss: 0.00027
Epoch: 214, loss: 0.00026
Epoch: 215, loss: 0.00026
Epoch: 216, loss: 0.00026
Epoch: 217, loss: 0.00026
Epoch: 218, loss: 0.00026
Epoch: 219, loss: 0.00025
Epoch: 220, loss: 0.00025
Epoch: 221, loss: 0.00025
Epoch: 222, loss: 0.00025
Epoch: 223, loss: 0.00025
Epoch: 224, loss: 0.00025
Epoch: 225, loss: 0.00024
Epoch: 226, loss: 0.00024
Epoch: 227, loss: 0.00024
Epoch: 228, loss: 0.00024
Epoch: 229, loss: 0.00024
Epoch: 230, loss: 0.00024
Epoch: 231, loss: 0.00024
Epoch: 232, loss: 0.00024
Epoch: 233, loss: 0.00023
Epoch: 234, loss: 0.00023
Epoch: 235, loss: 0.00023
Epoch: 236, loss: 0.00023
Epoch: 237, loss: 0.00023
Epoch: 238, loss: 0.00023
Epoch: 239, loss: 0.00023
Epoch: 240, loss: 0.00023
Epoch: 241, loss: 0.00023
Epoch: 242, loss: 0.00023
Epoch: 243, loss: 0.00022
Epoch: 244, loss: 0.00022
Epoch: 245, loss: 0.00022
Epoch: 246, loss: 0.00022
Epoch: 247, loss: 0.00022
Epoch: 248, loss: 0.00022
Epoch: 249, loss: 0.00022
Epoch: 250, loss: 0.00022
Epoch: 251, loss: 0.00022
Epoch: 252, loss: 0.00022
Epoch: 253, loss: 0.00023
Epoch: 254, loss: 0.00023
Epoch: 255, loss: 0.00022
Epoch: 256, loss: 0.00022
Epoch: 257, loss: 0.00022
Epoch: 258, loss: 0.00022
Epoch: 259, loss: 0.00021
Epoch: 260, loss: 0.00021
Epoch: 261, loss: 0.00021
Epoch: 262, loss: 0.00020
Epoch: 263, loss: 0.00020
Epoch: 264, loss: 0.00020
Epoch: 265, loss: 0.00020
Epoch: 266, loss: 0.00020
Epoch: 267, loss: 0.00020
Epoch: 268, loss: 0.00020
Epoch: 269, loss: 0.00020
Epoch: 270, loss: 0.00020
Epoch: 271, loss: 0.00020
Epoch: 272, loss: 0.00020
Epoch: 273, loss: 0.00020
Epoch: 274, loss: 0.00020
Epoch: 275, loss: 0.00021
Epoch: 276, loss: 0.00021
Epoch: 277, loss: 0.00021
Epoch: 278, loss: 0.00021
Epoch: 279, loss: 0.00021
Epoch: 280, loss: 0.00021
Epoch: 281, loss: 0.00021
Epoch: 282, loss: 0.00021
Epoch: 283, loss: 0.00021
Epoch: 284, loss: 0.00021
Epoch: 285, loss: 0.00022
Epoch: 286, loss: 0.00022
Epoch: 287, loss: 0.00022
Epoch: 288, loss: 0.00022
Epoch: 289, loss: 0.00022
Epoch: 290, loss: 0.00022
Epoch: 291, loss: 0.00022
Epoch: 292, loss: 0.00022
Epoch: 293, loss: 0.00023
Epoch: 294, loss: 0.00023
Epoch: 295, loss: 0.00023
Epoch: 296, loss: 0.00023
Epoch: 297, loss: 0.00023
Epoch: 298, loss: 0.00024
Epoch: 299, loss: 0.00024

0:00:42.450497
the relationship between loss and epochs for given hyper parameters
The test R-squared value for lstm-parflow is: 0.7677448849887324
The test summary stats (RMSE, NSE, KGE) for lstm-parflow are: 
 [0.27580104 0.7677449  0.70303222]
Traceback (most recent call last):
  File "lstm_sbi.py", line 62, in <module>
    buildLSTM(lstm_name, save_path, save, shuffle_it_in, num_members, ensemble_name, ensemble_path)
  File "/home/qh8373/SBI_TAYLOR/sbi_taylor/scripts/03_sbi_lstm/lstm_build.py", line 242, in buildLSTM
    evallstm(lstm_out, dataY=y_hat_list[idx], dataX=x_list[idx],
  File "/home/qh8373/SBI_TAYLOR/sbi_taylor/scripts/03_sbi_lstm/lstm_build_utils.py", line 295, in evallstm
    scatterStats(dataY_predict, dataY_hat, cond, save_path_out, save)
  File "/home/qh8373/SBI_TAYLOR/sbi_taylor/scripts/03_sbi_lstm/lstm_build_utils.py", line 244, in scatterStats
    fig.close()
AttributeError: 'Figure' object has no attribute 'close'
