Loading parflow-ml/latest
  Loading requirement: openmpi/gcc/4.1.0 parflow/3.9.0 gdal/3.2.1
/home/SHARED/software/anaconda3/2020.07e/lib/python3.8/site-packages/setuptools/distutils_patch.py:25: UserWarning: Distutils was imported before Setuptools. This usage is discouraged and may exhibit undesirable behaviors or errors. Please use Setuptools' objects directly or at least import Setuptools first.
  warnings.warn(
/home/qh8373/SBI_TAYLOR/sbi_taylor/scripts/05_utils/sbiutils.py:110: UserWarning: To copy construct from a tensor, it is recommended to use sourceTensor.clone().detach() or sourceTensor.clone().detach().requires_grad_(True), rather than torch.tensor(sourceTensor).
  return torch.tensor(y_out)
warning: file exists
100
warning: file exists
tensor([[ 1.0143e-03],
        [-3.5010e-03],
        [-5.0332e-04],
        [-2.1225e-03],
        [-2.3693e-05],
        [-6.1013e-04],
        [-4.3666e-04],
        [-2.9843e-04],
        [-1.2129e-04],
        [ 1.3205e-04],
        [-4.2589e-04],
        [-1.0201e-03],
        [-1.2400e-03],
        [-5.2838e-04],
        [ 1.2281e-03],
        [-1.8292e-04],
        [-1.1408e-03],
        [-9.6653e-04],
        [-1.3851e-03],
        [ 1.8999e-03],
        [-3.8028e-03],
        [-1.5249e-03],
        [-1.4288e-03],
        [ 1.7479e-05],
        [ 1.8484e-03],
        [-3.0282e-03],
        [-1.0390e-03],
        [-3.5578e-04],
        [-2.1508e-04],
        [-2.5048e-03],
        [ 1.0889e-03],
        [-2.4653e-03],
        [-3.3211e-03],
        [-9.5364e-04],
        [-1.4149e-03],
        [-4.2127e-04],
        [-2.6249e-03],
        [-2.7604e-03],
        [-1.5097e-03],
        [-2.2217e-03],
        [-1.9548e-03],
        [-2.3969e-03],
        [-1.8892e-03],
        [-9.9355e-04],
        [-2.8162e-03],
        [-3.7866e-03],
        [-3.4526e-03],
        [-3.6032e-03],
        [-1.3748e-03],
        [-1.9016e-03],
        [-1.2909e-03],
        [-1.2685e-03],
        [-1.5596e-03],
        [-1.4817e-03],
        [-6.6759e-04],
        [-2.5773e-03],
        [-4.2840e-03],
        [-3.4702e-03],
        [-3.4560e-03],
        [-1.6665e-03],
        [-2.6596e-03],
        [-1.7917e-03],
        [-3.7270e-03],
        [-2.9925e-03],
        [-2.0763e-03],
        [-1.6139e-03],
        [-2.9837e-03],
        [-3.6601e-03],
        [-3.5657e-03],
        [-2.1143e-03],
        [-1.6037e-03],
        [-3.4907e-03],
        [-2.3860e-03],
        [-3.3564e-03],
        [-2.6540e-03],
        [-2.1308e-03],
        [-2.2671e-03],
        [-3.9930e-03],
        [-1.8657e-03],
        [-3.7213e-03],
        [-2.7769e-03],
        [-4.3220e-03],
        [-2.4606e-03],
        [-3.9563e-03],
        [-1.0431e-03],
        [-6.5071e-04],
        [-9.4365e-04],
        [-1.9210e-03],
        [-4.1056e-04],
        [-7.0248e-04],
        [-2.0340e-03],
        [-2.2976e-03],
        [-2.9870e-03],
        [ 9.2731e-04],
        [-1.6512e-03],
        [-3.5633e-03],
        [-5.0359e-03],
        [-3.7033e-03],
        [-3.9391e-03],
        [-4.2752e-03],
        [-4.3031e-03],
        [-2.7762e-03],
        [-1.6998e-03],
        [-2.2265e-03],
        [-1.5638e-03],
        [-2.4411e-03],
        [-3.4432e-03],
        [-4.9304e-03],
        [-3.2313e-03],
        [-2.6569e-03],
        [-1.7552e-03],
        [-9.3923e-04],
        [-1.5517e-03],
        [-2.6665e-03],
        [-2.3104e-03],
        [-2.4504e-03],
        [-1.7492e-03],
        [-1.1450e-03],
        [-1.3613e-03],
        [-1.2139e-03],
        [-2.2805e-03],
        [-9.9662e-03],
        [-3.0385e-03],
        [-2.8516e-03],
        [ 2.3551e-05],
        [-1.9598e-03],
        [-1.4878e-03],
        [-2.2711e-03],
        [-1.8931e-03],
        [-9.9212e-04],
        [-3.0150e-04],
        [-1.7504e-03],
        [-9.0867e-04],
        [-1.0608e-03],
        [-2.0818e-03],
        [-1.3194e-03],
        [-8.0790e-04],
        [ 3.5986e-04],
        [-5.4862e-03],
        [-3.7934e-03],
        [-2.1631e-04],
        [-5.9067e-04],
        [ 8.6603e-04],
        [-5.9373e-03],
        [-2.1504e-03],
        [-3.0784e-03],
        [ 2.4311e-04],
        [-8.7465e-04],
        [ 3.9490e-04],
        [ 1.2076e-03],
        [ 4.4894e-04],
        [ 1.4672e-03],
        [ 1.0517e-03],
        [ 4.9467e-04],
        [ 9.8473e-04],
        [ 1.2244e-03],
        [ 2.4042e-03],
        [ 2.7218e-03],
        [ 2.4291e-04],
        [-4.3090e-04],
        [-6.1244e-06],
        [-3.6360e-03],
        [-2.1290e-03],
        [-3.2974e-03],
        [-2.6373e-03],
        [-1.6362e-03],
        [-1.9844e-03],
        [-3.3342e-03],
        [-3.1884e-03],
        [-1.5287e-03],
        [-1.6523e-03],
        [-1.2590e-03],
        [ 1.6809e-04],
        [ 1.1944e-03],
        [ 2.1623e-03],
        [ 2.1514e-03],
        [-6.3442e-05],
        [-2.0786e-03],
        [-7.9410e-04],
        [-1.2460e-03],
        [ 2.3549e-03],
        [ 3.3992e-03],
        [ 8.6036e-04],
        [-3.7383e-04],
        [-9.6241e-04],
        [-3.9532e-03],
        [-2.8555e-03],
        [-2.4351e-03],
        [-1.7694e-03],
        [-4.0399e-04],
        [ 9.7214e-04],
        [ 1.6190e-05],
        [ 2.4790e-04],
        [-1.1176e-06],
        [ 3.6135e-03],
        [ 2.0983e-03],
        [ 4.7022e-03],
        [ 4.2934e-03],
        [ 9.3708e-03],
        [ 9.3279e-03],
        [ 1.1424e-02],
        [ 8.6530e-03],
        [ 1.3552e-02],
        [ 1.2219e-02],
        [ 3.2765e-03],
        [ 7.5616e-03],
        [ 6.8085e-03],
        [ 6.1401e-03],
        [ 1.3242e-02],
        [ 1.0525e-02],
        [ 1.3229e-02],
        [ 1.0010e-02],
        [ 1.6513e-02],
        [ 1.7668e-02],
        [ 2.3013e-02],
        [ 2.7269e-02],
        [ 3.7460e-02],
        [ 3.5411e-02],
        [ 3.3670e-02],
        [ 3.8426e-02],
        [ 4.5362e-02],
        [ 3.5966e-02],
        [ 5.1404e-02],
        [ 5.0687e-02],
        [ 5.6310e-02],
        [ 6.0306e-02],
        [ 6.1946e-02],
        [ 7.1155e-02],
        [ 7.6114e-02],
        [ 7.1632e-02],
        [ 7.1748e-02],
        [ 7.9537e-02],
        [ 1.0289e-01],
        [ 1.1835e-01],
        [ 1.3897e-01],
        [ 1.6580e-01],
        [ 1.9067e-01],
        [ 1.9419e-01],
        [ 2.0521e-01],
        [ 2.2190e-01],
        [ 2.1469e-01],
        [ 2.2553e-01],
        [ 2.3535e-01],
        [ 2.3537e-01],
        [ 2.4805e-01],
        [ 2.6060e-01],
        [ 2.7297e-01],
        [ 2.8877e-01],
        [ 3.2412e-01],
        [ 4.1118e-01],
        [ 4.4231e-01],
        [ 4.4509e-01],
        [ 4.4746e-01],
        [ 3.8566e-01],
        [ 3.3688e-01],
        [ 3.0049e-01],
        [ 2.6569e-01],
        [ 2.4333e-01],
        [ 2.4283e-01],
        [ 2.3243e-01],
        [ 2.2108e-01],
        [ 2.1576e-01],
        [ 2.0194e-01],
        [ 1.9758e-01],
        [ 1.9524e-01],
        [ 2.1770e-01],
        [ 2.0266e-01],
        [ 1.9126e-01],
        [ 1.8753e-01],
        [ 1.7796e-01],
        [ 1.5874e-01],
        [ 1.3501e-01],
        [ 1.2048e-01],
        [ 1.0017e-01],
        [ 1.0846e-01],
        [ 1.0592e-01],
        [ 1.0603e-01],
        [ 9.2289e-02],
        [ 8.4261e-02],
        [ 7.7955e-02],
        [ 7.1199e-02],
        [ 6.2952e-02],
        [ 5.9857e-02],
        [ 5.5490e-02],
        [ 5.0318e-02],
        [ 4.3812e-02],
        [ 4.1284e-02],
        [ 4.5758e-02],
        [ 4.1949e-02],
        [ 3.3221e-02],
        [ 3.2827e-02],
        [ 3.1908e-02],
        [ 2.9822e-02],
        [ 2.7295e-02],
        [ 2.4540e-02],
        [ 2.2551e-02],
        [ 1.8171e-02],
        [ 1.5544e-02],
        [ 1.1565e-02],
        [ 1.1664e-02],
        [ 1.0678e-02],
        [ 9.0187e-03],
        [ 1.0770e-02],
        [ 9.9751e-03],
        [ 1.2725e-02],
        [ 9.9738e-03],
        [ 7.1079e-03],
        [ 5.2367e-03],
        [ 6.7035e-03],
        [ 4.5910e-03],
        [-4.4098e-04],
        [ 6.4766e-03],
        [ 1.4905e-04],
        [-2.8978e-04],
        [-1.4815e-03],
        [-3.6075e-03],
        [-6.1785e-03],
        [-2.1867e-03],
        [-6.0032e-03],
        [ 5.2417e-03],
        [ 5.1030e-03],
        [ 7.0310e-04],
        [ 1.4581e-03],
        [ 9.2034e-04],
        [-8.0114e-04],
        [-9.6885e-04],
        [-6.7156e-04],
        [ 6.1993e-03],
        [ 7.1397e-04],
        [-5.5897e-03],
        [ 2.1622e-04],
        [-1.9691e-03],
        [-2.5547e-03],
        [ 2.3222e-03],
        [ 6.3799e-03],
        [ 3.7080e-03],
        [ 3.6332e-03],
        [ 7.0436e-03],
        [ 4.8588e-03],
        [ 3.8564e-03],
        [ 4.4519e-03],
        [-2.2785e-03],
        [ 3.9438e-03],
        [-1.5186e-03],
        [-1.3321e-03],
        [-1.0859e-03],
        [ 2.3477e-05],
        [ 3.0713e-04],
        [ 1.8985e-03],
        [ 4.7962e-04]], grad_fn=<AddmmBackward>)
torch.Size([350, 1])

torch.Size([350])
noise_added

tensor([[ 0.0009,  0.0010,  0.0010,  ...,  0.0010,  0.0010,  0.0010],
        [-0.0036, -0.0036, -0.0035,  ..., -0.0035, -0.0035, -0.0035],
        [-0.0006, -0.0006, -0.0005,  ..., -0.0005, -0.0005, -0.0005],
        ...,
        [ 0.0002,  0.0002,  0.0003,  ...,  0.0003,  0.0003,  0.0003],
        [ 0.0018,  0.0018,  0.0019,  ...,  0.0019,  0.0019,  0.0019],
        [ 0.0004,  0.0004,  0.0005,  ...,  0.0004,  0.0005,  0.0005]],
       grad_fn=<AddBackward0>)
torch.Size([350, 350])
