Loading parflow-ml/latest
  Loading requirement: openmpi/gcc/4.1.0 parflow/3.9.0 gdal/3.2.1
/home/qh8373/SBI_TAYLOR/sbi_taylor/scripts/05_utils/lstmutils.py:177: SettingWithCopyWarning: 
A value is trying to be set on a copy of a slice from a DataFrame.
Try using .loc[row_indexer,col_indexer] = value instead

See the caveats in the documentation: https://pandas.pydata.org/pandas-docs/stable/user_guide/indexing.html#returning-a-view-versus-a-copy
  data_window[f'AOC_{l}'] = AOC_scale[l]
/home/qh8373/SBI_TAYLOR/sbi_taylor/scripts/05_utils/lstmutils.py:179: SettingWithCopyWarning: 
A value is trying to be set on a copy of a slice from a DataFrame.
Try using .loc[row_indexer,col_indexer] = value instead

See the caveats in the documentation: https://pandas.pydata.org/pandas-docs/stable/user_guide/indexing.html#returning-a-view-versus-a-copy
  data_window['Y'] = data[member_name]
warning: file exists
saving
Epoch: 0, loss: 0.00687
Epoch: 1, loss: 0.00854
Epoch: 2, loss: 0.00849
Epoch: 3, loss: 0.00836
Epoch: 4, loss: 0.00803
Epoch: 5, loss: 0.00747
Epoch: 6, loss: 0.00676
Epoch: 7, loss: 0.00608
Epoch: 8, loss: 0.00553
Epoch: 9, loss: 0.00514
Epoch: 10, loss: 0.00489
Epoch: 11, loss: 0.00474
Epoch: 12, loss: 0.00467
Epoch: 13, loss: 0.00465
Epoch: 14, loss: 0.00466
Epoch: 15, loss: 0.00468
Epoch: 16, loss: 0.00472
Epoch: 17, loss: 0.00476
Epoch: 18, loss: 0.00480
Epoch: 19, loss: 0.00484
Epoch: 20, loss: 0.00488
Epoch: 21, loss: 0.00492
Epoch: 22, loss: 0.00495
Epoch: 23, loss: 0.00498
Epoch: 24, loss: 0.00500
Epoch: 25, loss: 0.00501
Epoch: 26, loss: 0.00503
Epoch: 27, loss: 0.00509
Epoch: 28, loss: 0.00531
Epoch: 29, loss: 0.00606
Epoch: 30, loss: 0.00774
Epoch: 31, loss: 0.00929
Epoch: 32, loss: 0.01003
Epoch: 33, loss: 0.01028
Epoch: 34, loss: 0.01056
Epoch: 35, loss: 0.01090
Epoch: 36, loss: 0.01096
Epoch: 37, loss: 0.01080
Epoch: 38, loss: 0.01057
Epoch: 39, loss: 0.01029
Epoch: 40, loss: 0.01002
Epoch: 41, loss: 0.00975
Epoch: 42, loss: 0.00948
Epoch: 43, loss: 0.00922
Epoch: 44, loss: 0.00896
Epoch: 45, loss: 0.00869
Epoch: 46, loss: 0.00842
Epoch: 47, loss: 0.00814
Epoch: 48, loss: 0.00785
Epoch: 49, loss: 0.00756
Epoch: 50, loss: 0.00725
Epoch: 51, loss: 0.00694
Epoch: 52, loss: 0.00662
Epoch: 53, loss: 0.00630
Epoch: 54, loss: 0.00597
Epoch: 55, loss: 0.00564
Epoch: 56, loss: 0.00532
Epoch: 57, loss: 0.00500
Epoch: 58, loss: 0.00468
Epoch: 59, loss: 0.00438
Epoch: 60, loss: 0.00409
Epoch: 61, loss: 0.00383
Epoch: 62, loss: 0.00358
Epoch: 63, loss: 0.00335
Epoch: 64, loss: 0.00315
Epoch: 65, loss: 0.00297
Epoch: 66, loss: 0.00282
Epoch: 67, loss: 0.00268
Epoch: 68, loss: 0.00257
Epoch: 69, loss: 0.00247
Epoch: 70, loss: 0.00239
Epoch: 71, loss: 0.00233
Epoch: 72, loss: 0.00227
Epoch: 73, loss: 0.00222
Epoch: 74, loss: 0.00218
Epoch: 75, loss: 0.00215
Epoch: 76, loss: 0.00212
Epoch: 77, loss: 0.00209
Epoch: 78, loss: 0.00207
Epoch: 79, loss: 0.00205
Epoch: 80, loss: 0.00204
Epoch: 81, loss: 0.00202
Epoch: 82, loss: 0.00201
Epoch: 83, loss: 0.00200
Epoch: 84, loss: 0.00199
Epoch: 85, loss: 0.00198
Epoch: 86, loss: 0.00197
Epoch: 87, loss: 0.00197
Epoch: 88, loss: 0.00196
Epoch: 89, loss: 0.00196
Epoch: 90, loss: 0.00195
Epoch: 91, loss: 0.00195
Epoch: 92, loss: 0.00195
Epoch: 93, loss: 0.00194
Epoch: 94, loss: 0.00194
Epoch: 95, loss: 0.00194
Epoch: 96, loss: 0.00194
Epoch: 97, loss: 0.00194
Epoch: 98, loss: 0.00194
Epoch: 99, loss: 0.00194
Epoch: 100, loss: 0.00194
Epoch: 101, loss: 0.00194
Epoch: 102, loss: 0.00194
Epoch: 103, loss: 0.00194
Epoch: 104, loss: 0.00194
Epoch: 105, loss: 0.00194
Epoch: 106, loss: 0.00194
Epoch: 107, loss: 0.00194
Epoch: 108, loss: 0.00194
Epoch: 109, loss: 0.00194
Epoch: 110, loss: 0.00194
Epoch: 111, loss: 0.00194
Epoch: 112, loss: 0.00195
Epoch: 113, loss: 0.00195
Epoch: 114, loss: 0.00195
Epoch: 115, loss: 0.00195
Epoch: 116, loss: 0.00195
Epoch: 117, loss: 0.00195
Epoch: 118, loss: 0.00196
Epoch: 119, loss: 0.00196
Epoch: 120, loss: 0.00196
Epoch: 121, loss: 0.00196
Epoch: 122, loss: 0.00196
Epoch: 123, loss: 0.00197
Epoch: 124, loss: 0.00197
Epoch: 125, loss: 0.00197
Epoch: 126, loss: 0.00197
Epoch: 127, loss: 0.00197
Epoch: 128, loss: 0.00198
Epoch: 129, loss: 0.00198
Epoch: 130, loss: 0.00198
Epoch: 131, loss: 0.00198
Epoch: 132, loss: 0.00198
Epoch: 133, loss: 0.00199
Epoch: 134, loss: 0.00199
Epoch: 135, loss: 0.00199
Epoch: 136, loss: 0.00199
Epoch: 137, loss: 0.00199
Epoch: 138, loss: 0.00200
Epoch: 139, loss: 0.00200
Epoch: 140, loss: 0.00200
Epoch: 141, loss: 0.00200
Epoch: 142, loss: 0.00200
Epoch: 143, loss: 0.00201
Epoch: 144, loss: 0.00201
Epoch: 145, loss: 0.00201
Epoch: 146, loss: 0.00201
Epoch: 147, loss: 0.00201
Epoch: 148, loss: 0.00201
Epoch: 149, loss: 0.00201
Epoch: 150, loss: 0.00201
Epoch: 151, loss: 0.00202
Epoch: 152, loss: 0.00202
Epoch: 153, loss: 0.00202
Epoch: 154, loss: 0.00202
Epoch: 155, loss: 0.00202
Epoch: 156, loss: 0.00202
Epoch: 157, loss: 0.00202
Epoch: 158, loss: 0.00202
Epoch: 159, loss: 0.00202
Epoch: 160, loss: 0.00202
Epoch: 161, loss: 0.00202
Epoch: 162, loss: 0.00202
Epoch: 163, loss: 0.00202
Epoch: 164, loss: 0.00202
Epoch: 165, loss: 0.00202
Epoch: 166, loss: 0.00201
Epoch: 167, loss: 0.00201
Epoch: 168, loss: 0.00201
Epoch: 169, loss: 0.00201
Epoch: 170, loss: 0.00201
Epoch: 171, loss: 0.00201
Epoch: 172, loss: 0.00201
Epoch: 173, loss: 0.00201
Epoch: 174, loss: 0.00201
Epoch: 175, loss: 0.00200
Epoch: 176, loss: 0.00200
Epoch: 177, loss: 0.00200
Epoch: 178, loss: 0.00200
Epoch: 179, loss: 0.00200
Epoch: 180, loss: 0.00200
Epoch: 181, loss: 0.00199
Epoch: 182, loss: 0.00199
Epoch: 183, loss: 0.00199
Epoch: 184, loss: 0.00199
Epoch: 185, loss: 0.00199
Epoch: 186, loss: 0.00199
Epoch: 187, loss: 0.00199
Epoch: 188, loss: 0.00198
Epoch: 189, loss: 0.00198
Epoch: 190, loss: 0.00198
Epoch: 191, loss: 0.00198
Epoch: 192, loss: 0.00198
Epoch: 193, loss: 0.00198
Epoch: 194, loss: 0.00198
Epoch: 195, loss: 0.00197
Epoch: 196, loss: 0.00197
Epoch: 197, loss: 0.00197
Epoch: 198, loss: 0.00197
Epoch: 199, loss: 0.00197
Epoch: 200, loss: 0.00197
Epoch: 201, loss: 0.00197
Epoch: 202, loss: 0.00197
Epoch: 203, loss: 0.00197
Epoch: 204, loss: 0.00196
Epoch: 205, loss: 0.00196
Epoch: 206, loss: 0.00196
Epoch: 207, loss: 0.00196
Epoch: 208, loss: 0.00196
Epoch: 209, loss: 0.00196
Epoch: 210, loss: 0.00196
Epoch: 211, loss: 0.00196
Epoch: 212, loss: 0.00196
Epoch: 213, loss: 0.00196
Epoch: 214, loss: 0.00196
Epoch: 215, loss: 0.00196
Epoch: 216, loss: 0.00196
Epoch: 217, loss: 0.00196
Epoch: 218, loss: 0.00195
Epoch: 219, loss: 0.00195
Epoch: 220, loss: 0.00195
Epoch: 221, loss: 0.00195
Epoch: 222, loss: 0.00195
Epoch: 223, loss: 0.00195
Epoch: 224, loss: 0.00195
Epoch: 225, loss: 0.00195
Epoch: 226, loss: 0.00195
Epoch: 227, loss: 0.00195
Epoch: 228, loss: 0.00195
Epoch: 229, loss: 0.00195
Epoch: 230, loss: 0.00195
Epoch: 231, loss: 0.00195
Epoch: 232, loss: 0.00195
Epoch: 233, loss: 0.00195
Epoch: 234, loss: 0.00195
Epoch: 235, loss: 0.00194
Epoch: 236, loss: 0.00194
Epoch: 237, loss: 0.00194
Epoch: 238, loss: 0.00194
Epoch: 239, loss: 0.00194
Epoch: 240, loss: 0.00194
Epoch: 241, loss: 0.00194
Epoch: 242, loss: 0.00194
Epoch: 243, loss: 0.00194
Epoch: 244, loss: 0.00194
Epoch: 245, loss: 0.00194
Epoch: 246, loss: 0.00193
Epoch: 247, loss: 0.00193
Epoch: 248, loss: 0.00193
Epoch: 249, loss: 0.00193
Epoch: 250, loss: 0.00193
Epoch: 251, loss: 0.00193
Epoch: 252, loss: 0.00193
Epoch: 253, loss: 0.00192
Epoch: 254, loss: 0.00192
Epoch: 255, loss: 0.00192
Epoch: 256, loss: 0.00192
Epoch: 257, loss: 0.00192
Epoch: 258, loss: 0.00192
Epoch: 259, loss: 0.00191
Epoch: 260, loss: 0.00191
Epoch: 261, loss: 0.00191
Epoch: 262, loss: 0.00191
Epoch: 263, loss: 0.00191
Epoch: 264, loss: 0.00191
Epoch: 265, loss: 0.00190
Epoch: 266, loss: 0.00190
Epoch: 267, loss: 0.00190
Epoch: 268, loss: 0.00190
Epoch: 269, loss: 0.00189
Epoch: 270, loss: 0.00189
Epoch: 271, loss: 0.00189
Epoch: 272, loss: 0.00189
Epoch: 273, loss: 0.00189
Epoch: 274, loss: 0.00188
Epoch: 275, loss: 0.00188
Epoch: 276, loss: 0.00188
Epoch: 277, loss: 0.00187
Epoch: 278, loss: 0.00187
Epoch: 279, loss: 0.00187
Epoch: 280, loss: 0.00187
Epoch: 281, loss: 0.00186
Epoch: 282, loss: 0.00186
Epoch: 283, loss: 0.00186
Epoch: 284, loss: 0.00186
Epoch: 285, loss: 0.00185
Epoch: 286, loss: 0.00185
Epoch: 287, loss: 0.00185
Epoch: 288, loss: 0.00184
Epoch: 289, loss: 0.00184
Epoch: 290, loss: 0.00184
Epoch: 291, loss: 0.00184
Epoch: 292, loss: 0.00183
Epoch: 293, loss: 0.00183
Epoch: 294, loss: 0.00183
Epoch: 295, loss: 0.00182
Epoch: 296, loss: 0.00182
Epoch: 297, loss: 0.00182
Epoch: 298, loss: 0.00181
Epoch: 299, loss: 0.00181

0:00:42.759986
the relationship between loss and epochs for given hyper parameters
Traceback (most recent call last):
  File "lstm_sbi.py", line 62, in <module>
    buildLSTM(lstm_name, save_path, save, shuffle_it_in, num_members, ensemble_name, ensemble_path)
  File "/home/qh8373/SBI_TAYLOR/sbi_taylor/scripts/03_sbi_lstm/lstm_build.py", line 242, in buildLSTM
    evallstm(lstm_out, dataY=y_hat_list[idx], dataX=x_list[idx],
  File "/home/qh8373/SBI_TAYLOR/sbi_taylor/scripts/03_sbi_lstm/lstm_build_utils.py", line 288, in evallstm
    r2_compute, stats_compute = fitStats(dataY_predict, dataY_hat)
  File "/home/qh8373/SBI_TAYLOR/sbi_taylor/scripts/03_sbi_lstm/lstm_build_utils.py", line 220, in fitStats
    r2_compute = r2_score(arg_1, arg_2)
NameError: name 'r2_score' is not defined
