Loading parflow-ml/latest
  Loading requirement: openmpi/gcc/4.1.0 parflow/3.9.0 gdal/3.2.1
/home/SHARED/software/anaconda3/2020.07e/lib/python3.8/site-packages/setuptools/distutils_patch.py:25: UserWarning: Distutils was imported before Setuptools. This usage is discouraged and may exhibit undesirable behaviors or errors. Please use Setuptools' objects directly or at least import Setuptools first.
  warnings.warn(
/home/qh8373/SBI_TAYLOR/sbi_taylor/scripts/05_utils/sbiutils.py:110: UserWarning: To copy construct from a tensor, it is recommended to use sourceTensor.clone().detach() or sourceTensor.clone().detach().requires_grad_(True), rather than torch.tensor(sourceTensor).
  return torch.tensor(y_out)
warning: file exists
100
warning: file exists
tensor([[ 5.8744e-03],
        [ 1.3156e-03],
        [ 2.0904e-03],
        [-3.7134e-03],
        [-7.9637e-04],
        [-1.9264e-03],
        [-2.8347e-03],
        [-3.0930e-03],
        [-2.9460e-03],
        [-2.5674e-03],
        [-1.0275e-03],
        [ 4.4668e-04],
        [-1.1909e-03],
        [-3.0112e-03],
        [-1.2719e-03],
        [ 2.3206e-04],
        [-1.7273e-03],
        [-1.0335e-03],
        [-1.8845e-03],
        [ 3.2276e-03],
        [ 1.4848e-03],
        [ 5.0744e-04],
        [-1.2877e-03],
        [-1.5072e-03],
        [ 2.3511e-03],
        [-2.2583e-03],
        [-7.1277e-04],
        [ 2.9509e-03],
        [ 3.9393e-03],
        [ 2.2989e-03],
        [-9.9456e-04],
        [ 5.3374e-04],
        [-1.8880e-03],
        [ 7.1470e-04],
        [-3.1912e-04],
        [ 1.9602e-03],
        [ 1.2132e-03],
        [-5.1625e-05],
        [-1.6060e-04],
        [ 2.2607e-04],
        [-1.2607e-03],
        [-1.3470e-03],
        [-2.0639e-03],
        [ 5.9598e-04],
        [ 1.6113e-04],
        [-4.6884e-04],
        [-5.6132e-04],
        [-2.7018e-03],
        [-5.2356e-04],
        [-3.9894e-04],
        [-2.4965e-04],
        [-1.0980e-03],
        [-1.3073e-03],
        [-8.2897e-04],
        [-7.1912e-04],
        [ 1.0059e-03],
        [-1.0108e-03],
        [-1.1976e-04],
        [-1.5449e-03],
        [ 8.6772e-04],
        [-1.0741e-03],
        [ 8.4190e-04],
        [-1.3961e-03],
        [-1.2868e-03],
        [-1.5910e-03],
        [-1.2067e-03],
        [-2.4522e-03],
        [-2.1145e-03],
        [-1.2658e-03],
        [-5.2647e-04],
        [ 7.9051e-05],
        [-2.7431e-03],
        [-2.9694e-04],
        [-8.6394e-04],
        [ 7.4357e-05],
        [ 6.6221e-05],
        [ 3.5435e-05],
        [-1.9021e-03],
        [ 1.6771e-03],
        [-9.0800e-05],
        [ 3.5797e-04],
        [-1.2322e-03],
        [ 1.1483e-03],
        [ 3.6547e-04],
        [ 2.8498e-03],
        [-4.6860e-04],
        [-8.7204e-04],
        [-3.3127e-03],
        [ 6.4498e-04],
        [-1.3414e-03],
        [ 5.0826e-04],
        [-1.5233e-04],
        [-2.2266e-03],
        [ 2.1428e-03],
        [ 1.6033e-03],
        [ 1.3040e-03],
        [-4.9562e-04],
        [-3.5316e-04],
        [ 7.6839e-04],
        [-2.8753e-04],
        [-2.7089e-04],
        [-3.2917e-04],
        [ 1.1461e-03],
        [-1.3048e-03],
        [ 1.0819e-03],
        [-1.0487e-04],
        [ 4.5706e-04],
        [-6.2640e-04],
        [-4.9292e-04],
        [-1.6031e-03],
        [-2.0210e-03],
        [-1.7147e-03],
        [-1.7370e-04],
        [-1.9803e-03],
        [-1.0410e-03],
        [-1.8163e-03],
        [ 3.2510e-04],
        [ 6.0156e-05],
        [-8.1196e-04],
        [-6.3173e-05],
        [ 2.4522e-03],
        [ 1.7645e-03],
        [ 2.6598e-03],
        [ 8.6320e-04],
        [-4.7211e-04],
        [-4.7541e-04],
        [-3.1687e-03],
        [-3.2573e-04],
        [-1.7663e-03],
        [-5.8556e-04],
        [ 2.4870e-05],
        [-1.1747e-03],
        [-1.1375e-03],
        [-2.0727e-03],
        [-2.4493e-03],
        [-4.3154e-04],
        [-1.0417e-03],
        [ 8.9391e-04],
        [-2.2957e-03],
        [ 2.6436e-04],
        [ 1.6584e-03],
        [-1.3728e-04],
        [ 2.5826e-03],
        [ 1.6050e-03],
        [ 3.1622e-04],
        [ 3.4832e-04],
        [-4.8326e-04],
        [ 1.1908e-03],
        [-8.7278e-04],
        [ 3.0717e-03],
        [-1.2628e-03],
        [ 2.2073e-03],
        [-1.2541e-03],
        [-3.6896e-03],
        [-5.6156e-03],
        [-6.1058e-03],
        [-1.6649e-03],
        [ 2.0715e-03],
        [ 4.3232e-03],
        [-2.5776e-03],
        [ 5.5205e-04],
        [-2.8547e-04],
        [ 8.4548e-04],
        [ 6.9882e-04],
        [-2.1927e-03],
        [ 6.6303e-04],
        [ 6.1035e-05],
        [ 7.9272e-04],
        [-7.7415e-04],
        [ 8.8419e-04],
        [ 3.6136e-04],
        [ 3.6686e-04],
        [-1.5719e-03],
        [-1.1416e-03],
        [ 1.6611e-03],
        [ 2.4115e-02],
        [ 9.6525e-03],
        [ 5.1133e-05],
        [ 4.2792e-03],
        [ 1.7645e-03],
        [ 3.3855e-03],
        [ 2.1400e-04],
        [-1.2757e-03],
        [ 1.7060e-04],
        [-2.5778e-04],
        [ 1.1660e-03],
        [ 3.8469e-03],
        [ 1.9263e-03],
        [ 3.1573e-03],
        [ 3.6653e-03],
        [ 2.1020e-03],
        [ 1.6358e-03],
        [ 1.9354e-03],
        [ 6.3131e-04],
        [-2.2449e-03],
        [ 8.2189e-04],
        [ 2.9473e-02],
        [ 8.9209e-02],
        [ 1.5435e-02],
        [ 4.7579e-02],
        [ 2.7123e-02],
        [ 2.1702e-02],
        [ 6.5665e-02],
        [ 3.0511e-02],
        [ 1.3171e-02],
        [ 1.7768e-02],
        [ 9.7806e-03],
        [ 3.3635e-02],
        [ 9.1548e-02],
        [ 9.1635e-02],
        [ 3.2803e-02],
        [ 1.0253e-01],
        [ 2.1543e-01],
        [ 2.0145e-01],
        [ 1.6869e-01],
        [ 1.0418e-01],
        [ 1.1729e-01],
        [ 1.4010e-01],
        [ 2.0040e-01],
        [ 2.5228e-01],
        [ 1.8254e-01],
        [ 1.4483e-01],
        [ 1.9100e-01],
        [ 1.5825e-01],
        [ 7.4700e-02],
        [ 1.1837e-02],
        [ 1.0357e-01],
        [ 1.0184e-01],
        [ 1.5872e-01],
        [ 3.2714e-01],
        [ 3.7366e-01],
        [ 3.3720e-01],
        [ 3.4243e-01],
        [ 3.8656e-01],
        [ 4.4016e-01],
        [ 2.7050e-01],
        [ 2.7142e-01],
        [ 1.2085e-01],
        [ 1.3884e-01],
        [ 2.8275e-01],
        [ 3.5909e-01],
        [ 4.7565e-01],
        [ 5.1708e-01],
        [ 4.7169e-01],
        [ 6.0351e-01],
        [ 6.2294e-01],
        [ 3.5368e-01],
        [ 2.2485e-01],
        [ 2.4714e-01],
        [ 2.0857e-01],
        [ 1.7959e-01],
        [ 1.4406e-01],
        [ 1.4736e-01],
        [ 1.4447e-01],
        [ 1.2784e-01],
        [ 1.3071e-01],
        [ 1.9843e-01],
        [ 2.3408e-01],
        [ 3.8670e-01],
        [ 4.4095e-01],
        [ 1.5329e-01],
        [ 2.0425e-01],
        [ 9.5680e-02],
        [ 6.7842e-02],
        [ 8.6127e-02],
        [ 6.9638e-02],
        [ 7.0041e-02],
        [ 6.9681e-02],
        [ 6.8474e-02],
        [ 6.0386e-02],
        [ 6.2070e-02],
        [ 4.1723e-02],
        [ 4.2983e-02],
        [ 3.2657e-02],
        [ 2.1989e-02],
        [ 1.6806e-02],
        [ 1.9841e-02],
        [ 1.8582e-02],
        [ 1.8161e-02],
        [ 7.6503e-03],
        [ 8.7564e-03],
        [ 7.1728e-03],
        [ 8.2019e-03],
        [ 3.7763e-03],
        [ 7.5939e-04],
        [-5.2903e-04],
        [-1.3791e-03],
        [-2.8142e-03],
        [-1.5160e-03],
        [-5.9068e-05],
        [ 2.7147e-03],
        [ 4.7535e-04],
        [-2.9190e-03],
        [-5.8971e-03],
        [-4.0834e-03],
        [-5.3291e-03],
        [-6.3969e-03],
        [-5.2818e-03],
        [-4.5824e-03],
        [-6.1133e-03],
        [-4.8078e-03],
        [-3.7848e-03],
        [-5.7126e-03],
        [-8.9553e-03],
        [-5.7833e-03],
        [-7.6871e-03],
        [-8.4162e-03],
        [-5.5207e-03],
        [-5.0326e-03],
        [ 8.2868e-03],
        [ 7.2495e-03],
        [ 3.4443e-03],
        [ 5.6443e-03],
        [ 7.4056e-03],
        [ 8.9906e-03],
        [ 7.6755e-03],
        [ 2.2117e-03],
        [ 1.1638e-02],
        [ 2.8832e-03],
        [ 9.0347e-03],
        [ 7.0646e-04],
        [-2.4807e-03],
        [-4.8075e-03],
        [-2.7598e-03],
        [-4.0891e-03],
        [-5.6288e-03],
        [-3.3313e-03],
        [ 2.9626e-03],
        [ 1.0575e-02],
        [ 1.3967e-03],
        [-2.3973e-03],
        [-4.2080e-03],
        [-8.3379e-03],
        [-6.6451e-03],
        [-7.9361e-03],
        [-1.0846e-02],
        [-7.6830e-03],
        [-6.4120e-03],
        [-6.4838e-03],
        [-3.4308e-03],
        [-4.3613e-03],
        [-6.4587e-03],
        [ 4.3669e-03],
        [-1.4547e-04],
        [-1.1521e-03],
        [-2.5102e-03],
        [-2.1346e-03],
        [-5.0674e-03],
        [ 7.5476e-03],
        [ 2.1785e-02]], grad_fn=<AddmmBackward>)
torch.Size([350, 1])

tensor([-1.8091e-01, -5.2942e-01,  3.9458e-01, -1.4874e+00, -1.2444e+00,
        -1.2609e+00,  2.1613e-01, -2.0993e+00, -3.9325e-02,  8.8543e-01,
        -1.8672e-01,  2.3423e+00,  9.2905e-02,  7.3028e-02,  1.6814e-01,
         1.1418e+00, -7.6112e-01, -1.4551e-01,  1.3458e+00, -3.9354e-01,
         6.2912e-01, -3.7548e-01, -3.9448e-01,  4.7149e-01, -1.5018e+00,
        -1.1280e+00,  1.5819e+00, -9.7244e-01, -9.6875e-01, -2.2100e-02,
        -3.1075e-03, -4.5774e-01, -4.1744e-01, -2.0147e-01,  1.0527e+00,
         3.2910e-01,  1.7775e-02,  4.8844e-01,  3.9793e-01,  8.7993e-01,
         1.0211e+00,  1.8422e+00, -1.2098e-01,  7.8211e-01, -1.1595e-01,
         1.1097e+00,  1.2926e-01, -7.2702e-01, -1.5393e+00,  1.3688e+00,
         1.1525e+00, -3.6201e-01,  1.0170e+00, -2.0969e+00,  5.9733e-01,
        -1.0111e+00, -4.5800e-01, -3.6793e-01, -3.6959e-01,  1.1857e+00,
        -4.7378e-01,  9.2974e-02,  1.0962e-01, -1.2564e+00,  2.3829e-01,
         1.6909e+00,  5.4251e-01, -1.8634e+00, -1.0759e+00, -1.9115e-01,
         1.1313e+00,  1.2296e+00,  5.0260e-01, -4.3198e-01,  4.2978e-02,
        -1.7117e+00, -1.0266e+00,  2.6258e+00, -9.4782e-01, -1.7767e-01,
         8.7713e-01,  1.8462e+00,  3.1526e-01, -1.2009e+00,  9.2128e-01,
        -1.2077e+00, -4.2260e-01,  6.3986e-01, -9.8300e-01,  6.3714e-01,
         1.4503e+00, -1.4404e+00,  5.6907e-01,  9.5948e-01, -1.1202e+00,
         2.7591e-01, -1.8760e+00, -1.1623e-01, -7.2097e-01, -4.7971e-01,
         2.7914e-01,  2.0127e+00, -5.4619e-01,  9.3886e-01, -7.5495e-01,
        -1.7508e+00,  8.0321e-01,  5.3743e-01,  4.1152e-01,  2.2298e-01,
        -2.3705e-01, -7.3349e-01, -1.0704e+00, -1.1639e+00,  1.4749e-01,
        -5.6731e-02, -2.0586e+00,  7.6539e-02,  1.9840e-01,  9.9486e-01,
         3.8328e-01, -1.0189e+00,  7.8790e-01,  2.8159e+00,  5.7819e-01,
         1.4673e+00,  1.6301e+00, -9.8713e-01, -2.4792e+00, -1.0391e+00,
         1.5308e+00,  1.0451e+00,  1.0346e+00, -1.4169e-01, -2.3223e-02,
        -1.0852e+00, -2.6878e-01, -3.3723e-01,  8.5508e-01,  4.6395e-01,
         6.2158e-01, -6.2456e-01,  6.4367e-02, -1.4297e+00, -6.3341e-01,
         7.6371e-02,  7.8541e-02, -8.6860e-02, -9.6565e-02,  4.5549e-01,
         5.4481e-01,  5.5709e-01,  1.0607e-01,  1.7523e+00, -3.5344e-01,
         6.0389e-01,  6.7433e-02,  1.9100e+00,  1.0907e+00, -4.6708e-01,
         1.5300e+00, -1.4129e+00,  1.3075e+00, -3.9700e-01,  1.3490e-01,
         1.4362e+00,  3.9756e-01, -2.5270e-01,  1.0915e+00, -5.3086e-01,
         9.2891e-01,  1.3849e+00, -1.3885e+00,  1.4883e+00, -1.9747e+00,
         9.2784e-01, -7.4059e-02, -2.9545e-01,  1.4640e+00,  9.9683e-01,
         4.4727e-01,  1.0271e+00,  7.9050e-01,  9.6000e-01,  7.8425e-01,
        -2.8978e-01,  1.6670e-02,  3.4878e-01, -4.5807e-01, -6.9388e-01,
        -9.9183e-01, -8.1255e-01, -1.2358e+00,  2.6180e-01, -5.1153e-01,
         2.4916e-01,  5.2591e-02, -1.7077e-01, -1.1190e+00,  7.9687e-01,
         1.2286e+00, -8.4996e-01,  6.4965e-01, -1.7310e+00, -4.6726e-01,
        -1.0210e+00,  4.2553e-01,  5.5153e-01, -1.8355e+00, -6.7528e-01,
        -2.9427e-01,  9.6054e-02, -8.3816e-01, -5.1166e-01, -5.0961e-01,
        -1.7618e+00, -3.3260e-01,  1.0352e+00, -7.2531e-01,  1.0067e-02,
        -1.2418e+00,  8.8547e-04,  6.2038e-02, -4.9004e-02,  1.1299e+00,
        -8.6308e-01, -1.9233e-01,  1.0287e+00,  1.0196e+00, -4.8638e-02,
        -2.7182e-02, -3.6887e-02, -1.3241e+00, -2.6399e-01,  3.5416e-01,
        -1.5128e+00,  1.8153e+00,  1.9814e-01, -7.9046e-01,  1.5879e+00,
        -6.0760e-01, -1.3445e+00, -3.0887e-01,  2.3534e-01, -1.3051e+00,
        -8.6724e-01,  2.1257e-01,  7.9854e-01, -6.9261e-01, -1.5098e+00,
         4.3708e-01, -4.4600e-01, -3.4040e-01,  3.9141e-01,  1.3114e+00,
         2.2838e-01, -6.1353e-01,  5.0440e-01, -6.3571e-01,  1.1957e+00,
        -4.8997e-01, -2.2083e+00, -1.0954e+00, -4.7418e-01, -2.2381e-01,
         9.5586e-01, -1.1740e+00, -1.1975e+00,  1.4207e+00, -9.8500e-01,
        -7.1209e-01,  1.1527e+00, -2.0325e-01,  1.9090e-01, -4.4954e-01,
        -2.1458e-01,  8.8902e-01,  4.2215e-01,  5.5684e-01,  2.3198e-02,
         4.0563e-01, -1.6021e+00,  3.8845e-01, -6.1237e-01,  1.4758e+00,
         2.7788e-01,  1.9975e-02, -2.4786e-01,  3.4004e-01, -6.3878e-01,
         1.4763e+00, -9.5708e-01, -7.1419e-01, -7.4502e-01, -1.8855e-01,
        -1.4204e+00, -1.1005e+00,  1.0963e+00, -1.8640e+00,  4.7779e-01,
        -4.2696e-01, -2.5040e-01,  9.7853e-01, -1.6430e+00, -5.4742e-01,
        -4.9940e-01,  6.5034e-01,  4.3461e-01,  2.3244e+00,  6.7258e-01,
         7.3079e-01, -5.1922e-01, -3.0330e-01, -1.6992e+00, -2.7724e+00,
        -2.1416e-01, -1.9521e-01,  4.7450e-01, -1.1036e+00,  2.2177e+00,
         1.4123e+00,  4.4687e-01, -6.9183e-01,  3.4151e-01,  9.9132e-01,
        -2.7326e-01, -2.5367e+00,  6.4609e-01,  8.8387e-01,  1.1065e+00,
        -1.0334e+00,  7.8252e-01,  5.6876e-01,  3.4707e-01, -1.6074e+00,
        -2.2001e+00, -3.5324e-01, -7.0123e-01, -8.2576e-01,  5.9974e-01,
         9.7665e-02, -2.1401e+00, -1.0143e-01,  1.9690e-01,  7.6679e-01,
         1.0764e+00,  2.8383e-01,  1.4195e+00, -1.6762e+00,  1.2344e+00])
noise_added

tensor([[ 0.0059,  0.0059,  0.0059,  ...,  0.0059,  0.0059,  0.0059],
        [ 0.0013,  0.0013,  0.0013,  ...,  0.0013,  0.0013,  0.0013],
        [ 0.0021,  0.0021,  0.0021,  ...,  0.0021,  0.0021,  0.0021],
        ...,
        [-0.0051, -0.0051, -0.0051,  ..., -0.0051, -0.0051, -0.0051],
        [ 0.0076,  0.0075,  0.0075,  ...,  0.0075,  0.0075,  0.0075],
        [ 0.0218,  0.0218,  0.0218,  ...,  0.0218,  0.0218,  0.0218]],
       grad_fn=<AddBackward0>)
torch.Size([350, 350])
