Loading parflow-ml/latest
  Loading requirement: openmpi/gcc/4.1.0 parflow/3.9.0 gdal/3.2.1
/home/qh8373/SBI_TAYLOR/sbi_taylor/scripts/05_utils/lstmutils.py:177: SettingWithCopyWarning: 
A value is trying to be set on a copy of a slice from a DataFrame.
Try using .loc[row_indexer,col_indexer] = value instead

See the caveats in the documentation: https://pandas.pydata.org/pandas-docs/stable/user_guide/indexing.html#returning-a-view-versus-a-copy
  data_window[f'AOC_{l}'] = AOC_scale[l]
/home/qh8373/SBI_TAYLOR/sbi_taylor/scripts/05_utils/lstmutils.py:179: SettingWithCopyWarning: 
A value is trying to be set on a copy of a slice from a DataFrame.
Try using .loc[row_indexer,col_indexer] = value instead

See the caveats in the documentation: https://pandas.pydata.org/pandas-docs/stable/user_guide/indexing.html#returning-a-view-versus-a-copy
  data_window['Y'] = data[member_name]
saving
Epoch: 0, loss: 0.00252
Epoch: 1, loss: 0.00266
Epoch: 2, loss: 0.00307
Epoch: 3, loss: 0.00358
Epoch: 4, loss: 0.00425
Epoch: 5, loss: 0.00513
Epoch: 6, loss: 0.00619
Epoch: 7, loss: 0.00719
Epoch: 8, loss: 0.00787
Epoch: 9, loss: 0.00799

0:06:24.770104
the relationship between loss and epochs for given hyper parameters
Traceback (most recent call last):
  File "lstm_sbi.py", line 62, in <module>
    buildLSTM(lstm_name, save_path, save, shuffle_it_in, num_members, ensemble_name, ensemble_path)
  File "/home/qh8373/SBI_TAYLOR/sbi_taylor/scripts/03_sbi_lstm/lstm_build.py", line 202, in buildLSTM
    lstm_out = runLSTM(lstm, criterion, optimizer, train_dl, num_epochs, save, save_path_out)
  File "/home/qh8373/SBI_TAYLOR/sbi_taylor/scripts/03_sbi_lstm/lstm_build_utils.py", line 176, in runLSTM
    file = open(save_path+"epochs.txt", "w")
NameError: name 'path' is not defined
