Loading parflow-ml/latest
  Loading requirement: openmpi/gcc/4.1.0 parflow/3.9.0 gdal/3.2.1
/home/SHARED/software/anaconda3/2020.07e/lib/python3.8/site-packages/setuptools/distutils_patch.py:25: UserWarning: Distutils was imported before Setuptools. This usage is discouraged and may exhibit undesirable behaviors or errors. Please use Setuptools' objects directly or at least import Setuptools first.
  warnings.warn(
/home/qh8373/SBI_TAYLOR/sbi_taylor/scripts/05_utils/sbiutils.py:110: UserWarning: To copy construct from a tensor, it is recommended to use sourceTensor.clone().detach() or sourceTensor.clone().detach().requires_grad_(True), rather than torch.tensor(sourceTensor).
  return torch.tensor(y_out)
warning: file exists
100
warning: file exists
tensor([[ 3.4574e-03],
        [-5.6100e-04],
        [-5.4294e-03],
        [-3.2506e-03],
        [ 1.0221e-03],
        [-1.1920e-03],
        [-3.4242e-03],
        [-5.6526e-04],
        [-9.6150e-05],
        [-2.7820e-05],
        [-8.0318e-04],
        [-1.2756e-03],
        [-1.0542e-03],
        [-1.0189e-04],
        [ 2.0701e-03],
        [-1.7064e-03],
        [-1.0155e-04],
        [-4.0903e-04],
        [-6.4886e-04],
        [ 8.8303e-04],
        [-3.6111e-03],
        [ 5.7141e-04],
        [ 5.1968e-05],
        [ 1.1122e-03],
        [ 1.8254e-03],
        [-1.3783e-03],
        [-9.1478e-05],
        [-1.2876e-04],
        [-5.6595e-04],
        [-2.4655e-03],
        [ 3.9096e-03],
        [-1.8962e-03],
        [-1.7378e-03],
        [-9.0891e-04],
        [ 9.4970e-04],
        [ 3.4429e-04],
        [-4.1497e-04],
        [-1.0153e-03],
        [ 5.6776e-04],
        [ 6.3404e-05],
        [-1.9952e-04],
        [-2.2401e-03],
        [-7.9393e-04],
        [-2.9846e-04],
        [-1.9260e-04],
        [-5.8376e-04],
        [-1.3132e-03],
        [-2.5153e-03],
        [-6.6594e-04],
        [-1.2140e-03],
        [-5.6264e-04],
        [-3.2125e-04],
        [-7.2549e-04],
        [ 1.0952e-03],
        [ 5.0662e-04],
        [-1.2510e-03],
        [-2.7029e-03],
        [-2.0161e-03],
        [-2.2251e-03],
        [-8.6535e-04],
        [-1.1516e-03],
        [-2.5988e-05],
        [-1.6207e-03],
        [-1.2674e-03],
        [-7.0471e-04],
        [-4.2936e-04],
        [-2.1398e-03],
        [-2.3925e-03],
        [-2.4998e-03],
        [-1.2487e-03],
        [-1.7145e-03],
        [-2.8954e-03],
        [-1.8044e-03],
        [-2.1660e-03],
        [-1.2759e-03],
        [-1.4249e-03],
        [-1.5255e-03],
        [-1.8985e-03],
        [-4.7164e-04],
        [-2.1033e-03],
        [-1.8627e-03],
        [-3.0775e-03],
        [-1.7827e-03],
        [-2.4766e-03],
        [ 1.8459e-03],
        [ 2.9777e-03],
        [-5.9988e-04],
        [-1.6224e-03],
        [ 3.7134e-04],
        [ 8.1709e-04],
        [-1.5372e-03],
        [-1.2856e-03],
        [-1.9452e-03],
        [ 1.6412e-03],
        [ 4.8706e-04],
        [-2.0213e-03],
        [-1.6681e-03],
        [-2.6152e-03],
        [-2.9852e-03],
        [-3.3263e-03],
        [-2.7392e-03],
        [-1.2029e-03],
        [-1.1058e-03],
        [-1.2383e-03],
        [-5.2378e-04],
        [-1.7774e-04],
        [-1.5766e-03],
        [-2.9199e-03],
        [-1.8842e-03],
        [-2.2932e-03],
        [-9.9942e-04],
        [-3.5093e-04],
        [-9.8412e-04],
        [-2.2968e-03],
        [-2.4383e-03],
        [-2.2314e-03],
        [-2.0426e-03],
        [-7.2261e-04],
        [-4.0805e-04],
        [-4.3707e-04],
        [-4.3943e-04],
        [-4.9915e-03],
        [-4.6234e-04],
        [-1.5560e-04],
        [ 3.8236e-05],
        [-1.6700e-04],
        [-9.6500e-05],
        [-1.2462e-03],
        [-1.0607e-03],
        [-3.3994e-04],
        [-4.1075e-05],
        [-1.8419e-03],
        [-2.3533e-04],
        [-7.6413e-04],
        [-1.9739e-03],
        [-1.1234e-03],
        [ 1.0017e-03],
        [ 7.6742e-04],
        [-3.8570e-03],
        [-1.4648e-03],
        [ 1.4588e-03],
        [ 1.6526e-03],
        [ 9.4675e-04],
        [-4.4203e-03],
        [-2.2569e-03],
        [-2.9982e-04],
        [-4.7502e-04],
        [-1.2013e-03],
        [-2.2367e-05],
        [ 1.9257e-03],
        [ 1.4023e-03],
        [ 1.5654e-03],
        [ 1.1276e-03],
        [ 5.7891e-05],
        [ 1.2007e-03],
        [ 1.1007e-03],
        [ 4.4788e-03],
        [ 3.0890e-03],
        [-7.4381e-04],
        [-2.0349e-04],
        [ 3.5405e-05],
        [-3.2149e-03],
        [-1.1874e-04],
        [-1.3136e-03],
        [-1.5053e-03],
        [ 1.5122e-04],
        [-1.9743e-03],
        [-2.0331e-03],
        [-1.7824e-03],
        [-1.0651e-03],
        [-1.0608e-03],
        [-1.4450e-03],
        [ 4.5315e-04],
        [ 1.3489e-03],
        [ 1.9492e-03],
        [ 2.1088e-03],
        [-3.2611e-04],
        [-2.3651e-03],
        [ 5.0393e-04],
        [ 2.2392e-03],
        [ 2.8830e-03],
        [ 3.4068e-03],
        [ 2.2174e-03],
        [-1.5685e-03],
        [-1.7471e-03],
        [-3.6506e-03],
        [-2.2295e-03],
        [-1.2317e-03],
        [-8.3549e-04],
        [ 1.7883e-03],
        [ 3.3890e-03],
        [ 1.1566e-03],
        [ 3.5476e-04],
        [ 7.0094e-04],
        [ 6.4003e-03],
        [ 4.4129e-03],
        [ 1.3755e-02],
        [ 2.1764e-02],
        [ 2.5647e-02],
        [ 2.5685e-02],
        [ 3.2196e-02],
        [ 1.8877e-02],
        [ 3.0233e-02],
        [ 3.1576e-02],
        [ 1.8937e-02],
        [ 3.0947e-02],
        [ 2.1673e-02],
        [ 2.0305e-02],
        [ 3.6987e-02],
        [ 4.3951e-02],
        [ 5.2992e-02],
        [ 5.0335e-02],
        [ 5.7181e-02],
        [ 8.2050e-02],
        [ 1.3890e-01],
        [ 1.4248e-01],
        [ 1.6749e-01],
        [ 1.5527e-01],
        [ 1.4037e-01],
        [ 1.5322e-01],
        [ 1.8342e-01],
        [ 2.0476e-01],
        [ 2.3852e-01],
        [ 2.5917e-01],
        [ 2.5664e-01],
        [ 2.2172e-01],
        [ 2.0977e-01],
        [ 2.1136e-01],
        [ 1.8692e-01],
        [ 1.8935e-01],
        [ 1.9697e-01],
        [ 2.2699e-01],
        [ 2.6348e-01],
        [ 3.2138e-01],
        [ 3.9991e-01],
        [ 4.9769e-01],
        [ 5.2772e-01],
        [ 5.2143e-01],
        [ 4.8406e-01],
        [ 4.2756e-01],
        [ 3.7596e-01],
        [ 3.5235e-01],
        [ 3.5526e-01],
        [ 3.9077e-01],
        [ 5.2332e-01],
        [ 6.6034e-01],
        [ 7.7015e-01],
        [ 7.8710e-01],
        [ 7.5697e-01],
        [ 6.5990e-01],
        [ 5.0095e-01],
        [ 4.0952e-01],
        [ 3.4390e-01],
        [ 3.0554e-01],
        [ 2.8092e-01],
        [ 2.5924e-01],
        [ 2.3439e-01],
        [ 2.1502e-01],
        [ 2.2565e-01],
        [ 2.9048e-01],
        [ 3.8893e-01],
        [ 3.7101e-01],
        [ 3.8223e-01],
        [ 3.6307e-01],
        [ 3.2846e-01],
        [ 2.7929e-01],
        [ 2.2824e-01],
        [ 1.8120e-01],
        [ 1.5057e-01],
        [ 1.2578e-01],
        [ 1.0644e-01],
        [ 9.5982e-02],
        [ 1.0143e-01],
        [ 9.9672e-02],
        [ 1.0693e-01],
        [ 1.0505e-01],
        [ 9.3745e-02],
        [ 7.8732e-02],
        [ 6.9423e-02],
        [ 6.3603e-02],
        [ 5.4845e-02],
        [ 4.6578e-02],
        [ 4.1714e-02],
        [ 4.0356e-02],
        [ 3.3268e-02],
        [ 3.2058e-02],
        [ 2.9461e-02],
        [ 2.6484e-02],
        [ 2.6029e-02],
        [ 2.0254e-02],
        [ 2.2144e-02],
        [ 1.6804e-02],
        [ 1.5314e-02],
        [ 1.1582e-02],
        [ 1.1195e-02],
        [ 1.0333e-02],
        [ 6.7701e-03],
        [ 5.2499e-03],
        [ 6.1503e-03],
        [ 5.2200e-03],
        [ 7.1328e-03],
        [ 7.3055e-03],
        [ 5.9393e-03],
        [ 5.9906e-03],
        [ 9.8985e-03],
        [ 9.0657e-03],
        [ 6.6651e-03],
        [ 9.4715e-03],
        [ 6.0044e-03],
        [ 1.0857e-02],
        [ 3.2590e-03],
        [ 5.2334e-03],
        [ 4.9857e-03],
        [ 8.1886e-03],
        [ 8.7946e-03],
        [ 7.8306e-03],
        [ 5.5276e-03],
        [ 7.4833e-03],
        [ 3.8450e-03],
        [ 1.2302e-02],
        [ 1.1894e-02],
        [ 6.2119e-03],
        [ 9.4743e-03],
        [ 7.9778e-03],
        [ 6.9298e-03],
        [ 2.4737e-03],
        [ 4.4166e-03],
        [ 1.1683e-02],
        [ 1.2888e-02],
        [ 4.6170e-03],
        [ 8.1623e-03],
        [ 7.9716e-03],
        [ 7.1298e-03],
        [ 7.4060e-03],
        [ 7.6001e-03],
        [ 4.4815e-03],
        [ 4.9243e-03],
        [ 5.7210e-03],
        [ 4.9656e-03],
        [ 7.6307e-03],
        [ 9.1534e-03],
        [ 3.9232e-03],
        [ 9.0072e-03],
        [-3.3614e-03],
        [ 2.6046e-03],
        [ 2.5567e-03],
        [-6.5036e-05],
        [ 7.1122e-03],
        [ 6.3876e-03],
        [ 5.0806e-03]], grad_fn=<AddmmBackward>)
torch.Size([350, 1])

torch.Size([350, 1])
noise_added

tensor([[ 3.5716e-03],
        [-5.9736e-04],
        [-5.3096e-03],
        [-3.1500e-03],
        [ 8.3176e-04],
        [-1.1324e-03],
        [-3.6203e-03],
        [-5.0014e-04],
        [-8.5533e-05],
        [ 1.4763e-04],
        [-7.7957e-04],
        [-1.0433e-03],
        [-1.1318e-03],
        [-1.6572e-05],
        [ 1.9327e-03],
        [-1.8325e-03],
        [-6.9079e-05],
        [-4.1673e-04],
        [-8.0604e-04],
        [ 8.1584e-04],
        [-3.5771e-03],
        [ 7.2535e-04],
        [-2.7089e-05],
        [ 1.0010e-03],
        [ 1.8164e-03],
        [-1.3483e-03],
        [ 1.7432e-05],
        [-1.5889e-04],
        [-4.4568e-04],
        [-2.5473e-03],
        [ 3.7328e-03],
        [-1.8669e-03],
        [-1.6132e-03],
        [-9.9810e-04],
        [ 1.0725e-03],
        [ 5.0485e-04],
        [-4.7190e-04],
        [-1.0947e-03],
        [ 6.7375e-04],
        [ 9.3688e-05],
        [-1.1883e-04],
        [-2.2219e-03],
        [-7.4245e-04],
        [-4.0163e-04],
        [-3.1880e-04],
        [-7.0107e-04],
        [-1.3116e-03],
        [-2.4142e-03],
        [-6.6095e-04],
        [-1.1633e-03],
        [-6.3233e-04],
        [-2.0245e-04],
        [-6.3787e-04],
        [ 1.0549e-03],
        [ 4.6643e-04],
        [-1.3200e-03],
        [-2.5733e-03],
        [-2.0270e-03],
        [-2.5664e-03],
        [-8.0239e-04],
        [-9.9142e-04],
        [-8.6362e-05],
        [-1.5800e-03],
        [-1.2218e-03],
        [-7.9832e-04],
        [-5.0180e-04],
        [-2.2161e-03],
        [-2.4980e-03],
        [-2.4672e-03],
        [-1.3514e-03],
        [-1.8013e-03],
        [-2.7310e-03],
        [-1.9583e-03],
        [-2.1817e-03],
        [-1.2245e-03],
        [-1.3730e-03],
        [-1.5057e-03],
        [-1.9200e-03],
        [-5.0556e-04],
        [-2.2291e-03],
        [-1.8037e-03],
        [-3.2220e-03],
        [-1.6767e-03],
        [-2.3882e-03],
        [ 1.8240e-03],
        [ 2.9859e-03],
        [-5.1650e-04],
        [-1.5311e-03],
        [ 3.1971e-04],
        [ 6.1655e-04],
        [-1.5034e-03],
        [-1.3137e-03],
        [-1.9944e-03],
        [ 1.7617e-03],
        [ 4.9424e-04],
        [-2.1396e-03],
        [-1.8230e-03],
        [-2.7356e-03],
        [-3.0898e-03],
        [-3.4451e-03],
        [-2.6466e-03],
        [-1.1802e-03],
        [-9.2677e-04],
        [-1.1853e-03],
        [-5.6090e-04],
        [-2.1633e-04],
        [-1.6501e-03],
        [-3.0690e-03],
        [-1.9383e-03],
        [-2.2207e-03],
        [-1.0436e-03],
        [-4.6363e-04],
        [-9.6865e-04],
        [-2.4274e-03],
        [-2.3019e-03],
        [-2.2339e-03],
        [-2.1428e-03],
        [-6.0163e-04],
        [-5.0602e-04],
        [-3.4509e-04],
        [-4.5537e-04],
        [-5.0232e-03],
        [-4.9912e-04],
        [-9.1119e-05],
        [-1.2889e-04],
        [-1.1191e-04],
        [-4.9772e-05],
        [-1.1023e-03],
        [-1.1448e-03],
        [-2.3059e-04],
        [-1.8151e-04],
        [-1.9205e-03],
        [-1.0882e-04],
        [-8.3660e-04],
        [-2.0229e-03],
        [-9.9837e-04],
        [ 8.3846e-04],
        [ 6.6411e-04],
        [-3.9047e-03],
        [-1.4082e-03],
        [ 1.4430e-03],
        [ 1.8113e-03],
        [ 8.1843e-04],
        [-4.3853e-03],
        [-2.2823e-03],
        [-2.6834e-04],
        [-3.0497e-04],
        [-1.1985e-03],
        [ 1.0463e-04],
        [ 1.9798e-03],
        [ 1.4041e-03],
        [ 1.6343e-03],
        [ 1.2483e-03],
        [ 5.0796e-05],
        [ 1.2329e-03],
        [ 1.0209e-03],
        [ 4.4334e-03],
        [ 2.9882e-03],
        [-7.1055e-04],
        [-1.9985e-04],
        [ 4.8767e-05],
        [-3.3058e-03],
        [-2.6849e-04],
        [-1.3327e-03],
        [-1.3515e-03],
        [ 2.3771e-04],
        [-1.9397e-03],
        [-2.0109e-03],
        [-1.6386e-03],
        [-9.8862e-04],
        [-1.1074e-03],
        [-1.3016e-03],
        [ 5.6304e-04],
        [ 1.3873e-03],
        [ 2.0500e-03],
        [ 2.0598e-03],
        [-2.3451e-04],
        [-2.4957e-03],
        [ 3.6333e-04],
        [ 2.2613e-03],
        [ 2.9610e-03],
        [ 3.4675e-03],
        [ 2.2265e-03],
        [-1.4756e-03],
        [-1.6539e-03],
        [-3.5639e-03],
        [-2.4233e-03],
        [-1.1457e-03],
        [-8.8024e-04],
        [ 1.8873e-03],
        [ 3.3219e-03],
        [ 1.1381e-03],
        [ 3.3193e-04],
        [ 6.1067e-04],
        [ 6.4435e-03],
        [ 4.4523e-03],
        [ 1.3579e-02],
        [ 2.1765e-02],
        [ 2.5571e-02],
        [ 2.5713e-02],
        [ 3.2228e-02],
        [ 1.8757e-02],
        [ 3.0405e-02],
        [ 3.1580e-02],
        [ 1.8925e-02],
        [ 3.0975e-02],
        [ 2.1713e-02],
        [ 2.0277e-02],
        [ 3.7019e-02],
        [ 4.3946e-02],
        [ 5.2851e-02],
        [ 5.0136e-02],
        [ 5.7070e-02],
        [ 8.1872e-02],
        [ 1.3890e-01],
        [ 1.4241e-01],
        [ 1.6742e-01],
        [ 1.5530e-01],
        [ 1.4043e-01],
        [ 1.5328e-01],
        [ 1.8342e-01],
        [ 2.0475e-01],
        [ 2.3850e-01],
        [ 2.5922e-01],
        [ 2.5654e-01],
        [ 2.2171e-01],
        [ 2.0974e-01],
        [ 2.1137e-01],
        [ 1.8697e-01],
        [ 1.8938e-01],
        [ 1.9700e-01],
        [ 2.2691e-01],
        [ 2.6354e-01],
        [ 3.2133e-01],
        [ 4.0003e-01],
        [ 4.9776e-01],
        [ 5.2764e-01],
        [ 5.2147e-01],
        [ 4.8423e-01],
        [ 4.2748e-01],
        [ 3.7607e-01],
        [ 3.5240e-01],
        [ 3.5532e-01],
        [ 3.9064e-01],
        [ 5.2326e-01],
        [ 6.6029e-01],
        [ 7.7005e-01],
        [ 7.8711e-01],
        [ 7.5696e-01],
        [ 6.5994e-01],
        [ 5.0095e-01],
        [ 4.0941e-01],
        [ 3.4385e-01],
        [ 3.0552e-01],
        [ 2.8095e-01],
        [ 2.5925e-01],
        [ 2.3440e-01],
        [ 2.1500e-01],
        [ 2.2567e-01],
        [ 2.9037e-01],
        [ 3.8896e-01],
        [ 3.7095e-01],
        [ 3.8229e-01],
        [ 3.6293e-01],
        [ 3.2853e-01],
        [ 2.7930e-01],
        [ 2.2831e-01],
        [ 1.8131e-01],
        [ 1.5068e-01],
        [ 1.2590e-01],
        [ 1.0635e-01],
        [ 9.5990e-02],
        [ 1.0141e-01],
        [ 9.9834e-02],
        [ 1.0696e-01],
        [ 1.0510e-01],
        [ 9.3681e-02],
        [ 7.8638e-02],
        [ 6.9382e-02],
        [ 6.3524e-02],
        [ 5.4784e-02],
        [ 4.6558e-02],
        [ 4.1758e-02],
        [ 4.0435e-02],
        [ 3.3363e-02],
        [ 3.2002e-02],
        [ 2.9358e-02],
        [ 2.6684e-02],
        [ 2.5960e-02],
        [ 2.0100e-02],
        [ 2.2114e-02],
        [ 1.6665e-02],
        [ 1.5321e-02],
        [ 1.1440e-02],
        [ 1.1059e-02],
        [ 1.0346e-02],
        [ 6.7395e-03],
        [ 5.2135e-03],
        [ 6.1024e-03],
        [ 5.1796e-03],
        [ 7.0173e-03],
        [ 7.0530e-03],
        [ 6.0662e-03],
        [ 6.0773e-03],
        [ 1.0086e-02],
        [ 9.1633e-03],
        [ 6.6878e-03],
        [ 9.4410e-03],
        [ 6.0915e-03],
        [ 1.0699e-02],
        [ 3.3649e-03],
        [ 5.2112e-03],
        [ 5.0326e-03],
        [ 8.2318e-03],
        [ 8.7656e-03],
        [ 7.9128e-03],
        [ 5.6282e-03],
        [ 7.3412e-03],
        [ 3.8767e-03],
        [ 1.2303e-02],
        [ 1.2007e-02],
        [ 6.1364e-03],
        [ 9.4060e-03],
        [ 7.9956e-03],
        [ 6.9594e-03],
        [ 2.7057e-03],
        [ 4.2989e-03],
        [ 1.1551e-02],
        [ 1.2791e-02],
        [ 4.5577e-03],
        [ 8.2930e-03],
        [ 7.9184e-03],
        [ 7.0894e-03],
        [ 7.5182e-03],
        [ 7.5587e-03],
        [ 4.5140e-03],
        [ 4.8556e-03],
        [ 5.7760e-03],
        [ 5.0234e-03],
        [ 7.7499e-03],
        [ 9.2871e-03],
        [ 3.9352e-03],
        [ 8.9105e-03],
        [-3.4065e-03],
        [ 2.6191e-03],
        [ 2.6319e-03],
        [ 7.8643e-05],
        [ 7.1704e-03],
        [ 6.2932e-03],
        [ 5.0182e-03]], grad_fn=<AddBackward0>)
torch.Size([350, 1])
