Loading parflow-ml/latest
  Loading requirement: openmpi/gcc/4.1.0 parflow/3.9.0 gdal/3.2.1
/home/SHARED/software/anaconda3/2020.07e/lib/python3.8/site-packages/setuptools/distutils_patch.py:25: UserWarning: Distutils was imported before Setuptools. This usage is discouraged and may exhibit undesirable behaviors or errors. Please use Setuptools' objects directly or at least import Setuptools first.
  warnings.warn(
30
Traceback (most recent call last):
  File "lstm_sbi.py", line 217, in <module>
    unique_series = createYHatList(DataY_test, series_len, num_unique,
  File "/home/qh8373/SBI_TAYLOR/sbi_taylor/scripts/05_utils/sbiutils.py", line 136, in createYHatList
    y_hat_out = createYHat(y_hat, stat_method, stat_typ=stat_typ, embed_type=embed_type)
  File "/home/qh8373/SBI_TAYLOR/sbi_taylor/scripts/05_utils/sbiutils.py", line 121, in createYHat
    stat_test = setStatSim(y_hat, stat_typ)
  File "/home/qh8373/SBI_TAYLOR/sbi_taylor/scripts/05_utils/summaryutils.py", line 124, in setStatSim
    stat_sim.append(summary(y_o, typ=stat))
  File "/home/qh8373/SBI_TAYLOR/sbi_taylor/scripts/05_utils/summaryutils.py", line 114, in summary
    stat = _operations(y,typ)
  File "/home/qh8373/SBI_TAYLOR/sbi_taylor/scripts/05_utils/summaryutils.py", line 92, in _operations
    return {
  File "/home/qh8373/SBI_TAYLOR/sbi_taylor/scripts/05_utils/summaryutils.py", line 96, in <lambda>
    4: lambda: _q_Date_Half(y),
  File "/home/qh8373/SBI_TAYLOR/sbi_taylor/scripts/05_utils/summaryutils.py", line 37, in _q_Date_Half
    sumy = np.sum(y)
  File "<__array_function__ internals>", line 5, in sum
  File "/home/SHARED/software/anaconda3/2020.07e/lib/python3.8/site-packages/numpy/core/fromnumeric.py", line 2247, in sum
    return _wrapreduction(a, np.add, 'sum', axis, dtype, out, keepdims=keepdims,
  File "/home/SHARED/software/anaconda3/2020.07e/lib/python3.8/site-packages/numpy/core/fromnumeric.py", line 85, in _wrapreduction
    return reduction(axis=axis, out=out, **passkwargs)
TypeError: sum() received an invalid combination of arguments - got (out=NoneType, axis=NoneType, ), but expected one of:
 * (*, torch.dtype dtype)
      didn't match because some of the keywords were incorrect: out, axis
 * (tuple of ints dim, bool keepdim, *, torch.dtype dtype)
 * (tuple of names dim, bool keepdim, *, torch.dtype dtype)

