Loading parflow-ml/latest
  Loading requirement: openmpi/gcc/4.1.0 parflow/3.9.0 gdal/3.2.1
/home/SHARED/software/anaconda3/2020.07e/lib/python3.8/site-packages/setuptools/distutils_patch.py:25: UserWarning: Distutils was imported before Setuptools. This usage is discouraged and may exhibit undesirable behaviors or errors. Please use Setuptools' objects directly or at least import Setuptools first.
  warnings.warn(
/home/qh8373/SBI_TAYLOR/sbi_taylor/scripts/05_utils/sbiutils.py:110: UserWarning: To copy construct from a tensor, it is recommended to use sourceTensor.clone().detach() or sourceTensor.clone().detach().requires_grad_(True), rather than torch.tensor(sourceTensor).
  return torch.tensor(y_out)
100
tensor([[ 4.8925e-03],
        [ 1.3750e-02],
        [-5.9564e-03],
        [-3.2769e-03],
        [-1.5127e-03],
        [ 1.9535e-03],
        [ 5.9417e-04],
        [ 8.9057e-03],
        [ 7.8215e-03],
        [ 8.3586e-03],
        [ 8.8055e-03],
        [ 9.2349e-03],
        [ 6.5993e-03],
        [ 3.2227e-03],
        [ 1.9705e-04],
        [-5.7980e-03],
        [-1.8701e-03],
        [-2.9235e-03],
        [-2.3566e-03],
        [-1.2402e-03],
        [-4.2529e-04],
        [ 1.7242e-03],
        [-5.4415e-03],
        [-2.6115e-03],
        [-1.9298e-03],
        [-9.1315e-04],
        [-1.3770e-03],
        [-1.2529e-03],
        [-1.3375e-03],
        [-2.6120e-03],
        [ 1.1251e-03],
        [-2.0821e-03],
        [ 2.8052e-04],
        [-1.8527e-03],
        [ 1.0653e-03],
        [ 8.6863e-04],
        [ 8.0610e-04],
        [-1.5606e-03],
        [-1.7520e-03],
        [ 3.1802e-04],
        [ 7.8259e-04],
        [-3.1588e-03],
        [-1.2201e-03],
        [-1.0216e-03],
        [ 2.0012e-03],
        [ 3.7707e-04],
        [-9.6642e-04],
        [-4.0001e-03],
        [-9.9973e-04],
        [-1.0382e-03],
        [-2.7239e-04],
        [-1.6790e-03],
        [-2.0698e-03],
        [ 9.2452e-04],
        [-1.9031e-03],
        [ 6.8471e-06],
        [-1.9513e-05],
        [-2.0785e-04],
        [-1.3093e-03],
        [ 1.2787e-04],
        [-4.5798e-04],
        [ 1.1142e-03],
        [-5.8082e-04],
        [-1.1839e-03],
        [-6.3979e-04],
        [-1.3772e-04],
        [-2.5212e-03],
        [-1.2646e-03],
        [-1.1026e-03],
        [-1.0082e-04],
        [-1.6691e-03],
        [-2.4016e-03],
        [-1.1350e-03],
        [-1.6585e-03],
        [ 4.1833e-04],
        [-7.5360e-04],
        [-1.5750e-03],
        [-1.1302e-03],
        [ 5.2297e-04],
        [-5.7540e-04],
        [-9.7702e-04],
        [-1.6269e-03],
        [-6.8309e-04],
        [-3.6919e-04],
        [ 2.5535e-03],
        [ 1.0952e-03],
        [-4.8364e-03],
        [-4.2158e-03],
        [-2.4676e-05],
        [-7.5620e-04],
        [-9.7901e-04],
        [-1.6968e-03],
        [-2.8043e-03],
        [ 6.6679e-04],
        [ 2.7726e-03],
        [-5.5621e-04],
        [ 1.4875e-04],
        [-1.4641e-03],
        [-7.9167e-04],
        [-1.0637e-03],
        [-5.3328e-04],
        [ 4.2065e-04],
        [-3.4755e-04],
        [-1.0291e-03],
        [ 5.0511e-04],
        [ 3.9847e-04],
        [-1.0283e-04],
        [-2.6293e-04],
        [-1.5847e-04],
        [-3.9929e-03],
        [-2.7603e-03],
        [-2.9507e-03],
        [-6.6039e-04],
        [-2.7380e-03],
        [-2.8177e-03],
        [-2.7805e-03],
        [-1.5146e-03],
        [-4.8784e-04],
        [-1.1847e-03],
        [-1.1585e-03],
        [ 2.2754e-03],
        [ 6.7645e-03],
        [-7.0944e-04],
        [-6.1865e-04],
        [-2.4192e-03],
        [-8.3420e-04],
        [-1.6173e-03],
        [-8.9006e-04],
        [-9.2888e-04],
        [ 1.0431e-07],
        [ 3.1080e-04],
        [-1.8827e-03],
        [ 8.0854e-05],
        [-1.3483e-03],
        [-2.4893e-03],
        [-1.3403e-03],
        [ 2.8221e-04],
        [-1.2031e-03],
        [-2.3027e-03],
        [-3.4877e-04],
        [-1.9502e-03],
        [-3.7817e-04],
        [ 8.0839e-06],
        [ 1.8915e-03],
        [-6.3105e-03],
        [-1.7608e-03],
        [-1.5417e-03],
        [-2.0680e-03],
        [-3.5820e-03],
        [-1.2255e-04],
        [-1.5446e-03],
        [-5.2378e-05],
        [-2.8741e-03],
        [-6.5580e-03],
        [-6.2786e-03],
        [-6.3015e-03],
        [-2.3833e-03],
        [ 6.6900e-04],
        [-5.7071e-04],
        [-4.9471e-03],
        [ 5.1552e-03],
        [ 9.1253e-03],
        [ 1.3453e-03],
        [-2.0184e-03],
        [ 3.3021e-03],
        [ 1.1320e-02],
        [ 3.8211e-03],
        [ 3.4810e-03],
        [-1.5464e-03],
        [-1.9030e-03],
        [-1.0894e-03],
        [-2.9854e-05],
        [-2.5439e-03],
        [-2.2253e-03],
        [-2.6094e-03],
        [ 1.1435e-02],
        [-5.6925e-03],
        [-6.9319e-03],
        [-1.2750e-03],
        [ 3.1790e-03],
        [-1.6536e-03],
        [-3.5297e-03],
        [-3.3606e-03],
        [-6.1836e-03],
        [ 2.7045e-03],
        [ 1.4460e-02],
        [ 1.6984e-02],
        [ 1.0458e-02],
        [ 1.0080e-02],
        [ 1.2949e-02],
        [ 9.3153e-03],
        [ 6.0539e-03],
        [ 1.8915e-03],
        [ 1.0523e-02],
        [ 1.1745e-02],
        [ 9.2759e-03],
        [ 5.7652e-02],
        [ 2.0629e-01],
        [ 4.4644e-02],
        [ 1.2414e-01],
        [ 6.0607e-02],
        [ 9.9046e-02],
        [ 1.5406e-01],
        [ 5.5362e-02],
        [ 4.3478e-02],
        [ 4.0624e-02],
        [ 2.0053e-02],
        [ 7.1635e-02],
        [ 1.9812e-01],
        [ 1.4316e-01],
        [ 5.1654e-02],
        [ 2.5103e-01],
        [ 5.0407e-01],
        [ 4.1812e-01],
        [ 3.3492e-01],
        [ 2.0767e-01],
        [ 1.7259e-01],
        [ 3.0409e-01],
        [ 3.8348e-01],
        [ 5.1135e-01],
        [ 2.9787e-01],
        [ 3.1866e-01],
        [ 3.5825e-01],
        [ 2.4177e-01],
        [ 7.8659e-02],
        [-8.3980e-03],
        [ 1.7418e-01],
        [ 1.6603e-01],
        [ 3.7416e-01],
        [ 5.2276e-01],
        [ 6.3093e-01],
        [ 5.7001e-01],
        [ 5.4342e-01],
        [ 6.7095e-01],
        [ 7.5033e-01],
        [ 4.6159e-01],
        [ 4.0933e-01],
        [ 1.8912e-01],
        [ 2.3650e-01],
        [ 4.7361e-01],
        [ 6.7075e-01],
        [ 8.5357e-01],
        [ 8.8404e-01],
        [ 7.7204e-01],
        [ 9.8765e-01],
        [ 9.4258e-01],
        [ 4.4342e-01],
        [ 3.1286e-01],
        [ 3.8091e-01],
        [ 3.2833e-01],
        [ 2.8063e-01],
        [ 2.3143e-01],
        [ 2.3159e-01],
        [ 2.2700e-01],
        [ 2.0185e-01],
        [ 2.1664e-01],
        [ 3.0805e-01],
        [ 3.9167e-01],
        [ 7.4098e-01],
        [ 6.9214e-01],
        [ 2.3934e-01],
        [ 3.0950e-01],
        [ 1.0145e-01],
        [ 1.2458e-01],
        [ 1.2874e-01],
        [ 1.2067e-01],
        [ 1.2734e-01],
        [ 1.2600e-01],
        [ 1.1644e-01],
        [ 8.6704e-02],
        [ 7.9100e-02],
        [ 5.3451e-02],
        [ 5.1745e-02],
        [ 5.0666e-02],
        [ 4.2436e-02],
        [ 3.4383e-02],
        [ 4.4866e-02],
        [ 3.9133e-02],
        [ 3.4048e-02],
        [ 2.1945e-02],
        [ 1.9218e-02],
        [ 1.8254e-02],
        [ 1.8504e-02],
        [ 1.9908e-02],
        [ 1.2080e-02],
        [ 1.0041e-02],
        [ 1.0028e-02],
        [ 5.6877e-03],
        [ 8.4842e-03],
        [ 7.3767e-03],
        [ 1.0067e-02],
        [-1.3505e-04],
        [ 3.9723e-03],
        [ 5.0025e-04],
        [ 4.4714e-03],
        [ 5.3345e-03],
        [ 1.1317e-03],
        [-9.8825e-05],
        [ 4.2364e-03],
        [-2.4266e-03],
        [ 1.9651e-03],
        [ 4.2113e-03],
        [ 8.6354e-04],
        [-6.9229e-04],
        [ 2.7332e-03],
        [ 5.9333e-03],
        [ 5.0113e-03],
        [ 1.3829e-02],
        [ 7.8007e-03],
        [ 2.0600e-02],
        [ 2.5775e-02],
        [ 1.8301e-02],
        [ 2.4346e-02],
        [ 2.5787e-02],
        [ 2.7341e-02],
        [ 2.7979e-02],
        [ 2.2529e-02],
        [ 3.2100e-02],
        [ 2.6407e-02],
        [ 2.8503e-02],
        [ 2.6913e-02],
        [ 1.4073e-02],
        [ 1.4578e-02],
        [ 1.6526e-02],
        [ 1.5647e-02],
        [ 5.9461e-03],
        [ 1.1274e-02],
        [ 1.5451e-02],
        [ 2.1562e-02],
        [ 2.0362e-02],
        [ 9.4891e-03],
        [ 8.1958e-03],
        [ 3.3304e-03],
        [ 1.9660e-03],
        [ 1.1996e-03],
        [-1.4128e-03],
        [ 1.0357e-03],
        [ 1.5030e-03],
        [ 4.0106e-03],
        [ 8.8104e-03],
        [ 9.5421e-03],
        [ 2.5703e-03],
        [ 1.3416e-02],
        [ 1.4993e-03],
        [ 6.3850e-03],
        [ 7.4074e-03],
        [ 2.6139e-03],
        [ 4.9454e-03],
        [ 1.4386e-03],
        [ 6.3681e-03]], grad_fn=<AddmmBackward>)
torch.Size([350, 1])

torch.Size([350, 1])
noise_added

tensor([[ 4.9275e-03],
        [ 1.3712e-02],
        [-6.0016e-03],
        [-3.2517e-03],
        [-1.4969e-03],
        [ 1.9380e-03],
        [ 5.9785e-04],
        [ 8.7486e-03],
        [ 7.9145e-03],
        [ 8.2551e-03],
        [ 8.8444e-03],
        [ 9.1306e-03],
        [ 6.5871e-03],
        [ 3.1522e-03],
        [ 1.9762e-04],
        [-5.8918e-03],
        [-1.8895e-03],
        [-2.8735e-03],
        [-2.3532e-03],
        [-1.2403e-03],
        [-4.2242e-04],
        [ 1.7212e-03],
        [-5.5188e-03],
        [-2.6301e-03],
        [-1.9074e-03],
        [-9.3101e-04],
        [-1.3860e-03],
        [-1.2543e-03],
        [-1.3300e-03],
        [-2.6503e-03],
        [ 1.1141e-03],
        [-2.1261e-03],
        [ 2.8199e-04],
        [-1.8561e-03],
        [ 1.0568e-03],
        [ 8.6784e-04],
        [ 8.1466e-04],
        [-1.5381e-03],
        [-1.7488e-03],
        [ 3.1777e-04],
        [ 7.7313e-04],
        [-3.1539e-03],
        [-1.2262e-03],
        [-1.0239e-03],
        [ 2.0235e-03],
        [ 3.7374e-04],
        [-9.7822e-04],
        [-4.0287e-03],
        [-9.9863e-04],
        [-1.0437e-03],
        [-2.7038e-04],
        [-1.6492e-03],
        [-2.0687e-03],
        [ 9.3155e-04],
        [-1.9066e-03],
        [ 6.8138e-06],
        [-1.9499e-05],
        [-2.0501e-04],
        [-1.3119e-03],
        [ 1.2925e-04],
        [-4.5671e-04],
        [ 1.1244e-03],
        [-5.8609e-04],
        [-1.1910e-03],
        [-6.3834e-04],
        [-1.3873e-04],
        [-2.5071e-03],
        [-1.2812e-03],
        [-1.0868e-03],
        [-1.0112e-04],
        [-1.6377e-03],
        [-2.4066e-03],
        [-1.1534e-03],
        [-1.6357e-03],
        [ 4.1772e-04],
        [-7.5200e-04],
        [-1.5493e-03],
        [-1.1144e-03],
        [ 5.2179e-04],
        [-5.7583e-04],
        [-9.6768e-04],
        [-1.6283e-03],
        [-6.7716e-04],
        [-3.7172e-04],
        [ 2.5394e-03],
        [ 1.1122e-03],
        [-4.8495e-03],
        [-4.2317e-03],
        [-2.4443e-05],
        [-7.6060e-04],
        [-9.8730e-04],
        [-1.6907e-03],
        [-2.7223e-03],
        [ 6.7923e-04],
        [ 2.7792e-03],
        [-5.5827e-04],
        [ 1.4800e-04],
        [-1.4616e-03],
        [-7.9782e-04],
        [-1.0717e-03],
        [-5.3121e-04],
        [ 4.1857e-04],
        [-3.4488e-04],
        [-1.0417e-03],
        [ 5.1153e-04],
        [ 3.9764e-04],
        [-1.0487e-04],
        [-2.6395e-04],
        [-1.5853e-04],
        [-3.9723e-03],
        [-2.7611e-03],
        [-2.9176e-03],
        [-6.6391e-04],
        [-2.6938e-03],
        [-2.8772e-03],
        [-2.7985e-03],
        [-1.5247e-03],
        [-4.8667e-04],
        [-1.1975e-03],
        [-1.1694e-03],
        [ 2.2857e-03],
        [ 6.5952e-03],
        [-7.0714e-04],
        [-6.1618e-04],
        [-2.3587e-03],
        [-8.3506e-04],
        [-1.6043e-03],
        [-8.8634e-04],
        [-9.2023e-04],
        [ 1.0534e-07],
        [ 3.1116e-04],
        [-1.8724e-03],
        [ 8.1954e-05],
        [-1.3445e-03],
        [-2.4982e-03],
        [-1.3217e-03],
        [ 2.8071e-04],
        [-1.2050e-03],
        [-2.3341e-03],
        [-3.5096e-04],
        [-1.9557e-03],
        [-3.8051e-04],
        [ 8.0784e-06],
        [ 1.8975e-03],
        [-6.2969e-03],
        [-1.7584e-03],
        [-1.5608e-03],
        [-2.0944e-03],
        [-3.6227e-03],
        [-1.2070e-04],
        [-1.5220e-03],
        [-5.2447e-05],
        [-2.9097e-03],
        [-6.4731e-03],
        [-6.3616e-03],
        [-6.1797e-03],
        [-2.3921e-03],
        [ 6.6142e-04],
        [-5.8611e-04],
        [-4.8605e-03],
        [ 5.1492e-03],
        [ 9.0615e-03],
        [ 1.3511e-03],
        [-1.9928e-03],
        [ 3.3409e-03],
        [ 1.1333e-02],
        [ 3.9454e-03],
        [ 3.4927e-03],
        [-1.5410e-03],
        [-1.9269e-03],
        [-1.0845e-03],
        [-2.9791e-05],
        [-2.5625e-03],
        [-2.2587e-03],
        [-2.6322e-03],
        [ 1.1316e-02],
        [-5.6619e-03],
        [-6.9749e-03],
        [-1.2747e-03],
        [ 3.1907e-03],
        [-1.6501e-03],
        [-3.5281e-03],
        [-3.3588e-03],
        [-6.0825e-03],
        [ 2.7117e-03],
        [ 1.4102e-02],
        [ 1.6828e-02],
        [ 1.0621e-02],
        [ 9.9868e-03],
        [ 1.2831e-02],
        [ 9.2672e-03],
        [ 6.1360e-03],
        [ 1.8935e-03],
        [ 1.0416e-02],
        [ 1.1802e-02],
        [ 9.3059e-03],
        [ 5.7512e-02],
        [ 2.0431e-01],
        [ 4.4486e-02],
        [ 1.2456e-01],
        [ 6.1023e-02],
        [ 1.0027e-01],
        [ 1.5610e-01],
        [ 5.4749e-02],
        [ 4.2501e-02],
        [ 4.0317e-02],
        [ 1.9866e-02],
        [ 7.2463e-02],
        [ 1.9537e-01],
        [ 1.4126e-01],
        [ 5.1406e-02],
        [ 2.4953e-01],
        [ 5.1297e-01],
        [ 4.1392e-01],
        [ 3.3232e-01],
        [ 2.0654e-01],
        [ 1.7468e-01],
        [ 3.1111e-01],
        [ 3.8861e-01],
        [ 5.1440e-01],
        [ 2.9535e-01],
        [ 3.1810e-01],
        [ 3.5817e-01],
        [ 2.4492e-01],
        [ 7.9607e-02],
        [-8.2639e-03],
        [ 1.7585e-01],
        [ 1.6772e-01],
        [ 3.7521e-01],
        [ 5.3032e-01],
        [ 6.3265e-01],
        [ 5.7064e-01],
        [ 5.5152e-01],
        [ 6.7744e-01],
        [ 7.4352e-01],
        [ 4.6447e-01],
        [ 4.0972e-01],
        [ 1.8702e-01],
        [ 2.3619e-01],
        [ 4.7404e-01],
        [ 6.7495e-01],
        [ 8.5151e-01],
        [ 8.8248e-01],
        [ 7.7009e-01],
        [ 1.0042e+00],
        [ 9.3794e-01],
        [ 4.4389e-01],
        [ 3.0902e-01],
        [ 3.8116e-01],
        [ 3.3167e-01],
        [ 2.8212e-01],
        [ 2.3711e-01],
        [ 2.3154e-01],
        [ 2.2648e-01],
        [ 2.0265e-01],
        [ 2.1396e-01],
        [ 3.1129e-01],
        [ 4.0136e-01],
        [ 7.3922e-01],
        [ 6.8378e-01],
        [ 2.3881e-01],
        [ 3.0343e-01],
        [ 1.0110e-01],
        [ 1.2638e-01],
        [ 1.2827e-01],
        [ 1.1898e-01],
        [ 1.2775e-01],
        [ 1.2605e-01],
        [ 1.1737e-01],
        [ 8.7390e-02],
        [ 7.8548e-02],
        [ 5.3437e-02],
        [ 5.1674e-02],
        [ 5.0973e-02],
        [ 4.3379e-02],
        [ 3.4588e-02],
        [ 4.5144e-02],
        [ 3.9135e-02],
        [ 3.3356e-02],
        [ 2.2268e-02],
        [ 1.9282e-02],
        [ 1.8137e-02],
        [ 1.8361e-02],
        [ 1.9877e-02],
        [ 1.2039e-02],
        [ 9.9095e-03],
        [ 1.0028e-02],
        [ 5.5954e-03],
        [ 8.6055e-03],
        [ 7.4171e-03],
        [ 1.0014e-02],
        [-1.3474e-04],
        [ 3.9214e-03],
        [ 4.9420e-04],
        [ 4.4653e-03],
        [ 5.3417e-03],
        [ 1.1309e-03],
        [-9.7901e-05],
        [ 4.2864e-03],
        [-2.3884e-03],
        [ 1.9836e-03],
        [ 4.1735e-03],
        [ 8.6591e-04],
        [-6.7546e-04],
        [ 2.7534e-03],
        [ 5.9057e-03],
        [ 5.0436e-03],
        [ 1.3559e-02],
        [ 7.8126e-03],
        [ 2.0226e-02],
        [ 2.5624e-02],
        [ 1.8434e-02],
        [ 2.4310e-02],
        [ 2.5633e-02],
        [ 2.7254e-02],
        [ 2.7752e-02],
        [ 2.2523e-02],
        [ 3.2627e-02],
        [ 2.5894e-02],
        [ 2.8230e-02],
        [ 2.7186e-02],
        [ 1.3905e-02],
        [ 1.4546e-02],
        [ 1.6614e-02],
        [ 1.5644e-02],
        [ 5.9747e-03],
        [ 1.1261e-02],
        [ 1.4954e-02],
        [ 2.1258e-02],
        [ 2.0391e-02],
        [ 9.4514e-03],
        [ 8.1906e-03],
        [ 3.3453e-03],
        [ 1.9648e-03],
        [ 1.1689e-03],
        [-1.4221e-03],
        [ 1.0333e-03],
        [ 1.5084e-03],
        [ 4.0114e-03],
        [ 8.8126e-03],
        [ 9.6537e-03],
        [ 2.5717e-03],
        [ 1.3389e-02],
        [ 1.5017e-03],
        [ 6.3968e-03],
        [ 7.5109e-03],
        [ 2.5871e-03],
        [ 5.0088e-03],
        [ 1.4192e-03],
        [ 6.3430e-03]], grad_fn=<AddBackward0>)
torch.Size([350, 1])
