Loading parflow-ml/latest
  Loading requirement: openmpi/gcc/4.1.0 parflow/3.9.0 gdal/3.2.1
/home/qh8373/SBI_TAYLOR/sbi_taylor/scripts/05_utils/lstmutils.py:177: SettingWithCopyWarning: 
A value is trying to be set on a copy of a slice from a DataFrame.
Try using .loc[row_indexer,col_indexer] = value instead

See the caveats in the documentation: https://pandas.pydata.org/pandas-docs/stable/user_guide/indexing.html#returning-a-view-versus-a-copy
  data_window[f'AOC_{l}'] = AOC_scale[l]
/home/qh8373/SBI_TAYLOR/sbi_taylor/scripts/05_utils/lstmutils.py:179: SettingWithCopyWarning: 
A value is trying to be set on a copy of a slice from a DataFrame.
Try using .loc[row_indexer,col_indexer] = value instead

See the caveats in the documentation: https://pandas.pydata.org/pandas-docs/stable/user_guide/indexing.html#returning-a-view-versus-a-copy
  data_window['Y'] = data[member_name]
saving
Epoch: 0, loss: 0.03003
Epoch: 1, loss: 0.02913
Epoch: 2, loss: 0.02609
Epoch: 3, loss: 0.02195
Epoch: 4, loss: 0.01784
Epoch: 5, loss: 0.01618
Epoch: 6, loss: 0.01625
Epoch: 7, loss: 0.01682
Epoch: 8, loss: 0.01752
Epoch: 9, loss: 0.01827
Epoch: 10, loss: 0.01906
Epoch: 11, loss: 0.01986
Epoch: 12, loss: 0.02060
Epoch: 13, loss: 0.02128
Epoch: 14, loss: 0.02196
Epoch: 15, loss: 0.02264
Epoch: 16, loss: 0.02326
Epoch: 17, loss: 0.02371
Epoch: 18, loss: 0.02390
Epoch: 19, loss: 0.02383
Epoch: 20, loss: 0.02355
Epoch: 21, loss: 0.02311
Epoch: 22, loss: 0.02258
Epoch: 23, loss: 0.02199
Epoch: 24, loss: 0.02139
Epoch: 25, loss: 0.02078
Epoch: 26, loss: 0.02018
Epoch: 27, loss: 0.01958
Epoch: 28, loss: 0.01899
Epoch: 29, loss: 0.01841
Epoch: 30, loss: 0.01783
Epoch: 31, loss: 0.01726
Epoch: 32, loss: 0.01669
Epoch: 33, loss: 0.01614
Epoch: 34, loss: 0.01562
Epoch: 35, loss: 0.01513
Epoch: 36, loss: 0.01466
Epoch: 37, loss: 0.01423
Epoch: 38, loss: 0.01383
Epoch: 39, loss: 0.01346
Epoch: 40, loss: 0.01312
Epoch: 41, loss: 0.01281
Epoch: 42, loss: 0.01252
Epoch: 43, loss: 0.01226
Epoch: 44, loss: 0.01203
Epoch: 45, loss: 0.01182
Epoch: 46, loss: 0.01163
Epoch: 47, loss: 0.01146
Epoch: 48, loss: 0.01131
Epoch: 49, loss: 0.01117
Epoch: 50, loss: 0.01104
Epoch: 51, loss: 0.01093
Epoch: 52, loss: 0.01083
Epoch: 53, loss: 0.01073
Epoch: 54, loss: 0.01064
Epoch: 55, loss: 0.01056
Epoch: 56, loss: 0.01049
Epoch: 57, loss: 0.01042
Epoch: 58, loss: 0.01035
Epoch: 59, loss: 0.01029
Epoch: 60, loss: 0.01023
Epoch: 61, loss: 0.01017
Epoch: 62, loss: 0.01012
Epoch: 63, loss: 0.01007
Epoch: 64, loss: 0.01002
Epoch: 65, loss: 0.00997
Epoch: 66, loss: 0.00993
Epoch: 67, loss: 0.00988
Epoch: 68, loss: 0.00984
Epoch: 69, loss: 0.00979
Epoch: 70, loss: 0.00975
Epoch: 71, loss: 0.00971
Epoch: 72, loss: 0.00967
Epoch: 73, loss: 0.00963
Epoch: 74, loss: 0.00959
Epoch: 75, loss: 0.00955
Epoch: 76, loss: 0.00951
Epoch: 77, loss: 0.00947
Epoch: 78, loss: 0.00943
Epoch: 79, loss: 0.00939
Epoch: 80, loss: 0.00935
Epoch: 81, loss: 0.00932
Epoch: 82, loss: 0.00928
Epoch: 83, loss: 0.00924
Epoch: 84, loss: 0.00920
Epoch: 85, loss: 0.00917
Epoch: 86, loss: 0.00913
Epoch: 87, loss: 0.00909
Epoch: 88, loss: 0.00906
Epoch: 89, loss: 0.00902
Epoch: 90, loss: 0.00899
Epoch: 91, loss: 0.00896
Epoch: 92, loss: 0.00892
Epoch: 93, loss: 0.00889
Epoch: 94, loss: 0.00885
Epoch: 95, loss: 0.00883
Epoch: 96, loss: 0.00879
Epoch: 97, loss: 0.00878
Epoch: 98, loss: 0.00873
Epoch: 99, loss: 0.00873
Epoch: 100, loss: 0.00867
Epoch: 101, loss: 0.00870
Epoch: 102, loss: 0.00860
Epoch: 103, loss: 0.00868
Epoch: 104, loss: 0.00852
Epoch: 105, loss: 0.00866
Epoch: 106, loss: 0.00845
Epoch: 107, loss: 0.00864
Epoch: 108, loss: 0.00841
Epoch: 109, loss: 0.00861
Epoch: 110, loss: 0.00842
Epoch: 111, loss: 0.00858
Epoch: 112, loss: 0.00843
Epoch: 113, loss: 0.00855
Epoch: 114, loss: 0.00845
Epoch: 115, loss: 0.00852
Epoch: 116, loss: 0.00845
Epoch: 117, loss: 0.00851
Epoch: 118, loss: 0.00846
Epoch: 119, loss: 0.00849
Epoch: 120, loss: 0.00846
Epoch: 121, loss: 0.00848
Epoch: 122, loss: 0.00845
Epoch: 123, loss: 0.00847
Epoch: 124, loss: 0.00844
Epoch: 125, loss: 0.00845
Epoch: 126, loss: 0.00843
Epoch: 127, loss: 0.00844
Epoch: 128, loss: 0.00842
Epoch: 129, loss: 0.00842
Epoch: 130, loss: 0.00840
Epoch: 131, loss: 0.00840
Epoch: 132, loss: 0.00838
Epoch: 133, loss: 0.00838
Epoch: 134, loss: 0.00836
Epoch: 135, loss: 0.00835
Epoch: 136, loss: 0.00834
Epoch: 137, loss: 0.00833
Epoch: 138, loss: 0.00831
Epoch: 139, loss: 0.00830
Epoch: 140, loss: 0.00829
Epoch: 141, loss: 0.00828
Epoch: 142, loss: 0.00826
Epoch: 143, loss: 0.00825
Epoch: 144, loss: 0.00823
Epoch: 145, loss: 0.00822
Epoch: 146, loss: 0.00821
Epoch: 147, loss: 0.00819
Epoch: 148, loss: 0.00818
Epoch: 149, loss: 0.00817
Epoch: 150, loss: 0.00815
Epoch: 151, loss: 0.00814
Epoch: 152, loss: 0.00812
Epoch: 153, loss: 0.00811
Epoch: 154, loss: 0.00810
Epoch: 155, loss: 0.00808
Epoch: 156, loss: 0.00807
Epoch: 157, loss: 0.00805
Epoch: 158, loss: 0.00804
Epoch: 159, loss: 0.00802
Epoch: 160, loss: 0.00801
Epoch: 161, loss: 0.00799
Epoch: 162, loss: 0.00797
Epoch: 163, loss: 0.00796
Epoch: 164, loss: 0.00794
Epoch: 165, loss: 0.00793
Epoch: 166, loss: 0.00791
Epoch: 167, loss: 0.00789
Epoch: 168, loss: 0.00787
Epoch: 169, loss: 0.00786
Epoch: 170, loss: 0.00784
Epoch: 171, loss: 0.00782
Epoch: 172, loss: 0.00780
Epoch: 173, loss: 0.00779
Epoch: 174, loss: 0.00777
Epoch: 175, loss: 0.00776
Epoch: 176, loss: 0.00774
Epoch: 177, loss: 0.00773
Epoch: 178, loss: 0.00772
Epoch: 179, loss: 0.00771
Epoch: 180, loss: 0.00769
Epoch: 181, loss: 0.00768
Epoch: 182, loss: 0.00767
Epoch: 183, loss: 0.00766
Epoch: 184, loss: 0.00765
Epoch: 185, loss: 0.00764
Epoch: 186, loss: 0.00763
Epoch: 187, loss: 0.00763
Epoch: 188, loss: 0.00762
Epoch: 189, loss: 0.00761
Epoch: 190, loss: 0.00760
Epoch: 191, loss: 0.00760
Epoch: 192, loss: 0.00759
Epoch: 193, loss: 0.00759
Epoch: 194, loss: 0.00758
Epoch: 195, loss: 0.00757
Epoch: 196, loss: 0.00757
Epoch: 197, loss: 0.00756
Epoch: 198, loss: 0.00755
Epoch: 199, loss: 0.00755
Epoch: 200, loss: 0.00754
Epoch: 201, loss: 0.00754
Epoch: 202, loss: 0.00753
Epoch: 203, loss: 0.00753
Epoch: 204, loss: 0.00752
Epoch: 205, loss: 0.00752
Epoch: 206, loss: 0.00750
Epoch: 207, loss: 0.00751
Epoch: 208, loss: 0.00748
Epoch: 209, loss: 0.00751
Epoch: 210, loss: 0.00745
Epoch: 211, loss: 0.00751
Epoch: 212, loss: 0.00742
Epoch: 213, loss: 0.00749
Epoch: 214, loss: 0.00739
Epoch: 215, loss: 0.00747
Epoch: 216, loss: 0.00739
Epoch: 217, loss: 0.00745
Epoch: 218, loss: 0.00739
Epoch: 219, loss: 0.00744
Epoch: 220, loss: 0.00739
Epoch: 221, loss: 0.00742
Epoch: 222, loss: 0.00739
Epoch: 223, loss: 0.00741
Epoch: 224, loss: 0.00738
Epoch: 225, loss: 0.00740
Epoch: 226, loss: 0.00737
Epoch: 227, loss: 0.00739
Epoch: 228, loss: 0.00736
Epoch: 229, loss: 0.00739
Epoch: 230, loss: 0.00734
Epoch: 231, loss: 0.00738
Epoch: 232, loss: 0.00733
Epoch: 233, loss: 0.00736
Epoch: 234, loss: 0.00731
Epoch: 235, loss: 0.00735
Epoch: 236, loss: 0.00730
Epoch: 237, loss: 0.00734
Epoch: 238, loss: 0.00729
Epoch: 239, loss: 0.00732
Epoch: 240, loss: 0.00728
Epoch: 241, loss: 0.00731
Epoch: 242, loss: 0.00728
Epoch: 243, loss: 0.00730
Epoch: 244, loss: 0.00727
Epoch: 245, loss: 0.00729
Epoch: 246, loss: 0.00726
Epoch: 247, loss: 0.00728
Epoch: 248, loss: 0.00724
Epoch: 249, loss: 0.00727
Epoch: 250, loss: 0.00723
Epoch: 251, loss: 0.00726
Epoch: 252, loss: 0.00722
Epoch: 253, loss: 0.00724
Epoch: 254, loss: 0.00721
Epoch: 255, loss: 0.00723
Epoch: 256, loss: 0.00720
Epoch: 257, loss: 0.00722
Epoch: 258, loss: 0.00719
Epoch: 259, loss: 0.00720
Epoch: 260, loss: 0.00717
Epoch: 261, loss: 0.00719
Epoch: 262, loss: 0.00716
Epoch: 263, loss: 0.00718
Epoch: 264, loss: 0.00715
Epoch: 265, loss: 0.00717
Epoch: 266, loss: 0.00714
Epoch: 267, loss: 0.00715
Epoch: 268, loss: 0.00713
Epoch: 269, loss: 0.00714
Epoch: 270, loss: 0.00712
Epoch: 271, loss: 0.00713
Epoch: 272, loss: 0.00711
Epoch: 273, loss: 0.00712
Epoch: 274, loss: 0.00709
Epoch: 275, loss: 0.00710
Epoch: 276, loss: 0.00708
Epoch: 277, loss: 0.00709
Epoch: 278, loss: 0.00707
Epoch: 279, loss: 0.00708
Epoch: 280, loss: 0.00706
Epoch: 281, loss: 0.00707
Epoch: 282, loss: 0.00705
Epoch: 283, loss: 0.00706
Epoch: 284, loss: 0.00704
Epoch: 285, loss: 0.00704
Epoch: 286, loss: 0.00703
Epoch: 287, loss: 0.00703
Epoch: 288, loss: 0.00702
Epoch: 289, loss: 0.00702
Epoch: 290, loss: 0.00701
Epoch: 291, loss: 0.00701
Epoch: 292, loss: 0.00700
Epoch: 293, loss: 0.00700
Epoch: 294, loss: 0.00699
Epoch: 295, loss: 0.00699
Epoch: 296, loss: 0.00698
Epoch: 297, loss: 0.00698
Epoch: 298, loss: 0.00698
Epoch: 299, loss: 0.00697

0:00:42.939509
the relationship between loss and epochs for given hyper parameters
