Loading parflow-ml/latest
  Loading requirement: openmpi/gcc/4.1.0 parflow/3.9.0 gdal/3.2.1
/home/SHARED/software/anaconda3/2020.07e/lib/python3.8/site-packages/setuptools/distutils_patch.py:25: UserWarning: Distutils was imported before Setuptools. This usage is discouraged and may exhibit undesirable behaviors or errors. Please use Setuptools' objects directly or at least import Setuptools first.
  warnings.warn(
/home/qh8373/SBI_TAYLOR/sbi_taylor/scripts/05_utils/sbiutils.py:110: UserWarning: To copy construct from a tensor, it is recommended to use sourceTensor.clone().detach() or sourceTensor.clone().detach().requires_grad_(True), rather than torch.tensor(sourceTensor).
  return torch.tensor(y_out)
warning: file exists
100
warning: file exists
tensor([[ 1.9197e-03],
        [-1.2856e-03],
        [-6.3757e-03],
        [-3.6015e-03],
        [ 1.3719e-03],
        [ 2.9904e-03],
        [ 3.9593e-03],
        [ 3.6112e-03],
        [ 2.6523e-03],
        [ 1.3685e-03],
        [ 1.0920e-03],
        [ 1.5950e-03],
        [-1.8706e-03],
        [-9.4740e-04],
        [ 1.8373e-03],
        [-2.7163e-03],
        [ 3.8445e-05],
        [-5.2854e-04],
        [-8.6806e-04],
        [ 3.1037e-04],
        [-3.0084e-03],
        [ 1.3430e-03],
        [ 1.3632e-04],
        [ 8.6620e-04],
        [ 1.3006e-03],
        [-5.6914e-04],
        [-1.4165e-04],
        [-3.0787e-04],
        [-6.7149e-04],
        [-2.1034e-03],
        [ 4.4817e-03],
        [-1.8108e-03],
        [-1.0940e-03],
        [-6.8752e-04],
        [ 2.2429e-03],
        [ 4.8130e-04],
        [ 3.9741e-04],
        [ 3.5489e-04],
        [ 1.3343e-03],
        [ 7.4877e-04],
        [ 4.4910e-04],
        [-1.9135e-03],
        [-4.0197e-04],
        [ 1.6462e-04],
        [ 9.9941e-04],
        [ 7.6758e-04],
        [-6.4218e-04],
        [-2.3014e-03],
        [-3.2552e-04],
        [-7.3401e-04],
        [-1.2553e-04],
        [ 3.2306e-05],
        [-4.8064e-04],
        [ 1.9896e-03],
        [ 3.3654e-04],
        [-6.2092e-04],
        [-1.6741e-03],
        [-1.0899e-03],
        [-1.5186e-03],
        [-2.3834e-04],
        [-4.7826e-04],
        [ 8.6723e-04],
        [-7.9159e-04],
        [-6.2723e-04],
        [-1.2735e-04],
        [ 1.5315e-04],
        [-1.6348e-03],
        [-1.6325e-03],
        [-1.7327e-03],
        [-6.5280e-04],
        [-1.4649e-03],
        [-2.4517e-03],
        [-1.3352e-03],
        [-1.5130e-03],
        [-4.4636e-04],
        [-8.9544e-04],
        [-8.5437e-04],
        [-9.1314e-04],
        [ 1.7902e-04],
        [-1.2607e-03],
        [-1.0822e-03],
        [-2.2953e-03],
        [-1.2047e-03],
        [-1.6535e-03],
        [ 3.4396e-03],
        [ 3.5891e-03],
        [-1.1513e-03],
        [-1.9110e-03],
        [ 7.5745e-04],
        [ 1.3544e-03],
        [-1.2145e-03],
        [-9.0487e-04],
        [-1.6532e-03],
        [ 1.8581e-03],
        [ 1.6326e-03],
        [-1.3177e-03],
        [-3.2250e-04],
        [-1.9158e-03],
        [-2.1242e-03],
        [-2.4400e-03],
        [-1.7036e-03],
        [-2.6050e-04],
        [-3.5454e-04],
        [-7.3457e-04],
        [ 2.7388e-04],
        [ 1.0984e-03],
        [-5.6841e-04],
        [-1.7969e-03],
        [-9.5572e-04],
        [-1.9367e-03],
        [-7.6448e-04],
        [-3.0696e-04],
        [-4.9332e-04],
        [-2.0170e-03],
        [-2.2462e-03],
        [-2.0189e-03],
        [-1.8255e-03],
        [-3.1409e-04],
        [-2.8737e-05],
        [-2.5111e-04],
        [ 9.4929e-04],
        [-1.6495e-03],
        [ 5.9493e-05],
        [-1.5437e-04],
        [-3.9663e-04],
        [ 7.4232e-04],
        [ 6.7819e-04],
        [-2.7040e-04],
        [-4.1081e-04],
        [ 3.0156e-04],
        [ 6.6642e-04],
        [-1.1978e-03],
        [ 5.3643e-04],
        [-2.5412e-04],
        [-1.5219e-03],
        [-6.4175e-04],
        [ 1.6903e-03],
        [ 1.1052e-03],
        [-3.0472e-03],
        [-1.0663e-04],
        [ 1.5483e-03],
        [ 1.8883e-03],
        [ 1.1046e-03],
        [-3.2814e-03],
        [-1.8967e-03],
        [ 3.4089e-04],
        [-8.9221e-05],
        [-7.6246e-04],
        [-1.6414e-05],
        [ 2.6538e-03],
        [ 1.6187e-03],
        [ 1.6972e-03],
        [ 1.1283e-03],
        [-3.6328e-04],
        [ 7.0028e-04],
        [ 4.2522e-04],
        [ 4.5846e-03],
        [ 3.2361e-03],
        [-1.0416e-03],
        [-1.0409e-03],
        [-6.8281e-04],
        [-3.7458e-03],
        [ 7.5749e-04],
        [-1.2233e-03],
        [-3.3833e-03],
        [ 3.5730e-03],
        [-6.0710e-04],
        [-1.3428e-03],
        [-1.1133e-03],
        [-5.8394e-04],
        [-4.8304e-04],
        [-1.2510e-03],
        [ 3.9931e-04],
        [ 1.0988e-03],
        [ 1.3770e-03],
        [ 2.4485e-03],
        [ 6.7646e-04],
        [-2.1746e-03],
        [ 1.2303e-03],
        [ 4.0590e-03],
        [ 3.0224e-03],
        [ 2.8241e-03],
        [ 2.0481e-03],
        [-2.0071e-03],
        [ 1.7714e-03],
        [-5.1904e-04],
        [ 3.0526e-03],
        [ 3.6375e-03],
        [ 2.0064e-03],
        [ 6.3043e-03],
        [ 6.5586e-03],
        [ 2.9905e-03],
        [ 1.7576e-03],
        [ 5.2762e-03],
        [ 8.1085e-03],
        [ 8.2242e-03],
        [ 2.3217e-02],
        [ 5.9862e-02],
        [ 5.8766e-02],
        [ 4.6525e-02],
        [ 6.0365e-02],
        [ 3.8938e-02],
        [ 5.1040e-02],
        [ 6.6571e-02],
        [ 5.3291e-02],
        [ 5.6041e-02],
        [ 3.8424e-02],
        [ 2.7985e-02],
        [ 5.8656e-02],
        [ 8.5299e-02],
        [ 8.8719e-02],
        [ 8.4624e-02],
        [ 1.0458e-01],
        [ 1.7863e-01],
        [ 2.9479e-01],
        [ 3.1768e-01],
        [ 2.5771e-01],
        [ 2.1273e-01],
        [ 1.8691e-01],
        [ 2.0809e-01],
        [ 2.8391e-01],
        [ 3.1764e-01],
        [ 3.2064e-01],
        [ 2.9453e-01],
        [ 2.7294e-01],
        [ 2.0277e-01],
        [ 1.6392e-01],
        [ 1.6894e-01],
        [ 1.5170e-01],
        [ 1.5527e-01],
        [ 2.0865e-01],
        [ 3.5800e-01],
        [ 5.0952e-01],
        [ 5.3876e-01],
        [ 5.6474e-01],
        [ 5.9418e-01],
        [ 5.8751e-01],
        [ 5.0996e-01],
        [ 3.7330e-01],
        [ 3.0560e-01],
        [ 2.7479e-01],
        [ 3.4023e-01],
        [ 5.3267e-01],
        [ 7.0511e-01],
        [ 7.9964e-01],
        [ 8.3002e-01],
        [ 8.5684e-01],
        [ 8.1582e-01],
        [ 5.2296e-01],
        [ 3.7810e-01],
        [ 3.4970e-01],
        [ 3.1953e-01],
        [ 2.8383e-01],
        [ 2.6370e-01],
        [ 2.4486e-01],
        [ 2.2134e-01],
        [ 1.8812e-01],
        [ 2.2860e-01],
        [ 3.6320e-01],
        [ 4.3586e-01],
        [ 4.7837e-01],
        [ 4.2771e-01],
        [ 3.4628e-01],
        [ 2.6898e-01],
        [ 2.1113e-01],
        [ 1.4971e-01],
        [ 1.2275e-01],
        [ 1.0728e-01],
        [ 1.0341e-01],
        [ 1.0201e-01],
        [ 1.0473e-01],
        [ 1.0272e-01],
        [ 1.0663e-01],
        [ 9.4393e-02],
        [ 8.4298e-02],
        [ 7.7780e-02],
        [ 6.6906e-02],
        [ 5.5086e-02],
        [ 4.8203e-02],
        [ 4.2914e-02],
        [ 3.7871e-02],
        [ 3.2286e-02],
        [ 2.9726e-02],
        [ 2.8720e-02],
        [ 2.1407e-02],
        [ 2.0350e-02],
        [ 1.8710e-02],
        [ 1.4755e-02],
        [ 1.6057e-02],
        [ 1.3687e-02],
        [ 1.6007e-02],
        [ 1.0106e-02],
        [ 9.5987e-03],
        [ 5.5414e-03],
        [ 6.1906e-03],
        [ 5.8880e-03],
        [ 3.2923e-03],
        [ 2.5933e-03],
        [ 4.5137e-03],
        [ 3.1273e-03],
        [ 6.4867e-03],
        [ 7.7493e-03],
        [ 6.7759e-03],
        [ 5.3734e-03],
        [ 8.4131e-03],
        [ 8.2337e-03],
        [ 5.8971e-03],
        [ 1.0807e-02],
        [ 6.0515e-03],
        [ 1.5291e-02],
        [ 7.3581e-03],
        [ 7.7159e-03],
        [ 1.0221e-02],
        [ 1.4654e-02],
        [ 1.7521e-02],
        [ 1.8499e-02],
        [ 1.4461e-02],
        [ 1.7552e-02],
        [ 1.2328e-02],
        [ 2.0209e-02],
        [ 1.7773e-02],
        [ 9.5797e-03],
        [ 1.2234e-02],
        [ 1.1003e-02],
        [ 9.9106e-03],
        [ 5.2753e-03],
        [ 7.5870e-03],
        [ 1.3719e-02],
        [ 1.8259e-02],
        [ 1.1757e-02],
        [ 1.2823e-02],
        [ 1.3007e-02],
        [ 9.8857e-03],
        [ 8.9595e-03],
        [ 7.4555e-03],
        [ 3.9016e-03],
        [ 5.3783e-03],
        [ 6.2104e-03],
        [ 6.6138e-03],
        [ 1.0398e-02],
        [ 1.1454e-02],
        [ 7.1251e-03],
        [ 1.3968e-02],
        [ 6.0040e-04],
        [ 5.1915e-03],
        [ 4.5066e-03],
        [ 4.4290e-04],
        [ 5.9174e-03],
        [ 3.9058e-03],
        [ 2.1589e-03]], grad_fn=<AddmmBackward>)
noise_added
tensor([[ 0.0019,  0.0019,  0.0019,  ...,  0.0019,  0.0019,  0.0019],
        [-0.0013, -0.0013, -0.0013,  ..., -0.0013, -0.0013, -0.0013],
        [-0.0064, -0.0064, -0.0064,  ..., -0.0064, -0.0064, -0.0064],
        ...,
        [ 0.0059,  0.0059,  0.0059,  ...,  0.0059,  0.0059,  0.0059],
        [ 0.0039,  0.0039,  0.0039,  ...,  0.0039,  0.0039,  0.0039],
        [ 0.0022,  0.0022,  0.0022,  ...,  0.0022,  0.0022,  0.0022]],
       grad_fn=<AddBackward0>)
