Loading parflow-ml/latest
  Loading requirement: openmpi/gcc/4.1.0 parflow/3.9.0 gdal/3.2.1
/home/qh8373/SBI_TAYLOR/sbi_taylor/scripts/05_utils/lstmutils.py:177: SettingWithCopyWarning: 
A value is trying to be set on a copy of a slice from a DataFrame.
Try using .loc[row_indexer,col_indexer] = value instead

See the caveats in the documentation: https://pandas.pydata.org/pandas-docs/stable/user_guide/indexing.html#returning-a-view-versus-a-copy
  data_window[f'AOC_{l}'] = AOC_scale[l]
/home/qh8373/SBI_TAYLOR/sbi_taylor/scripts/05_utils/lstmutils.py:179: SettingWithCopyWarning: 
A value is trying to be set on a copy of a slice from a DataFrame.
Try using .loc[row_indexer,col_indexer] = value instead

See the caveats in the documentation: https://pandas.pydata.org/pandas-docs/stable/user_guide/indexing.html#returning-a-view-versus-a-copy
  data_window['Y'] = data[member_name]
saving
Epoch: 0, loss: 0.00082
Epoch: 1, loss: 0.00069
Epoch: 2, loss: 0.00062
Epoch: 3, loss: 0.00051
Epoch: 4, loss: 0.00038
Epoch: 5, loss: 0.00031
Epoch: 6, loss: 0.00033
Epoch: 7, loss: 0.00038
Epoch: 8, loss: 0.00039
Epoch: 9, loss: 0.00037

0:00:12.357939
the relationship between loss and epochs for given hyper parameters
