Loading parflow-ml/latest
  Loading requirement: openmpi/gcc/4.1.0 parflow/3.9.0 gdal/3.2.1
/home/qh8373/SBI_TAYLOR/sbi_taylor/scripts/05_utils/lstmutils.py:177: SettingWithCopyWarning: 
A value is trying to be set on a copy of a slice from a DataFrame.
Try using .loc[row_indexer,col_indexer] = value instead

See the caveats in the documentation: https://pandas.pydata.org/pandas-docs/stable/user_guide/indexing.html#returning-a-view-versus-a-copy
  data_window[f'AOC_{l}'] = AOC_scale[l]
/home/qh8373/SBI_TAYLOR/sbi_taylor/scripts/05_utils/lstmutils.py:179: SettingWithCopyWarning: 
A value is trying to be set on a copy of a slice from a DataFrame.
Try using .loc[row_indexer,col_indexer] = value instead

See the caveats in the documentation: https://pandas.pydata.org/pandas-docs/stable/user_guide/indexing.html#returning-a-view-versus-a-copy
  data_window['Y'] = data[member_name]
warning: file exists
saving
09_04_test_00
Epoch: 0, loss: 0.01950
Epoch: 1, loss: 0.01323
Epoch: 2, loss: 0.01109
Epoch: 3, loss: 0.00981
Epoch: 4, loss: 0.00907
Epoch: 5, loss: 0.00864
Epoch: 6, loss: 0.00840
Epoch: 7, loss: 0.00826
Epoch: 8, loss: 0.00818
Epoch: 9, loss: 0.00813
Epoch: 10, loss: 0.00809
Epoch: 11, loss: 0.00808
Epoch: 12, loss: 0.00809
Epoch: 13, loss: 0.00811
Epoch: 14, loss: 0.00814
Epoch: 15, loss: 0.00818
Epoch: 16, loss: 0.00823
Epoch: 17, loss: 0.00827
Epoch: 18, loss: 0.00828
Epoch: 19, loss: 0.00825
Epoch: 20, loss: 0.00816
Epoch: 21, loss: 0.00799
Epoch: 22, loss: 0.00774
Epoch: 23, loss: 0.00741
Epoch: 24, loss: 0.00704
Epoch: 25, loss: 0.00664
Epoch: 26, loss: 0.00623
Epoch: 27, loss: 0.00582
Epoch: 28, loss: 0.00542
Epoch: 29, loss: 0.00504
Epoch: 30, loss: 0.00469
Epoch: 31, loss: 0.00442
Epoch: 32, loss: 0.00429
Epoch: 33, loss: 0.00424
Epoch: 34, loss: 0.00410
Epoch: 35, loss: 0.00391
Epoch: 36, loss: 0.00373
Epoch: 37, loss: 0.00360
Epoch: 38, loss: 0.00352
Epoch: 39, loss: 0.00345
Epoch: 40, loss: 0.00338
Epoch: 41, loss: 0.00332
Epoch: 42, loss: 0.00325
Epoch: 43, loss: 0.00320
Epoch: 44, loss: 0.00314
Epoch: 45, loss: 0.00309
Epoch: 46, loss: 0.00305
Epoch: 47, loss: 0.00301
Epoch: 48, loss: 0.00298
Epoch: 49, loss: 0.00295
Epoch: 50, loss: 0.00292
Epoch: 51, loss: 0.00290
Epoch: 52, loss: 0.00287
Epoch: 53, loss: 0.00285
Epoch: 54, loss: 0.00283
Epoch: 55, loss: 0.00282
Epoch: 56, loss: 0.00280
Epoch: 57, loss: 0.00278
Epoch: 58, loss: 0.00277
Epoch: 59, loss: 0.00275
Epoch: 60, loss: 0.00274
Epoch: 61, loss: 0.00273
Epoch: 62, loss: 0.00271
Epoch: 63, loss: 0.00270
Epoch: 64, loss: 0.00269
Epoch: 65, loss: 0.00268
Epoch: 66, loss: 0.00267
Epoch: 67, loss: 0.00265
Epoch: 68, loss: 0.00264
Epoch: 69, loss: 0.00263
Epoch: 70, loss: 0.00262
Epoch: 71, loss: 0.00261
Epoch: 72, loss: 0.00261
Epoch: 73, loss: 0.00260
Epoch: 74, loss: 0.00259
Epoch: 75, loss: 0.00258
Epoch: 76, loss: 0.00258
Epoch: 77, loss: 0.00257
Epoch: 78, loss: 0.00257
Epoch: 79, loss: 0.00256
Epoch: 80, loss: 0.00256
Epoch: 81, loss: 0.00256
Epoch: 82, loss: 0.00255
Epoch: 83, loss: 0.00255
Epoch: 84, loss: 0.00255
Epoch: 85, loss: 0.00254
Epoch: 86, loss: 0.00254
Epoch: 87, loss: 0.00254
Epoch: 88, loss: 0.00254
Epoch: 89, loss: 0.00253
Epoch: 90, loss: 0.00253
Epoch: 91, loss: 0.00253
Epoch: 92, loss: 0.00252
Epoch: 93, loss: 0.00252
Epoch: 94, loss: 0.00251
Epoch: 95, loss: 0.00251
Epoch: 96, loss: 0.00251
Epoch: 97, loss: 0.00250
Epoch: 98, loss: 0.00250
Epoch: 99, loss: 0.00249
Epoch: 100, loss: 0.00249
Epoch: 101, loss: 0.00248
Epoch: 102, loss: 0.00247
Epoch: 103, loss: 0.00247
Epoch: 104, loss: 0.00246
Epoch: 105, loss: 0.00246
Epoch: 106, loss: 0.00245
Epoch: 107, loss: 0.00245
Epoch: 108, loss: 0.00244
Epoch: 109, loss: 0.00243
Epoch: 110, loss: 0.00243
Epoch: 111, loss: 0.00242
Epoch: 112, loss: 0.00242
Epoch: 113, loss: 0.00241
Epoch: 114, loss: 0.00241
Epoch: 115, loss: 0.00240
Epoch: 116, loss: 0.00239
Epoch: 117, loss: 0.00239
Epoch: 118, loss: 0.00238
Epoch: 119, loss: 0.00238
Epoch: 120, loss: 0.00237
Epoch: 121, loss: 0.00237
Epoch: 122, loss: 0.00237
Epoch: 123, loss: 0.00236
Epoch: 124, loss: 0.00236
Epoch: 125, loss: 0.00235
Epoch: 126, loss: 0.00235
Epoch: 127, loss: 0.00235
Epoch: 128, loss: 0.00234
Epoch: 129, loss: 0.00234
Epoch: 130, loss: 0.00234
Epoch: 131, loss: 0.00233
Epoch: 132, loss: 0.00234
Epoch: 133, loss: 0.00233
Epoch: 134, loss: 0.00234
Epoch: 135, loss: 0.00233
Epoch: 136, loss: 0.00234
Epoch: 137, loss: 0.00233
Epoch: 138, loss: 0.00234
Epoch: 139, loss: 0.00233
Epoch: 140, loss: 0.00234
Epoch: 141, loss: 0.00232
Epoch: 142, loss: 0.00235
Epoch: 143, loss: 0.00233
Epoch: 144, loss: 0.00237
Epoch: 145, loss: 0.00232
Epoch: 146, loss: 0.00239
Epoch: 147, loss: 0.00232
Epoch: 148, loss: 0.00241
Epoch: 149, loss: 0.00232
Epoch: 150, loss: 0.00245
Epoch: 151, loss: 0.00231
Epoch: 152, loss: 0.00251
Epoch: 153, loss: 0.00228
Epoch: 154, loss: 0.00260
Epoch: 155, loss: 0.00225
Epoch: 156, loss: 0.00272
Epoch: 157, loss: 0.00220
Epoch: 158, loss: 0.00289
Epoch: 159, loss: 0.00215
Epoch: 160, loss: 0.00308
Epoch: 161, loss: 0.00211
Epoch: 162, loss: 0.00325
Epoch: 163, loss: 0.00212
Epoch: 164, loss: 0.00333
Epoch: 165, loss: 0.00221
Epoch: 166, loss: 0.00333
Epoch: 167, loss: 0.00236
Epoch: 168, loss: 0.00330
Epoch: 169, loss: 0.00255
Epoch: 170, loss: 0.00329
Epoch: 171, loss: 0.00276
Epoch: 172, loss: 0.00329
Epoch: 173, loss: 0.00296
Epoch: 174, loss: 0.00332
Epoch: 175, loss: 0.00316
Epoch: 176, loss: 0.00340
Epoch: 177, loss: 0.00336
Epoch: 178, loss: 0.00351
Epoch: 179, loss: 0.00352
Epoch: 180, loss: 0.00361
Epoch: 181, loss: 0.00365
Epoch: 182, loss: 0.00370
Epoch: 183, loss: 0.00373
Epoch: 184, loss: 0.00375
Epoch: 185, loss: 0.00375
Epoch: 186, loss: 0.00374
Epoch: 187, loss: 0.00372
Epoch: 188, loss: 0.00368
Epoch: 189, loss: 0.00364
Epoch: 190, loss: 0.00360
Epoch: 191, loss: 0.00356
Epoch: 192, loss: 0.00351
Epoch: 193, loss: 0.00347
Epoch: 194, loss: 0.00343
Epoch: 195, loss: 0.00339
Epoch: 196, loss: 0.00336
Epoch: 197, loss: 0.00333
Epoch: 198, loss: 0.00330
Epoch: 199, loss: 0.00327
Epoch: 200, loss: 0.00325
Epoch: 201, loss: 0.00323
Epoch: 202, loss: 0.00322
Epoch: 203, loss: 0.00320
Epoch: 204, loss: 0.00319
Epoch: 205, loss: 0.00318
Epoch: 206, loss: 0.00317
Epoch: 207, loss: 0.00317
Epoch: 208, loss: 0.00316
Epoch: 209, loss: 0.00316
Epoch: 210, loss: 0.00316
Epoch: 211, loss: 0.00316
Epoch: 212, loss: 0.00316
Epoch: 213, loss: 0.00316
Epoch: 214, loss: 0.00316
Epoch: 215, loss: 0.00316
Epoch: 216, loss: 0.00316
Epoch: 217, loss: 0.00317
Epoch: 218, loss: 0.00317
Epoch: 219, loss: 0.00317
Epoch: 220, loss: 0.00318
Epoch: 221, loss: 0.00318
Epoch: 222, loss: 0.00319
Epoch: 223, loss: 0.00319
Epoch: 224, loss: 0.00320
Epoch: 225, loss: 0.00321
Epoch: 226, loss: 0.00321
Epoch: 227, loss: 0.00322
Epoch: 228, loss: 0.00323
Epoch: 229, loss: 0.00324
Epoch: 230, loss: 0.00325
Epoch: 231, loss: 0.00326
Epoch: 232, loss: 0.00327
Epoch: 233, loss: 0.00329
Epoch: 234, loss: 0.00330
Epoch: 235, loss: 0.00332
Epoch: 236, loss: 0.00334
Epoch: 237, loss: 0.00336
Epoch: 238, loss: 0.00339
Epoch: 239, loss: 0.00341
Epoch: 240, loss: 0.00342
Epoch: 241, loss: 0.00342
Epoch: 242, loss: 0.00340
Epoch: 243, loss: 0.00336
Epoch: 244, loss: 0.00330
Epoch: 245, loss: 0.00323
Epoch: 246, loss: 0.00315
Epoch: 247, loss: 0.00307
Epoch: 248, loss: 0.00300
Epoch: 249, loss: 0.00294
Epoch: 250, loss: 0.00289
Epoch: 251, loss: 0.00284
Epoch: 252, loss: 0.00280
Epoch: 253, loss: 0.00277
Epoch: 254, loss: 0.00274
Epoch: 255, loss: 0.00272
Epoch: 256, loss: 0.00270
Epoch: 257, loss: 0.00269
Epoch: 258, loss: 0.00268
Epoch: 259, loss: 0.00267
Epoch: 260, loss: 0.00266
Epoch: 261, loss: 0.00265
Epoch: 262, loss: 0.00265
Epoch: 263, loss: 0.00264
Epoch: 264, loss: 0.00264
Epoch: 265, loss: 0.00264
Epoch: 266, loss: 0.00264
Epoch: 267, loss: 0.00264
Epoch: 268, loss: 0.00264
Epoch: 269, loss: 0.00264
Epoch: 270, loss: 0.00264
Epoch: 271, loss: 0.00264
Epoch: 272, loss: 0.00264
Epoch: 273, loss: 0.00265
Epoch: 274, loss: 0.00265
Epoch: 275, loss: 0.00265
Epoch: 276, loss: 0.00265
Epoch: 277, loss: 0.00266
Epoch: 278, loss: 0.00266
Epoch: 279, loss: 0.00267
Epoch: 280, loss: 0.00267
Epoch: 281, loss: 0.00267
Epoch: 282, loss: 0.00268
Epoch: 283, loss: 0.00268
Epoch: 284, loss: 0.00269
Epoch: 285, loss: 0.00269
Epoch: 286, loss: 0.00270
Epoch: 287, loss: 0.00270
Epoch: 288, loss: 0.00271
Epoch: 289, loss: 0.00271
Epoch: 290, loss: 0.00271
Epoch: 291, loss: 0.00272
Epoch: 292, loss: 0.00272
Epoch: 293, loss: 0.00273
Epoch: 294, loss: 0.00273
Epoch: 295, loss: 0.00274
Epoch: 296, loss: 0.00274
Epoch: 297, loss: 0.00274
Epoch: 298, loss: 0.00275
Epoch: 299, loss: 0.00275

0:00:42.531135
the relationship between loss and epochs for given hyper parameters
Traceback (most recent call last):
  File "lstm_sbi.py", line 62, in <module>
    buildLSTM(lstm_name, save_path, save, shuffle_it_in, num_members, ensemble_name, ensemble_path)
  File "/home/qh8373/SBI_TAYLOR/sbi_taylor/scripts/03_sbi_lstm/lstm_build.py", line 241, in buildLSTM
    temp_df = df.loc[idx]
NameError: name 'df' is not defined
